2023-11-28 14:27:09 [@verone-HP-ProBook-440-G5]
Interne #1 : Démarrage contract
2023-11-28 14:27:31 [@verone-HP-ProBook-440-G5]
Interne #1 : Démarrage infocom
2023-11-28 15:14:14 [2@verone-HP-ProBook-440-G5]
Interne #1 : Démarrage mailgate
2023-11-28 16:41:13 [2@verone-HP-ProBook-440-G5]
Interne #1 : Démarrage RecurrentItems
2023-11-28 16:52:08 [2@verone-HP-ProBook-440-G5]
Interne #1 : Démarrage reservation
2023-11-28 16:53:04 [@verone-HP-ProBook-440-G5]
Internal #1: Launch slaticket
2023-11-28 16:53:47 [@verone-HP-ProBook-440-G5]
Internal #1: Launch mailgate
2023-11-28 16:54:27 [@verone-HP-ProBook-440-G5]
An error occurred trying to connect to the collector.<br/>cannot connect to host; error = stream_socket_client(): Unable to connect to tcp://172.26.41.11:143 (Connection timed out) (errno = 0 )
2023-11-28 17:19:14 [2@verone-HP-ProBook-440-G5]
Interne #1 : Démarrage planningrecall
2023-11-29 08:27:44 [2@verone-HP-ProBook-440-G5]
Interne #1 : Démarrage graph
2023-11-29 08:37:08 [2@verone-HP-ProBook-440-G5]
Interne #1 : Démarrage mailgateerror
2023-11-29 09:52:43 [2@verone-HP-ProBook-440-G5]
Interne #1 : Démarrage alertnotclosed
2023-11-29 10:16:19 [2@verone-HP-ProBook-440-G5]
Interne #1 : Démarrage queuednotificationclean
2023-11-29 10:22:05 [2@verone-HP-ProBook-440-G5]
Interne #1 : Démarrage certificate
2023-11-29 10:27:27 [2@verone-HP-ProBook-440-G5]
Interne #1 : Démarrage contract
2023-11-29 10:43:09 [2@verone-HP-ProBook-440-G5]
Interne #1 : Démarrage session
2023-11-29 10:49:01 [2@verone-HP-ProBook-440-G5]
Interne #1 : Démarrage createinquest
2023-11-29 10:49:33 [2@verone-HP-ProBook-440-G5]
Interne #1 : Démarrage mailgate
2023-11-29 10:57:00 [2@verone-HP-ProBook-440-G5]
Interne #1 : Démarrage infocom
2023-11-29 12:41:52 [2@verone-HP-ProBook-440-G5]
Interne #1 : Démarrage watcher
2023-11-29 12:57:20 [2@verone-HP-ProBook-440-G5]
Interne #1 : Démarrage telemetry
2023-11-29 13:05:44 [2@verone-HP-ProBook-440-G5]
Interne #1 : Démarrage temp
2023-11-29 13:15:52 [2@verone-HP-ProBook-440-G5]
Interne #1 : Démarrage slaticket
2023-11-29 13:21:13 [2@verone-HP-ProBook-440-G5]
Interne #1 : Démarrage planningrecall
2023-11-29 13:26:36 [2@verone-HP-ProBook-440-G5]
Interne #1 : Démarrage RecurrentItems
2023-11-29 13:38:31 [2@verone-HP-ProBook-440-G5]
Interne #1 : Démarrage reservation
2023-11-29 13:39:42 [2@verone-HP-ProBook-440-G5]
Interne #1 : Démarrage mailgate
2023-11-29 13:45:52 [2@verone-HP-ProBook-440-G5]
Interne #1 : Démarrage mailgateerror
2023-11-29 13:51:41 [2@verone-HP-ProBook-440-G5]
Interne #1 : Démarrage graph
2023-11-29 13:59:44 [2@verone-HP-ProBook-440-G5]
Interne #1 : Démarrage slaticket
2023-11-29 14:08:03 [2@verone-HP-ProBook-440-G5]
Interne #1 : Démarrage planningrecall
2023-11-29 14:15:06 [2@verone-HP-ProBook-440-G5]
Interne #1 : Démarrage mailgate
2023-11-29 14:16:07 [2@verone-HP-ProBook-440-G5]
Une erreur est survenue lors de la connexion au collecteur.<br/>cannot read - connection closed?
2023-11-29 14:22:11 [2@verone-HP-ProBook-440-G5]
Interne #1 : Démarrage mailgateerror
2023-11-29 14:36:59 [2@verone-HP-ProBook-440-G5]
Interne #1 : Démarrage slaticket
2023-11-29 14:43:30 [2@verone-HP-ProBook-440-G5]
Interne #1 : Démarrage temp
2023-11-29 14:49:04 [2@verone-HP-ProBook-440-G5]
Interne #1 : Démarrage planningrecall
2023-11-29 14:54:18 [2@verone-HP-ProBook-440-G5]
Interne #1 : Démarrage mailgate
2023-11-29 15:01:20 [2@verone-HP-ProBook-440-G5]
Interne #1 : Démarrage RecurrentItems
2023-11-29 15:12:52 [2@verone-HP-ProBook-440-G5]
Interne #1 : Démarrage mailgateerror
2023-11-29 15:15:48 [2@verone-HP-ProBook-440-G5]
Interne #1 : Démarrage mailgate
2023-11-29 15:18:20 [2@verone-HP-ProBook-440-G5]
Interne #1 : Démarrage reservation
2023-11-29 15:23:46 [2@verone-HP-ProBook-440-G5]
Interne #1 : Démarrage mailgate
2023-11-29 15:23:55 [2@verone-HP-ProBook-440-G5]
Interne #1 : Démarrage slaticket
2023-11-29 15:26:41 [2@verone-HP-ProBook-440-G5]
Interne #1 : Démarrage mailgate
2023-11-29 15:34:10 [2@verone-HP-ProBook-440-G5]
Interne #1 : Démarrage graph
2023-11-29 15:35:46 [2@verone-HP-ProBook-440-G5]
Interne #1 : Démarrage mailgate
2023-11-29 15:38:48 [2@verone-HP-ProBook-440-G5]
Interne #1 : Démarrage mailgate
2023-11-29 15:40:43 [2@verone-HP-ProBook-440-G5]
Interne #1 : Démarrage planningrecall
2023-11-29 15:42:26 [2@verone-HP-ProBook-440-G5]
Interne #1 : Démarrage mailgate
2023-11-29 15:45:14 [2@verone-HP-ProBook-440-G5]
Interne #1 : Démarrage mailgate
2023-11-29 15:46:05 [2@verone-HP-ProBook-440-G5]
Interne #1 : Démarrage mailgateerror
2023-11-29 15:46:49 [2@verone-HP-ProBook-440-G5]
Interne #1 : Démarrage mailgate
2023-11-29 15:49:36 [2@verone-HP-ProBook-440-G5]
Interne #1 : Démarrage mailgate
2023-11-29 15:51:18 [2@verone-HP-ProBook-440-G5]
Interne #1 : Démarrage mailgate
2023-11-29 15:52:20 [2@verone-HP-ProBook-440-G5]
Interne #1 : Démarrage slaticket
2023-11-29 15:53:26 [2@verone-HP-ProBook-440-G5]
Interne #1 : Démarrage mailgate
2023-11-29 15:55:24 [2@verone-HP-ProBook-440-G5]
Interne #1 : Démarrage mailgate
2023-11-29 15:59:28 [2@verone-HP-ProBook-440-G5]
Interne #1 : Démarrage temp
2023-11-29 15:59:45 [2@verone-HP-ProBook-440-G5]
Interne #1 : Démarrage mailgate
2023-11-29 16:03:02 [2@verone-HP-ProBook-440-G5]
Interne #1 : Démarrage mailgate
2023-11-29 16:04:36 [2@verone-HP-ProBook-440-G5]
Interne #1 : Démarrage planningrecall
2023-11-29 16:05:34 [2@verone-HP-ProBook-440-G5]
Interne #1 : Démarrage mailgate
2023-11-29 16:07:56 [2@verone-HP-ProBook-440-G5]
Interne #1 : Démarrage mailgate
2023-11-29 16:09:37 [2@verone-HP-ProBook-440-G5]
Interne #1 : Démarrage mailgateerror
2023-11-29 16:09:45 [2@verone-HP-ProBook-440-G5]
Interne #1 : Démarrage mailgate
2023-11-29 16:11:45 [2@verone-HP-ProBook-440-G5]
Interne #1 : Démarrage mailgate
2023-11-29 16:15:20 [2@verone-HP-ProBook-440-G5]
Interne #1 : Démarrage slaticket
2023-11-29 16:15:38 [2@verone-HP-ProBook-440-G5]
Interne #1 : Démarrage mailgate
2023-11-29 16:15:47 [2@verone-HP-ProBook-440-G5]
Interne #1 : Démarrage mailgate
2023-11-29 16:16:10 [2@verone-HP-ProBook-440-G5]
Interne #1 : Démarrage mailgate
2023-11-29 16:19:47 [2@verone-HP-ProBook-440-G5]
Interne #1 : Démarrage mailgate
2023-11-29 16:20:30 [2@verone-HP-ProBook-440-G5]
Interne #1 : Démarrage RecurrentItems
2023-11-29 17:09:53 [2@verone-HP-ProBook-440-G5]
Interne #1 : Démarrage planningrecall
2023-11-29 17:28:30 [2@verone-HP-ProBook-440-G5]
Interne #1 : Démarrage reservation
2023-11-29 17:33:39 [2@verone-HP-ProBook-440-G5]
Interne #1 : Démarrage mailgateerror
2023-11-29 17:35:35 [2@verone-HP-ProBook-440-G5]
Interne #1 : Démarrage mailgate
2023-11-29 17:36:41 [2@verone-HP-ProBook-440-G5]
Interne #1 : Démarrage mailgate
2023-11-29 17:39:04 [2@verone-HP-ProBook-440-G5]
Interne #1 : Démarrage slaticket
2023-11-29 17:45:06 [2@verone-HP-ProBook-440-G5]
Interne #1 : Démarrage graph
2023-11-29 17:45:13 [2@verone-HP-ProBook-440-G5]
Interne #1 : Démarrage mailgate
2023-11-29 18:04:30 [2@verone-HP-ProBook-440-G5]
Interne #1 : Démarrage temp
2023-11-29 18:09:44 [2@verone-HP-ProBook-440-G5]
Interne #1 : Démarrage planningrecall
2023-11-29 18:13:59 [2@verone-HP-ProBook-440-G5]
Interne #1 : Démarrage mailgate
2023-11-29 18:15:47 [2@verone-HP-ProBook-440-G5]
Interne #1 : Démarrage RecurrentItems
2023-11-29 18:16:01 [2@verone-HP-ProBook-440-G5]
Interne #1 : Démarrage mailgate
2023-11-29 18:18:50 [2@verone-HP-ProBook-440-G5]
Interne #1 : Démarrage mailgate
2023-11-29 18:23:47 [2@verone-HP-ProBook-440-G5]
Interne #1 : Démarrage mailgate
2023-11-29 18:24:04 [2@verone-HP-ProBook-440-G5]
Interne #1 : Démarrage mailgateerror
2023-12-04 09:13:21 [2@verone-HP-ProBook-440-G5]
Interne #1 : Démarrage slaticket
2023-12-04 10:15:50 [2@verone-HP-ProBook-440-G5]
Interne #1 : Démarrage planningrecall
2023-12-04 11:20:07 [2@verone-HP-ProBook-440-G5]
Interne #1 : Démarrage mailgate
2023-12-04 11:20:30 [2@verone-HP-ProBook-440-G5]
Interne #1 : Démarrage reservation
2023-12-04 11:25:38 [@verone-HP-ProBook-440-G5]
Internal #1: Launch mailgateerror
2023-12-04 11:45:06 [2@verone-HP-ProBook-440-G5]
Interne #1 : Démarrage graph
2023-12-04 12:15:58 [2@verone-HP-ProBook-440-G5]
Interne #1 : Démarrage temp
2023-12-04 12:21:31 [2@verone-HP-ProBook-440-G5]
Interne #1 : Démarrage RecurrentItems
2023-12-04 13:08:29 [2@verone-HP-ProBook-440-G5]
Interne #1 : Démarrage alertnotclosed
2023-12-04 13:21:17 [2@verone-HP-ProBook-440-G5]
Interne #1 : Démarrage queuednotificationclean
2023-12-04 14:01:25 [2@verone-HP-ProBook-440-G5]
Interne #1 : Démarrage certificate
2023-12-04 17:56:16 [@verone-HP-ProBook-440-G5]
Internal #1: Launch contract
2023-12-04 17:59:55 [@verone-HP-ProBook-440-G5]
Internal #1: Launch session
2023-12-05 11:35:18 [@verone-HP-ProBook-440-G5]
Internal #1: Launch createinquest
2023-12-05 11:35:50 [@verone-HP-ProBook-440-G5]
Internal #1: Launch infocom
2023-12-05 11:36:23 [@verone-HP-ProBook-440-G5]
Internal #1: Launch watcher
2023-12-07 11:58:21 [2@verone-HP-ProBook-440-G5]
Interne #1 : Démarrage slaticket
2023-12-07 12:26:06 [2@verone-HP-ProBook-440-G5]
Interne #1 : Démarrage planningrecall
2023-12-08 12:19:58 [2@verone-HP-ProBook-440-G5]
Interne #1 : Démarrage mailgateerror
2023-12-13 08:32:19 [2@verone-HP-ProBook-440-G5]
Interne #1 : Démarrage telemetry
2023-12-13 08:40:53 [2@verone-HP-ProBook-440-G5]
Interne #1 : Démarrage planningrecall
2023-12-13 12:48:57 [2@verone-HP-ProBook-440-G5]
Interne #1 : Démarrage slaticket
2023-12-13 13:13:05 [2@verone-HP-ProBook-440-G5]
Interne #1 : Démarrage infocom
2023-12-13 13:18:10 [2@verone-HP-ProBook-440-G5]
Interne #1 : Démarrage reservation
2023-12-13 13:39:41 [2@verone-HP-ProBook-440-G5]
Interne #1 : Démarrage RecurrentItems
2023-12-13 13:51:19 [2@verone-HP-ProBook-440-G5]
Interne #1 : Démarrage temp
2023-12-13 13:58:13 [2@verone-HP-ProBook-440-G5]
Interne #1 : Démarrage graph
2023-12-13 14:13:49 [2@verone-HP-ProBook-440-G5]
Interne #1 : Démarrage watcher
2023-12-13 14:14:25 [2@verone-HP-ProBook-440-G5]
Interne #1 : Démarrage mailgate
2023-12-13 14:16:34 [2@verone-HP-ProBook-440-G5]
Interne #1 : Démarrage mailgate
2023-12-13 14:18:41 [2@verone-HP-ProBook-440-G5]
Interne #1 : Démarrage mailgate
2023-12-13 14:21:33 [2@verone-HP-ProBook-440-G5]
Interne #1 : Démarrage queuednotificationclean
2023-12-13 14:32:10 [2@verone-HP-ProBook-440-G5]
Interne #1 : Démarrage certificate
2023-12-13 14:36:29 [2@verone-HP-ProBook-440-G5]
Interne #1 : Démarrage mailgate
2023-12-13 14:37:26 [2@verone-HP-ProBook-440-G5]
Interne #1 : Démarrage alertnotclosed
2023-12-13 15:09:06 [2@verone-HP-ProBook-440-G5]
Interne #1 : Démarrage contract
2023-12-14 08:35:43 [2@verone-HP-ProBook-440-G5]
Interne #1 : Démarrage session
2023-12-14 08:46:45 [2@verone-HP-ProBook-440-G5]
Interne #1 : Démarrage createinquest
2023-12-14 09:06:35 [2@verone-HP-ProBook-440-G5]
Interne #1 : Démarrage planningrecall
2023-12-14 10:59:15 [2@verone-HP-ProBook-440-G5]
Interne #1 : Démarrage telemetry
2023-12-14 11:13:41 [2@verone-HP-ProBook-440-G5]
Interne #1 : Démarrage planningrecall
2023-12-14 11:25:04 [2@verone-HP-ProBook-440-G5]
Interne #1 : Démarrage slaticket
2023-12-14 11:43:39 [2@verone-HP-ProBook-440-G5]
Interne #1 : Démarrage infocom
2023-12-14 12:08:16 [2@verone-HP-ProBook-440-G5]
Interne #1 : Démarrage reservation
2023-12-14 12:11:45 [@verone-HP-ProBook-440-G5]
Internal #1: Launch RecurrentItems
2023-12-14 12:18:54 [2922@verone-HP-ProBook-440-G5]
Interne #1 : Démarrage temp
2023-12-14 12:30:29 [2922@verone-HP-ProBook-440-G5]
Interne #1 : Démarrage graph
2023-12-14 12:32:26 [@verone-HP-ProBook-440-G5]
Internal #1: Launch watcher
2023-12-14 12:39:35 [@verone-HP-ProBook-440-G5]
Internal #1: Launch queuednotificationclean
2023-12-14 12:44:35 [2@verone-HP-ProBook-440-G5]
Interne #1 : Démarrage mailgate
2023-12-14 12:45:45 [2@verone-HP-ProBook-440-G5]
Interne #1 : Démarrage certificate
2023-12-14 12:47:55 [2@verone-HP-ProBook-440-G5]
Interne #1 : Démarrage mailgate
2023-12-14 12:52:25 [2@verone-HP-ProBook-440-G5]
Interne #1 : Démarrage alertnotclosed
2023-12-14 12:56:22 [2@verone-HP-ProBook-440-G5]
Interne #1 : Démarrage mailgate
2023-12-14 12:57:48 [2@verone-HP-ProBook-440-G5]
Interne #1 : Démarrage contract
2023-12-14 13:02:54 [2@verone-HP-ProBook-440-G5]
Interne #1 : Démarrage session
2023-12-14 13:03:04 [2@verone-HP-ProBook-440-G5]
Interne #1 : Démarrage mailgate
2023-12-14 13:08:04 [2@verone-HP-ProBook-440-G5]
Interne #1 : Démarrage createinquest
2023-12-14 13:11:51 [2@verone-HP-ProBook-440-G5]
Interne #1 : Démarrage mailgate
2023-12-14 13:13:06 [2@verone-HP-ProBook-440-G5]
Interne #1 : Démarrage planningrecall
2023-12-14 13:21:06 [2@verone-HP-ProBook-440-G5]
Interne #1 : Démarrage slaticket
2023-12-14 13:21:19 [2@verone-HP-ProBook-440-G5]
Interne #1 : Démarrage mailgate
2023-12-14 16:44:48 [2@verone-HP-ProBook-440-G5]
Interne #1 : Démarrage reservation
2023-12-14 16:56:14 [2@verone-HP-ProBook-440-G5]
Interne #1 : Démarrage RecurrentItems
2023-12-14 17:12:54 [2@verone-HP-ProBook-440-G5]
Interne #1 : Démarrage planningrecall
2023-12-15 10:35:43 [2@verone-HP-ProBook-440-G5]
Interne #1 : Démarrage temp
2023-12-15 10:46:31 [@verone-HP-ProBook-440-G5]
Internal #1: Launch slaticket
2023-12-15 10:56:52 [2@verone-HP-ProBook-440-G5]
Interne #1 : Démarrage graph
2023-12-15 11:46:54 [2@verone-HP-ProBook-440-G5]
Interne #1 : Démarrage mailgate
2023-12-15 12:32:02 [2@verone-HP-ProBook-440-G5]
Interne #1 : Démarrage planningrecall
2023-12-15 12:54:56 [2@verone-HP-ProBook-440-G5]
Interne #1 : Démarrage reservation
2023-12-15 13:16:05 [2@verone-HP-ProBook-440-G5]
Interne #1 : Démarrage RecurrentItems
2023-12-15 13:21:50 [2@verone-HP-ProBook-440-G5]
Interne #1 : Démarrage alertnotclosed
2023-12-15 13:28:35 [2@verone-HP-ProBook-440-G5]
Interne #1 : Démarrage slaticket
2023-12-15 13:39:46 [2@verone-HP-ProBook-440-G5]
Interne #1 : Démarrage temp
2023-12-15 13:54:45 [2@verone-HP-ProBook-440-G5]
Interne #1 : Démarrage infocom
2023-12-15 17:25:27 [@verone-HP-ProBook-440-G5]
Internal #1: Launch mailgate
2023-12-15 17:25:59 [@verone-HP-ProBook-440-G5]
An error occurred trying to connect to the collector.<br/>cannot connect to host; error = stream_socket_client(): Unable to connect to ssl://imap.mail.us-east-1.awsapps.com:993 (Connection timed out) (errno = 0 )
2023-12-15 17:26:05 [@verone-HP-ProBook-440-G5]
Internal #1: Launch graph
2023-12-19 09:20:41 [2@verone-HP-ProBook-440-G5]
Interne #1 : Démarrage watcher
2023-12-19 09:21:04 [@verone-HP-ProBook-440-G5]
Internal #1: Launch planningrecall
2023-12-19 09:24:58 [@verone-HP-ProBook-440-G5]
Internal #1: Launch queuednotificationclean
2023-12-19 09:25:06 [@verone-HP-ProBook-440-G5]
Internal #1: Launch certificate
2023-12-19 09:34:22 [@verone-HP-ProBook-440-G5]
Internal #1: Launch contract
2023-12-19 09:41:06 [@verone-HP-ProBook-440-G5]
Internal #1: Launch session
2023-12-19 09:41:07 [@verone-HP-ProBook-440-G5]
Internal #1: Launch createinquest
2023-12-19 09:41:10 [@verone-HP-ProBook-440-G5]
Internal #1: Launch slaticket
2023-12-19 09:42:09 [@verone-HP-ProBook-440-G5]
Internal #1: Launch reservation
2023-12-19 09:45:07 [@verone-HP-ProBook-440-G5]
Internal #1: Launch RecurrentItems
2023-12-19 09:45:39 [@verone-HP-ProBook-440-G5]
Internal #1: Launch temp
2023-12-19 09:45:43 [@verone-HP-ProBook-440-G5]
Internal #1: Launch mailgate
2023-12-19 09:48:32 [@verone-HP-ProBook-440-G5]
Internal #1: Launch graph
2023-12-19 09:48:34 [@verone-HP-ProBook-440-G5]
Internal #1: Launch alertnotclosed
2023-12-19 10:00:54 [@verone-HP-ProBook-440-G5]
Internal #1: Launch infocom
2023-12-19 10:16:53 [@verone-HP-ProBook-440-G5]
Internal #1: Launch planningrecall
2023-12-19 10:19:22 [@verone-HP-ProBook-440-G5]
Internal #1: Launch slaticket
2023-12-19 11:01:36 [@verone-HP-ProBook-440-G5]
Internal #1: Launch mailgate
2023-12-19 11:01:59 [@verone-HP-ProBook-440-G5]
Internal #1: Launch planningrecall
2023-12-19 11:02:02 [@verone-HP-ProBook-440-G5]
Internal #1: Launch slaticket
2023-12-19 12:22:57 [@verone-HP-ProBook-440-G5]
Internal #1: Launch reservation
2023-12-19 12:45:48 [@verone-HP-ProBook-440-G5]
Internal #1: Launch RecurrentItems
2023-12-19 13:10:37 [@verone-HP-ProBook-440-G5]
Internal #1: Launch temp
2023-12-19 13:12:09 [@verone-HP-ProBook-440-G5]
Internal #1: Launch graph
2023-12-20 08:49:20 [@verone-HP-ProBook-440-G5]
Internal #1: Launch planningrecall
2023-12-20 08:49:48 [@verone-HP-ProBook-440-G5]
Internal #1: Launch slaticket
2023-12-20 08:49:52 [@verone-HP-ProBook-440-G5]
Internal #1: Launch mailgate
2023-12-20 08:50:25 [@verone-HP-ProBook-440-G5]
Internal #1: Launch reservation
2023-12-20 08:57:21 [@verone-HP-ProBook-440-G5]
Internal #1: Launch RecurrentItems
2023-12-20 09:00:39 [@verone-HP-ProBook-440-G5]
Internal #1: Launch temp
2023-12-20 09:02:07 [@verone-HP-ProBook-440-G5]
Internal #1: Launch graph
2023-12-20 09:04:47 [@verone-HP-ProBook-440-G5]
Internal #1: Launch alertnotclosed
2023-12-20 11:44:57 [@verone-HP-ProBook-440-G5]
Internal #1: Launch slaticket
2023-12-20 17:58:05 [2@verone-HP-ProBook-440-G5]
Interne #1 : Démarrage planningrecall
2023-12-21 14:49:32 [2@verone-HP-ProBook-440-G5]
Interne #1 : Démarrage mailgate
2023-12-21 14:50:03 [2@verone-HP-ProBook-440-G5]
Une erreur est survenue lors de la connexion au collecteur.<br/>cannot connect to host; error = stream_socket_client(): Unable to connect to ssl://imap.mail.us-east-1.awsapps.com:993 (Connection timed out) (errno = 0 )
2023-12-21 15:37:15 [2@verone-HP-ProBook-440-G5]
Interne #1 : Démarrage watcher
2023-12-21 15:38:16 [@verone-HP-ProBook-440-G5]
Internal #1: Launch queuednotificationclean
2023-12-21 15:41:27 [@verone-HP-ProBook-440-G5]
Internal #1: Launch certificate
2023-12-21 15:41:39 [@verone-HP-ProBook-440-G5]
Internal #1: Launch contract
2023-12-21 15:43:38 [@verone-HP-ProBook-440-G5]
Internal #1: Launch session
2023-12-21 15:45:00 [@verone-HP-ProBook-440-G5]
Internal #1: Launch createinquest
2023-12-21 15:45:12 [@verone-HP-ProBook-440-G5]
Internal #1: Launch reservation
2023-12-21 15:48:44 [@verone-HP-ProBook-440-G5]
Internal #1: Launch RecurrentItems
2023-12-21 15:48:56 [@verone-HP-ProBook-440-G5]
Internal #1: Launch infocom
2023-12-21 15:49:40 [@verone-HP-ProBook-440-G5]
Internal #1: Launch temp
2023-12-21 15:51:43 [@verone-HP-ProBook-440-G5]
Internal #1: Launch graph
2023-12-21 15:56:53 [2925@verone-HP-ProBook-440-G5]
Interne #1 : Démarrage slaticket
2023-12-21 16:03:26 [2925@verone-HP-ProBook-440-G5]
Interne #1 : Démarrage planningrecall
2023-12-21 16:06:19 [@verone-HP-ProBook-440-G5]
Internal #1: Launch alertnotclosed
2023-12-21 16:06:35 [@verone-HP-ProBook-440-G5]
Internal #1: Launch mailgate
2023-12-21 16:07:06 [@verone-HP-ProBook-440-G5]
An error occurred trying to connect to the collector.<br/>cannot connect to host; error = stream_socket_client(): Unable to connect to ssl://imap.mail.us-east-1.awsapps.com:993 (Connection timed out) (errno = 0 )
2023-12-21 16:58:59 [2922@verone-HP-ProBook-440-G5]
Interne #1 : Démarrage slaticket
2023-12-21 16:59:14 [@verone-HP-ProBook-440-G5]
Internal #1: Launch planningrecall
2023-12-21 17:49:27 [2@verone-HP-ProBook-440-G5]
Interne #1 : Démarrage mailgate
2023-12-21 17:49:57 [2@verone-HP-ProBook-440-G5]
Une erreur est survenue lors de la connexion au collecteur.<br/>cannot connect to host; error = stream_socket_client(): Unable to connect to ssl://imap.mail.us-east-1.awsapps.com:993 (Connection timed out) (errno = 0 )
2023-12-21 17:50:12 [2@verone-HP-ProBook-440-G5]
Interne #1 : Démarrage mailgate
2023-12-21 18:30:47 [2@verone-HP-ProBook-440-G5]
Interne #1 : Démarrage reservation
2023-12-21 18:37:33 [2@verone-HP-ProBook-440-G5]
Interne #1 : Démarrage RecurrentItems
2023-12-22 09:50:08 [2@verone-HP-ProBook-440-G5]
Interne #1 : Démarrage temp
2023-12-22 10:01:48 [2@verone-HP-ProBook-440-G5]
Interne #1 : Démarrage graph
2023-12-22 10:17:02 [2@verone-HP-ProBook-440-G5]
Interne #1 : Démarrage slaticket
2023-12-22 10:34:49 [2@verone-HP-ProBook-440-G5]
Interne #1 : Démarrage planningrecall
2023-12-22 10:40:58 [2@verone-HP-ProBook-440-G5]
Interne #1 : Démarrage reservation
2023-12-22 10:51:57 [2@verone-HP-ProBook-440-G5]
Interne #1 : Démarrage RecurrentItems
2023-12-22 11:29:56 [2@verone-HP-ProBook-440-G5]
Interne #1 : Démarrage alertnotclosed
2023-12-26 09:58:22 [2@verone-HP-ProBook-440-G5]
Interne #1 : Démarrage slaticket
2023-12-26 10:20:08 [2@verone-HP-ProBook-440-G5]
Interne #1 : Démarrage planningrecall
2023-12-26 10:26:09 [2@verone-HP-ProBook-440-G5]
Interne #1 : Démarrage temp
2023-12-26 10:39:06 [2@verone-HP-ProBook-440-G5]
Interne #1 : Démarrage graph
2023-12-26 10:54:10 [2@verone-HP-ProBook-440-G5]
Interne #1 : Démarrage reservation
2023-12-26 11:35:58 [2@verone-HP-ProBook-440-G5]
Interne #1 : Démarrage RecurrentItems
2023-12-26 11:50:57 [2@verone-HP-ProBook-440-G5]
Interne #1 : Démarrage watcher
2023-12-26 12:06:31 [2@verone-HP-ProBook-440-G5]
Interne #1 : Démarrage queuednotificationclean
2023-12-26 12:49:18 [2@verone-HP-ProBook-440-G5]
Interne #1 : Démarrage contract
2023-12-26 12:59:09 [2@verone-HP-ProBook-440-G5]
Interne #1 : Démarrage certificate
2023-12-26 13:30:27 [2@verone-HP-ProBook-440-G5]
Interne #1 : Démarrage session
2023-12-26 13:45:24 [2@verone-HP-ProBook-440-G5]
Interne #1 : Démarrage createinquest
2023-12-26 13:57:00 [2@verone-HP-ProBook-440-G5]
Interne #1 : Démarrage infocom
2023-12-26 14:09:15 [2@verone-HP-ProBook-440-G5]
Interne #1 : Démarrage alertnotclosed
2023-12-26 14:14:42 [2@verone-HP-ProBook-440-G5]
Interne #1 : Démarrage slaticket
2023-12-26 14:21:12 [2@verone-HP-ProBook-440-G5]
Interne #1 : Démarrage planningrecall
2023-12-26 14:28:56 [2@verone-HP-ProBook-440-G5]
Interne #1 : Démarrage temp
2023-12-26 14:34:50 [2@verone-HP-ProBook-440-G5]
Interne #1 : Démarrage graph
2023-12-26 14:48:04 [2@verone-HP-ProBook-440-G5]
Interne #1 : Démarrage reservation
2023-12-27 09:25:54 [2@verone-HP-ProBook-440-G5]
Interne #1 : Démarrage RecurrentItems
2023-12-27 11:08:30 [2@verone-HP-ProBook-440-G5]
Interne #1 : Démarrage slaticket
2023-12-27 20:36:46 [2@verone-HP-ProBook-440-G5]
Interne #1 : Démarrage planningrecall
2023-12-27 20:49:33 [2@verone-HP-ProBook-440-G5]
Interne #1 : Démarrage temp
2023-12-27 20:54:53 [2@verone-HP-ProBook-440-G5]
Interne #1 : Démarrage graph
2023-12-27 21:00:02 [2@verone-HP-ProBook-440-G5]
Interne #1 : Démarrage reservation
2023-12-27 21:05:13 [2@verone-HP-ProBook-440-G5]
Interne #1 : Démarrage alertnotclosed
2023-12-27 21:10:47 [2@verone-HP-ProBook-440-G5]
Interne #1 : Démarrage RecurrentItems
2023-12-27 21:15:57 [2@verone-HP-ProBook-440-G5]
Interne #1 : Démarrage slaticket
2023-12-27 21:22:24 [2@verone-HP-ProBook-440-G5]
Interne #1 : Démarrage watcher
2023-12-27 21:27:35 [2@verone-HP-ProBook-440-G5]
Interne #1 : Démarrage queuednotificationclean
2023-12-27 21:33:22 [2@verone-HP-ProBook-440-G5]
Interne #1 : Démarrage contract
2023-12-27 21:36:11 [@verone-HP-ProBook-440-G5]
Internal #1: Launch certificate
2023-12-27 21:49:20 [2922@verone-HP-ProBook-440-G5]
Interne #1 : Démarrage session
2023-12-27 21:56:00 [2922@verone-HP-ProBook-440-G5]
Interne #1 : Démarrage createinquest
2023-12-27 21:56:50 [@verone-HP-ProBook-440-G5]
Internal #1: Launch infocom
2023-12-27 21:59:30 [@verone-HP-ProBook-440-G5]
Internal #1: Launch planningrecall
2023-12-28 08:12:49 [2922@verone-HP-ProBook-440-G5]
Interne #1 : Démarrage slaticket
2023-12-28 13:33:46 [@verone-HP-ProBook-440-G5]
Internal #1: Launch temp
2023-12-29 08:40:29 [2@verone-HP-ProBook-440-G5]
Interne #1 : Démarrage graph
2023-12-29 12:49:52 [2@verone-HP-ProBook-440-G5]
Interne #1 : Démarrage reservation
2023-12-29 14:49:20 [2@verone-HP-ProBook-440-G5]
Interne #1 : Démarrage planningrecall
2024-01-17 14:24:13 [2@verone-HP-ProBook-440-G5]
Interne #1 : Démarrage RecurrentItems
2024-01-17 16:24:17 [2@verone-HP-ProBook-440-G5]
Interne #1 : Démarrage slaticket
2024-01-17 16:32:59 [2@verone-HP-ProBook-440-G5]
Interne #1 : Démarrage alertnotclosed
2024-01-17 17:21:33 [2@verone-HP-ProBook-440-G5]
Interne #1 : Démarrage temp
2024-01-17 17:22:46 [@verone-HP-ProBook-440-G5]
Internal #1: Launch watcher
2024-01-18 13:50:59 [2926@verone-HP-ProBook-440-G5]
Interne #1 : Démarrage queuednotificationclean
2024-01-18 14:10:03 [2926@verone-HP-ProBook-440-G5]
Interne #1 : Démarrage contract
2024-01-18 14:15:31 [2926@verone-HP-ProBook-440-G5]
Interne #1 : Démarrage certificate
2024-01-18 14:30:14 [2926@verone-HP-ProBook-440-G5]
Interne #1 : Démarrage session
2024-01-18 14:31:23 [@verone-HP-ProBook-440-G5]
Internal #1: Launch infocom
2024-01-18 15:40:45 [2926@verone-HP-ProBook-440-G5]
Interne #1 : Démarrage createinquest
2024-01-18 17:12:46 [@verone-HP-ProBook-440-G5]
Internal #1: Launch graph
2024-01-18 17:31:01 [2@verone-HP-ProBook-440-G5]
Interne #1 : Démarrage reservation
2024-01-18 22:44:23 [2@verone-HP-ProBook-440-G5]
Interne #1 : Démarrage planningrecall
2024-01-19 10:08:58 [2@verone-HP-ProBook-440-G5]
Interne #1 : Démarrage telemetry
2024-01-19 10:14:27 [2@verone-HP-ProBook-440-G5]
Interne #1 : Démarrage RecurrentItems
2024-01-19 10:32:21 [@verone-HP-ProBook-440-G5]
Internal #1: Launch slaticket
2024-01-19 10:37:06 [@verone-HP-ProBook-440-G5]
Internal #1: Launch temp
2024-01-19 10:58:43 [2@verone-HP-ProBook-440-G5]
Interne #1 : Démarrage alertnotclosed
2024-01-19 11:04:13 [2@verone-HP-ProBook-440-G5]
Interne #1 : Démarrage watcher
2024-01-19 11:12:12 [@verone-HP-ProBook-440-G5]
Internal #1: Launch graph
2024-01-19 11:18:35 [@verone-HP-ProBook-440-G5]
Internal #1: Launch reservation
2024-01-19 11:20:43 [@verone-HP-ProBook-440-G5]
Internal #1: Launch planningrecall
2024-01-19 11:21:16 [@verone-HP-ProBook-440-G5]
Internal #1: Launch slaticket
2024-01-19 11:30:10 [@verone-HP-ProBook-440-G5]
Internal #1: Launch RecurrentItems
2024-01-19 11:34:28 [@verone-HP-ProBook-440-G5]
Internal #1: Launch planningrecall
2024-01-19 11:36:17 [@verone-HP-ProBook-440-G5]
Internal #1: Launch slaticket
2024-01-19 11:50:38 [2@verone-HP-ProBook-440-G5]
Interne #1 : Démarrage temp
2024-01-19 12:32:02 [2@verone-HP-ProBook-440-G5]
Interne #1 : Démarrage planningrecall
2024-01-19 13:36:52 [2@verone-HP-ProBook-440-G5]
Interne #1 : Démarrage slaticket
2024-01-19 13:56:03 [2@verone-HP-ProBook-440-G5]
Interne #1 : Démarrage graph
2024-01-19 14:36:53 [2@verone-HP-ProBook-440-G5]
Interne #1 : Démarrage reservation
2024-01-19 15:22:25 [2@verone-HP-ProBook-440-G5]
Interne #1 : Démarrage RecurrentItems
2024-01-19 16:09:04 [2@verone-HP-ProBook-440-G5]
Interne #1 : Démarrage planningrecall
2024-01-19 16:13:01 [@verone-HP-ProBook-440-G5]
Internal #1: Launch temp
2024-01-19 16:29:00 [2@verone-HP-ProBook-440-G5]
Interne #1 : Démarrage slaticket
2024-01-19 16:37:10 [2@verone-HP-ProBook-440-G5]
Interne #1 : Démarrage queuednotificationclean
2024-01-19 16:57:46 [2@verone-HP-ProBook-440-G5]
Interne #1 : Démarrage contract
2024-01-19 16:58:38 [@verone-HP-ProBook-440-G5]
Internal #1: Launch certificate
2024-01-19 17:00:59 [@verone-HP-ProBook-440-G5]
Internal #1: Launch session
2024-01-19 17:39:13 [2926@verone-HP-ProBook-440-G5]
Interne #1 : Démarrage infocom
2024-01-19 17:41:40 [@verone-HP-ProBook-440-G5]
Internal #1: Launch graph
2024-01-19 17:41:50 [@verone-HP-ProBook-440-G5]
Internal #1: Launch reservation
2024-01-19 17:42:24 [@verone-HP-ProBook-440-G5]
Internal #1: Launch createinquest
2024-01-19 17:42:59 [@verone-HP-ProBook-440-G5]
Internal #1: Launch planningrecall
2024-01-19 17:46:50 [@verone-HP-ProBook-440-G5]
Internal #1: Launch RecurrentItems
2024-01-19 18:16:17 [2@verone-HP-ProBook-440-G5]
Interne #1 : Démarrage slaticket
2024-01-19 18:17:58 [@verone-HP-ProBook-440-G5]
Internal #1: Launch temp
2024-01-20 20:12:34 [@verone-HP-ProBook-440-G5]
Internal #1: Launch planningrecall
2024-01-22 11:14:03 [@verone-HP-ProBook-440-G5]
Internal #1: Launch slaticket
2024-01-22 11:19:34 [2@verone-HP-ProBook-440-G5]
Interne #1 : Démarrage graph
2024-01-22 11:25:26 [2@verone-HP-ProBook-440-G5]
Interne #1 : Démarrage reservation
2024-01-22 12:32:36 [2@verone-HP-ProBook-440-G5]
Interne #1 : Démarrage RecurrentItems
2024-01-22 12:55:53 [2@verone-HP-ProBook-440-G5]
Interne #1 : Démarrage temp
2024-01-22 13:08:38 [2@verone-HP-ProBook-440-G5]
Interne #1 : Démarrage alertnotclosed
2024-01-22 13:21:26 [2@verone-HP-ProBook-440-G5]
Interne #1 : Démarrage watcher
2024-01-22 13:31:02 [2@verone-HP-ProBook-440-G5]
Interne #1 : Démarrage session
2024-01-22 13:36:08 [2@verone-HP-ProBook-440-G5]
Interne #1 : Démarrage queuednotificationclean
2024-01-22 15:46:29 [2@verone-HP-ProBook-440-G5]
Interne #1 : Démarrage contract
2024-01-22 16:02:55 [2@verone-HP-ProBook-440-G5]
Interne #1 : Démarrage certificate
2024-01-22 16:27:45 [2@verone-HP-ProBook-440-G5]
Interne #1 : Démarrage infocom
2024-01-23 12:24:48 [2@verone-HP-ProBook-440-G5]
Interne #1 : Démarrage createinquest
2024-01-23 17:25:04 [2@verone-HP-ProBook-440-G5]
Interne #1 : Démarrage planningrecall
2024-01-24 08:11:41 [2@verone-HP-ProBook-440-G5]
Interne #1 : Démarrage slaticket
2024-01-25 10:55:39 [2@verone-HP-ProBook-440-G5]
Interne #1 : Démarrage graph
2024-01-25 10:58:56 [@verone-HP-ProBook-440-G5]
Internal #1: Launch reservation
2024-02-06 18:32:57 [2@verone-HP-ProBook-440-G5]
Interne #1 : Démarrage session
2024-02-06 18:33:51 [@verone-HP-ProBook-440-G5]
Internal #1: Launch RecurrentItems
2024-02-06 18:34:55 [@verone-HP-ProBook-440-G5]
Internal #1: Launch temp
2024-02-06 18:36:28 [@verone-HP-ProBook-440-G5]
Internal #1: Launch alertnotclosed
2024-02-06 18:38:15 [@verone-HP-ProBook-440-G5]
Internal #1: Launch watcher
2024-02-06 18:39:30 [@verone-HP-ProBook-440-G5]
Internal #1: Launch queuednotificationclean
2024-02-06 18:40:11 [@verone-HP-ProBook-440-G5]
Internal #1: Launch contract
2024-02-06 18:40:41 [@verone-HP-ProBook-440-G5]
Internal #1: Launch certificate
2024-02-09 11:05:15 [@verone-HP-ProBook-440-G5]
Internal #1: Launch infocom
2024-02-09 12:58:28 [2@verone-HP-ProBook-440-G5]
Interne #1 : Démarrage planningrecall
2024-02-13 10:25:02 [2@verone-HP-ProBook-440-G5]
Interne #1 : Démarrage slaticket
2024-02-14 14:33:35 [2@verone-HP-ProBook-440-G5]
Interne #1 : Démarrage createinquest
2024-02-14 14:43:42 [2@verone-HP-ProBook-440-G5]
Interne #1 : Démarrage graph
2024-02-14 14:52:45 [2@verone-HP-ProBook-440-G5]
Interne #1 : Démarrage reservation
2024-02-15 14:15:39 [2@verone-HP-ProBook-440-G5]
Interne #1 : Démarrage session
2024-02-15 14:27:22 [2@verone-HP-ProBook-440-G5]
Interne #1 : Démarrage RecurrentItems
2024-02-15 14:33:57 [2@verone-HP-ProBook-440-G5]
Interne #1 : Démarrage temp
2024-02-15 14:34:43 [@verone-HP-ProBook-440-G5]
Internal #1: Launch alertnotclosed
2024-02-15 14:47:25 [2@verone-HP-ProBook-440-G5]
Interne #1 : Démarrage watcher
2024-02-15 14:54:29 [2@verone-HP-ProBook-440-G5]
Interne #1 : Démarrage queuednotificationclean
2024-02-15 15:17:00 [2@verone-HP-ProBook-440-G5]
Interne #1 : Démarrage contract
2024-02-15 15:18:43 [@verone-HP-ProBook-440-G5]
Internal #1: Launch certificate
2024-02-15 15:19:15 [@verone-HP-ProBook-440-G5]
Internal #1: Launch planningrecall
2024-02-15 15:24:31 [2@verone-HP-ProBook-440-G5]
Interne #1 : Démarrage infocom
2024-02-15 17:28:41 [2@verone-HP-ProBook-440-G5]
Interne #1 : Démarrage slaticket
2024-02-16 09:07:22 [@verone-HP-ProBook-440-G5]
Internal #1: Launch graph
2024-02-16 09:11:01 [@verone-HP-ProBook-440-G5]
Internal #1: Launch reservation
2024-02-16 09:19:50 [2@verone-HP-ProBook-440-G5]
Interne #1 : Démarrage session
2024-02-16 09:20:04 [@verone-HP-ProBook-440-G5]
Internal #1: Launch createinquest
2024-02-16 09:34:39 [2@verone-HP-ProBook-440-G5]
Interne #1 : Démarrage planningrecall
2024-02-16 09:38:58 [@verone-HP-ProBook-440-G5]
Internal #1: Launch RecurrentItems
2024-02-16 09:45:19 [2@verone-HP-ProBook-440-G5]
Interne #1 : Démarrage temp
2024-02-16 09:51:19 [2@verone-HP-ProBook-440-G5]
Interne #1 : Démarrage slaticket
2024-02-16 10:03:03 [2@verone-HP-ProBook-440-G5]
Interne #1 : Démarrage alertnotclosed
2024-02-16 10:08:10 [2@verone-HP-ProBook-440-G5]
Interne #1 : Démarrage session
2024-02-16 10:15:19 [2@verone-HP-ProBook-440-G5]
Interne #1 : Démarrage planningrecall
2024-02-16 10:21:46 [@verone-HP-ProBook-440-G5]
Internal #1: Launch slaticket
2024-02-16 10:27:04 [2@verone-HP-ProBook-440-G5]
Interne #1 : Démarrage graph
2024-02-16 10:33:39 [2@verone-HP-ProBook-440-G5]
Interne #1 : Démarrage session
2024-02-16 10:38:43 [2@verone-HP-ProBook-440-G5]
Interne #1 : Démarrage reservation
2024-02-16 10:44:51 [2@verone-HP-ProBook-440-G5]
Interne #1 : Démarrage planningrecall
2024-02-16 10:54:19 [2@verone-HP-ProBook-440-G5]
Interne #1 : Démarrage slaticket
2024-02-16 11:16:02 [2@verone-HP-ProBook-440-G5]
Interne #1 : Démarrage session
2024-02-16 11:56:45 [2@verone-HP-ProBook-440-G5]
Interne #1 : Démarrage RecurrentItems
2024-02-16 12:04:55 [2@verone-HP-ProBook-440-G5]
Interne #1 : Démarrage temp
2024-02-16 12:12:46 [2@verone-HP-ProBook-440-G5]
Interne #1 : Démarrage planningrecall
2024-02-16 12:18:11 [2@verone-HP-ProBook-440-G5]
Interne #1 : Démarrage slaticket
2024-02-16 14:18:52 [2@verone-HP-ProBook-440-G5]
Interne #1 : Démarrage session
2024-02-16 14:31:17 [2@verone-HP-ProBook-440-G5]
Interne #1 : Démarrage graph
2024-02-16 14:59:23 [2@verone-HP-ProBook-440-G5]
Interne #1 : Démarrage reservation
2024-02-16 15:07:30 [2@verone-HP-ProBook-440-G5]
Interne #1 : Démarrage planningrecall
2024-02-16 15:12:47 [2@verone-HP-ProBook-440-G5]
Interne #1 : Démarrage slaticket
2024-02-16 15:22:58 [2@verone-HP-ProBook-440-G5]
Interne #1 : Démarrage RecurrentItems
2024-02-16 22:27:38 [2@verone-HP-ProBook-440-G5]
Interne #1 : Démarrage temp
2024-02-16 22:32:10 [2@verone-HP-ProBook-440-G5]
Interne #1 : Démarrage session
2024-02-16 22:40:05 [2@verone-HP-ProBook-440-G5]
Interne #1 : Démarrage watcher
2024-02-16 22:51:26 [2@verone-HP-ProBook-440-G5]
Interne #1 : Démarrage queuednotificationclean
2024-02-17 19:35:18 [2@verone-HP-ProBook-440-G5]
Interne #1 : Démarrage planningrecall
2024-02-17 19:56:25 [2@verone-HP-ProBook-440-G5]
Interne #1 : Démarrage contract
2024-02-18 14:55:20 [2@verone-HP-ProBook-440-G5]
Interne #1 : Démarrage slaticket
2024-02-18 15:03:11 [2@verone-HP-ProBook-440-G5]
Interne #1 : Démarrage certificate
2024-02-18 15:10:18 [2@verone-HP-ProBook-440-G5]
Interne #1 : Démarrage infocom
2024-02-18 15:38:56 [2@verone-HP-ProBook-440-G5]
Interne #1 : Démarrage graph
2024-02-18 15:44:54 [2@verone-HP-ProBook-440-G5]
Interne #1 : Démarrage reservation
2024-02-18 15:54:25 [2@verone-HP-ProBook-440-G5]
Interne #1 : Démarrage RecurrentItems
2024-02-18 15:59:55 [2@verone-HP-ProBook-440-G5]
Interne #1 : Démarrage alertnotclosed
2024-02-18 16:06:35 [2@verone-HP-ProBook-440-G5]
Interne #1 : Démarrage session
2024-02-18 16:11:43 [2@verone-HP-ProBook-440-G5]
Interne #1 : Démarrage temp
2024-02-18 16:14:03 [@verone-HP-ProBook-440-G5]
Internal #1: Launch createinquest
2024-02-18 16:17:04 [@verone-HP-ProBook-440-G5]
Internal #1: Launch planningrecall
2024-02-19 09:11:55 [2@verone-HP-ProBook-440-G5]
Interne #1 : Démarrage watcher
2024-02-19 09:13:21 [@verone-HP-ProBook-440-G5]
Internal #1: Launch queuednotificationclean
2024-02-19 09:23:35 [2@verone-HP-ProBook-440-G5]
Interne #1 : Démarrage telemetry
2024-02-19 09:30:19 [2@verone-HP-ProBook-440-G5]
Interne #1 : Démarrage slaticket
2024-02-19 09:42:04 [2@verone-HP-ProBook-440-G5]
Interne #1 : Démarrage session
2024-02-19 09:47:18 [2@verone-HP-ProBook-440-G5]
Interne #1 : Démarrage planningrecall
2024-02-19 09:53:02 [2@verone-HP-ProBook-440-G5]
Interne #1 : Démarrage graph
2024-02-19 10:23:29 [2@verone-HP-ProBook-440-G5]
Interne #1 : Démarrage reservation
2024-02-19 10:31:00 [2@verone-HP-ProBook-440-G5]
Interne #1 : Démarrage RecurrentItems
2024-02-19 10:31:10 [@verone-HP-ProBook-440-G5]
Internal #1: Launch temp
2024-02-19 10:47:43 [2@verone-HP-ProBook-440-G5]
Interne #1 : Démarrage contract
2024-02-19 10:58:56 [2@verone-HP-ProBook-440-G5]
Interne #1 : Démarrage alertnotclosed
2024-02-19 11:09:22 [2@verone-HP-ProBook-440-G5]
Interne #1 : Démarrage slaticket
2024-02-19 11:09:25 [@verone-HP-ProBook-440-G5]
Internal #1: Launch session
2024-02-19 11:51:30 [2@verone-HP-ProBook-440-G5]
Interne #1 : Démarrage planningrecall
2024-02-19 12:00:03 [2@verone-HP-ProBook-440-G5]
Interne #1 : Démarrage graph
2024-02-19 12:07:58 [2@verone-HP-ProBook-440-G5]
Interne #1 : Démarrage session
2024-02-19 12:15:40 [2@verone-HP-ProBook-440-G5]
Interne #1 : Démarrage slaticket
2024-02-19 12:21:39 [2@verone-HP-ProBook-440-G5]
Interne #1 : Démarrage reservation
2024-02-19 12:55:00 [2@verone-HP-ProBook-440-G5]
Interne #1 : Démarrage RecurrentItems
2024-02-19 13:04:44 [2@verone-HP-ProBook-440-G5]
Interne #1 : Démarrage temp
2024-02-19 13:52:49 [@verone-HP-ProBook-440-G5]
Internal #1: Launch planningrecall
2024-02-19 14:02:09 [2@verone-HP-ProBook-440-G5]
Interne #1 : Démarrage session
2024-02-19 14:02:33 [@verone-HP-ProBook-440-G5]
Internal #1: Launch slaticket
2024-02-19 14:17:41 [2@verone-HP-ProBook-440-G5]
Interne #1 : Démarrage graph
2024-02-19 14:26:57 [2@verone-HP-ProBook-440-G5]
Interne #1 : Démarrage reservation
2024-02-20 20:21:49 [@verone-HP-ProBook-440-G5]
Internal #1: Launch RecurrentItems
2024-02-20 21:10:27 [@verone-HP-ProBook-440-G5]
Internal #1: Launch planningrecall
2024-02-20 21:10:36 [@verone-HP-ProBook-440-G5]
Internal #1: Launch session
2024-02-20 21:17:14 [@verone-HP-ProBook-440-G5]
Internal #1: Launch temp
2024-02-20 21:22:23 [2@verone-HP-ProBook-440-G5]
Interne #1 : Démarrage slaticket
2024-02-21 08:50:56 [@verone-HP-ProBook-440-G5]
Internal #1: Launch certificate
2024-02-21 08:56:23 [2@verone-HP-ProBook-440-G5]
Interne #1 : Démarrage infocom
2024-02-21 09:39:13 [2@verone-HP-ProBook-440-G5]
Interne #1 : Démarrage graph
2024-02-21 10:06:52 [2@verone-HP-ProBook-440-G5]
Interne #1 : Démarrage reservation
2024-02-21 10:12:05 [2@verone-HP-ProBook-440-G5]
Interne #1 : Démarrage createinquest
2024-02-21 10:45:42 [2@verone-HP-ProBook-440-G5]
Interne #1 : Démarrage alertnotclosed
2024-02-21 10:59:17 [2@verone-HP-ProBook-440-G5]
Interne #1 : Démarrage watcher
2024-02-21 11:04:42 [2@verone-HP-ProBook-440-G5]
Interne #1 : Démarrage queuednotificationclean
2024-02-21 11:10:22 [2@verone-HP-ProBook-440-G5]
Interne #1 : Démarrage contract
2024-02-21 11:28:33 [2@verone-HP-ProBook-440-G5]
Interne #1 : Démarrage session
2024-02-22 14:47:35 [2@verone-HP-ProBook-440-G5]
Interne #1 : Démarrage planningrecall
2024-02-22 14:50:51 [@verone-HP-ProBook-440-G5]
Internal #1: Launch RecurrentItems
2024-02-23 09:39:25 [2@verone-HP-ProBook-440-G5]
Interne #1 : Démarrage slaticket
2024-02-23 09:39:45 [@verone-HP-ProBook-440-G5]
Internal #1: Launch temp
2024-02-23 09:46:25 [2929@verone-HP-ProBook-440-G5]
Interne #1 : Démarrage graph
2024-02-23 09:46:31 [@verone-HP-ProBook-440-G5]
Internal #1: Launch reservation
2024-02-23 09:47:02 [2926@verone-HP-ProBook-440-G5]
Interne #1 : Démarrage session
2024-02-23 09:50:54 [@verone-HP-ProBook-440-G5]
Internal #1: Launch alertnotclosed
2024-02-23 09:52:29 [@verone-HP-ProBook-440-G5]
Internal #1: Launch certificate
2024-02-23 10:24:24 [2@verone-HP-ProBook-440-G5]
Interne #1 : Démarrage infocom
2024-02-26 18:01:01 [2@verone-HP-ProBook-440-G5]
Interne #1 : Démarrage createinquest
2024-02-26 18:04:06 [@verone-HP-ProBook-440-G5]
Internal #1: Launch watcher
2024-02-26 18:21:22 [2@verone-HP-ProBook-440-G5]
Interne #1 : Démarrage queuednotificationclean
2024-02-26 18:25:57 [@verone-HP-ProBook-440-G5]
Internal #1: Launch contract
2024-02-26 18:31:20 [2@verone-HP-ProBook-440-G5]
Interne #1 : Démarrage planningrecall
2024-02-26 22:28:34 [2@verone-HP-ProBook-440-G5]
Interne #1 : Démarrage RecurrentItems
2024-02-28 18:46:29 [@verone-HP-ProBook-440-G5]
Internal #1: Launch telemetry
2024-02-28 18:55:49 [@verone-HP-ProBook-440-G5]
Internal #1: Launch planningrecall
2024-03-04 18:34:49 [@verone-HP-ProBook-440-G5]
Internal #1: Launch slaticket
2024-03-04 20:38:35 [2@verone-HP-ProBook-440-G5]
Interne #1 : Démarrage infocom
2024-03-04 20:44:23 [2@verone-HP-ProBook-440-G5]
Interne #1 : Démarrage reservation
2024-03-04 20:44:39 [@verone-HP-ProBook-440-G5]
Internal #1: Launch RecurrentItems
2024-03-04 20:46:01 [@verone-HP-ProBook-440-G5]
Internal #1: Launch temp
2024-03-04 20:46:18 [@verone-HP-ProBook-440-G5]
Internal #1: Launch graph
2024-03-04 20:46:45 [@verone-HP-ProBook-440-G5]
Internal #1: Launch watcher
2024-03-04 20:47:00 [@verone-HP-ProBook-440-G5]
Internal #1: Launch queuednotificationclean
2024-03-04 20:53:04 [@verone-HP-ProBook-440-G5]
Internal #1: Launch certificate
2024-03-04 20:53:34 [@verone-HP-ProBook-440-G5]
Internal #1: Launch alertnotclosed
2024-03-04 21:00:49 [@verone-HP-ProBook-440-G5]
Internal #1: Launch contract
2024-03-04 21:01:40 [@verone-HP-ProBook-440-G5]
Internal #1: Launch session
2024-03-04 21:03:53 [@verone-HP-ProBook-440-G5]
Internal #1: Launch createinquest
2024-03-04 21:08:03 [@verone-HP-ProBook-440-G5]
Internal #1: Launch planningrecall
2024-03-04 21:36:28 [@verone-HP-ProBook-440-G5]
Internal #1: Launch slaticket
2024-03-04 21:48:32 [@verone-HP-ProBook-440-G5]
Internal #1: Launch planningrecall
2024-03-04 21:49:23 [@verone-HP-ProBook-440-G5]
Internal #1: Launch slaticket
2024-03-04 22:02:51 [@verone-HP-ProBook-440-G5]
Internal #1: Launch reservation
2024-03-05 09:32:13 [2922@verone-HP-ProBook-440-G5]
Interne #1 : Démarrage RecurrentItems
2024-03-05 09:39:04 [@verone-HP-ProBook-440-G5]
Internal #1: Launch graph
2024-03-05 09:40:14 [@verone-HP-ProBook-440-G5]
Internal #1: Launch temp
2024-03-05 09:41:00 [@verone-HP-ProBook-440-G5]
Internal #1: Launch planningrecall
2024-03-05 09:43:20 [@verone-HP-ProBook-440-G5]
Internal #1: Launch slaticket
2024-03-05 09:44:07 [@verone-HP-ProBook-440-G5]
Internal #1: Launch reservation
2024-03-05 09:46:14 [@verone-HP-ProBook-440-G5]
Internal #1: Launch alertnotclosed
2024-03-05 09:46:49 [@verone-HP-ProBook-440-G5]
Internal #1: Launch planningrecall
2024-03-05 09:47:48 [@verone-HP-ProBook-440-G5]
Internal #1: Nothing to Launch
2024-03-05 10:22:03 [2926@verone-HP-ProBook-440-G5]
Interne #1 : Démarrage slaticket
2024-03-05 10:22:08 [@verone-HP-ProBook-440-G5]
Internal #1: Launch planningrecall
2024-03-05 10:43:08 [@verone-HP-ProBook-440-G5]
Internal #1: Launch slaticket
2024-03-05 10:43:25 [@verone-HP-ProBook-440-G5]
Internal #1: Launch planningrecall
2024-03-05 10:44:21 [@verone-HP-ProBook-440-G5]
Internal #1: Launch RecurrentItems
2024-03-05 10:44:51 [@verone-HP-ProBook-440-G5]
Internal #1: Launch graph
2024-03-05 10:45:13 [@verone-HP-ProBook-440-G5]
Internal #1: Launch temp
2024-03-05 10:45:51 [@verone-HP-ProBook-440-G5]
Internal #1: Launch reservation
2024-03-05 10:46:14 [@verone-HP-ProBook-440-G5]
Internal #1: Nothing to Launch
2024-03-05 12:10:33 [2@verone-HP-ProBook-440-G5]
Interne #1 : Démarrage slaticket
2024-03-13 12:20:33 [@verone-HP-ProBook-440-G5]
Internal #1: Launch planningrecall
2024-03-13 12:28:34 [2@verone-HP-ProBook-440-G5]
Interne #1 : Démarrage graph
2024-03-13 12:36:59 [2@verone-HP-ProBook-440-G5]
Interne #1 : Démarrage RecurrentItems
2024-03-13 12:42:52 [2@verone-HP-ProBook-440-G5]
Interne #1 : Démarrage reservation
2024-03-13 13:05:54 [2@verone-HP-ProBook-440-G5]
Interne #1 : Démarrage temp
2024-03-13 13:20:12 [2@verone-HP-ProBook-440-G5]
Interne #1 : Démarrage slaticket
2024-06-10 10:52:34 [@verone-HP-ProBook-440-G5]
Internal #1: Launch infocom
2024-06-11 09:51:32 [@DESKTOP-Q1751HI]
Interne #1 : Démarrage watcher
2024-06-11 09:51:54 [@DESKTOP-Q1751HI]
Erreur dans l'envoi du courriel<br/>SMTP connect() failed. https://github.com/PHPMailer/PHPMailer/wiki/Troubleshooting
2024-06-11 09:58:34 [2@DESKTOP-Q1751HI]
Interne #1 : Démarrage queuednotificationclean
2024-06-18 09:52:24 [2@DESKTOP-Q1751HI]
Interne #1 : Démarrage certificate
2024-06-18 10:59:00 [2@DESKTOP-Q1751HI]
Interne #1 : Démarrage contract
2024-06-18 14:44:35 [2@DESKTOP-Q1751HI]
Interne #1 : Démarrage session
2024-06-18 15:00:58 [2@DESKTOP-Q1751HI]
Interne #1 : Démarrage createinquest
2024-06-18 15:14:31 [2@DESKTOP-Q1751HI]
Interne #1 : Démarrage alertnotclosed
2024-06-18 15:19:48 [2@DESKTOP-Q1751HI]
Interne #1 : Démarrage planningrecall
2024-06-18 15:39:50 [2@DESKTOP-Q1751HI]
Interne #1 : Démarrage slaticket
2024-06-19 10:27:27 [@DESKTOP-Q1751HI]
Interne #1 : Démarrage graph
2024-06-19 11:16:39 [2@DESKTOP-Q1751HI]
Interne #1 : Démarrage RecurrentItems
2024-06-19 11:24:04 [2@DESKTOP-Q1751HI]
Interne #1 : Démarrage reservation
2024-06-19 12:41:37 [2@DESKTOP-Q1751HI]
Interne #1 : Démarrage temp
2024-06-19 12:53:16 [2@DESKTOP-Q1751HI]
Interne #1 : Démarrage telemetry
2024-06-19 13:02:45 [2@DESKTOP-Q1751HI]
Interne #1 : Démarrage infocom
2024-06-19 13:11:39 [2@DESKTOP-Q1751HI]
Interne #1 : Démarrage watcher
2024-06-19 13:12:02 [2@DESKTOP-Q1751HI]
Erreur dans l'envoi du courriel<br/>SMTP connect() failed. https://github.com/PHPMailer/PHPMailer/wiki/Troubleshooting
2024-06-19 14:12:08 [2@DESKTOP-Q1751HI]
Interne #1 : Démarrage queuednotificationclean
2024-06-19 14:18:08 [2@DESKTOP-Q1751HI]
Interne #1 : Démarrage planningrecall
2024-06-20 17:04:16 [2@DESKTOP-Q1751HI]
Interne #1 : Démarrage slaticket
2024-06-20 17:51:55 [@DESKTOP-Q1751HI]
Interne #1 : Démarrage alertnotclosed
2024-06-25 10:40:31 [@DESKTOP-Q1751HI]
Interne #1 : Démarrage certificate
2024-06-25 10:52:29 [2@DESKTOP-Q1751HI]
Interne #1 : Démarrage contract
2024-06-25 11:11:57 [2@DESKTOP-Q1751HI]
Interne #1 : Démarrage graph
2024-06-25 14:08:23 [@DESKTOP-Q1751HI]
Interne #1 : Démarrage RecurrentItems
2024-06-25 14:22:14 [2@DESKTOP-Q1751HI]
Interne #1 : Démarrage reservation
2024-06-25 14:23:43 [@DESKTOP-Q1751HI]
Interne #1 : Démarrage temp
