2023-11-28 15:07:40 [@verone-HP-ProBook-440-G5]
[login] 3: glpi se connecte depuis l'IP ::1
2023-11-28 15:08:33 [@verone-HP-ProBook-440-G5]
[login] 3: glpi login from IP ::1
2023-11-28 16:53:33 [@verone-HP-ProBook-440-G5]
[login] 3: Failed login for glpi from IP ::1
2023-11-28 17:11:08 [2@verone-HP-ProBook-440-G5]
[login] 3: glpi login from IP ::1
2023-12-04 11:25:57 [2@verone-HP-ProBook-440-G5]
[login] 3: glpi login from IP ::1
2023-12-04 11:28:57 [@verone-HP-ProBook-440-G5]
[login] 3: glpi login from IP ::1
2023-12-04 11:29:29 [@verone-HP-ProBook-440-G5]
[login] 3: glpi login from IP ::1
2023-12-04 11:29:54 [@verone-HP-ProBook-440-G5]
[login] 3: glpi login from IP ::1
2023-12-04 11:30:05 [@verone-HP-ProBook-440-G5]
[login] 3: glpi login from IP ::1
2023-12-04 11:30:15 [@verone-HP-ProBook-440-G5]
[login] 3: glpi login from IP ::1
2023-12-04 11:30:26 [@verone-HP-ProBook-440-G5]
[login] 3: glpi login from IP ::1
2023-12-04 11:31:21 [@verone-HP-ProBook-440-G5]
[login] 3: glpi login from IP ::1
2023-12-04 17:56:23 [2@verone-HP-ProBook-440-G5]
[login] 3: glpi login from IP 127.0.0.1
2023-12-05 11:35:10 [@verone-HP-ProBook-440-G5]
[login] 3: Failed login for  from IP ::1
2023-12-05 11:35:45 [@verone-HP-ProBook-440-G5]
[login] 3: Failed login for glpi from IP ::1
2023-12-05 11:35:58 [2@verone-HP-ProBook-440-G5]
[login] 3: glpi login from IP ::1
2023-12-05 11:36:19 [@verone-HP-ProBook-440-G5]
[login] 3: Failed login for  from IP 127.0.0.1
2023-12-05 11:36:28 [2@verone-HP-ProBook-440-G5]
[login] 3: glpi login from IP 127.0.0.1
2023-12-14 12:11:57 [@verone-HP-ProBook-440-G5]
[login] 3: goafrica login from IP ::1
2023-12-14 12:32:55 [@verone-HP-ProBook-440-G5]
[login] 3: Failed login for glpi from IP ::1
2023-12-14 12:39:55 [2@verone-HP-ProBook-440-G5]
[login] 3: glpi login from IP ::1
2023-12-15 17:26:00 [@verone-HP-ProBook-440-G5]
[login] 3: Failed login for login from IP ::1
2023-12-15 17:26:14 [2@verone-HP-ProBook-440-G5]
[login] 3: glpi login from IP ::1
2023-12-19 09:29:02 [2@verone-HP-ProBook-440-G5]
[login] 3: glpi login from IP ::1
2023-12-19 09:41:17 [2@verone-HP-ProBook-440-G5]
[login] 3: glpi login from IP ::1
2023-12-20 08:55:09 [2@verone-HP-ProBook-440-G5]
[login] 3: glpi login from IP ::1
2023-12-20 09:00:35 [@verone-HP-ProBook-440-G5]
[login] 3: Failed login for  from IP ::1
2023-12-20 09:05:04 [2@verone-HP-ProBook-440-G5]
[login] 3: glpi login from IP ::1
2023-12-20 11:45:33 [2@verone-HP-ProBook-440-G5]
[login] 3: glpi login from IP ::1
2023-12-21 15:38:32 [@verone-HP-ProBook-440-G5]
[login] 3: goafrica login from IP ::1
2023-12-21 15:41:34 [@verone-HP-ProBook-440-G5]
[login] 3: pronto login from IP ::1
2023-12-21 15:41:50 [@verone-HP-ProBook-440-G5]
[login] 3: goafrica login from IP ::1
2023-12-21 15:43:46 [2@verone-HP-ProBook-440-G5]
[login] 3: glpi login from IP ::1
2023-12-21 15:45:06 [@verone-HP-ProBook-440-G5]
[login] 3: pronto login from IP ::1
2023-12-21 15:45:19 [2@verone-HP-ProBook-440-G5]
[login] 3: glpi login from IP ::1
2023-12-21 15:48:53 [@verone-HP-ProBook-440-G5]
[login] 3: pronto login from IP ::1
2023-12-21 15:49:22 [@verone-HP-ProBook-440-G5]
[login] 3: Failed login for test from IP ::1
2023-12-21 15:49:49 [2@verone-HP-ProBook-440-G5]
[login] 3: glpi login from IP ::1
2023-12-21 15:51:51 [@verone-HP-ProBook-440-G5]
[login] 3: ocm login from IP ::1
2023-12-21 16:06:33 [@verone-HP-ProBook-440-G5]
[login] 3: Failed login for goafrica from IP ::1
2023-12-21 16:07:29 [@verone-HP-ProBook-440-G5]
[login] 3: goafrica login from IP ::1
2023-12-21 16:59:20 [2@verone-HP-ProBook-440-G5]
[login] 3: glpi login from IP ::1
2023-12-27 21:36:28 [@verone-HP-ProBook-440-G5]
[login] 3: goafrica login from IP ::1
2023-12-27 21:56:59 [2@verone-HP-ProBook-440-G5]
[login] 3: glpi login from IP ::1
2023-12-27 21:59:42 [@verone-HP-ProBook-440-G5]
[login] 3: goafrica login from IP ::1
2023-12-28 13:33:55 [2@verone-HP-ProBook-440-G5]
[login] 3: glpi login from IP ::1
2024-01-17 17:22:55 [@verone-HP-ProBook-440-G5]
[login] 3: hot login from IP ::1
2024-01-18 14:31:38 [@verone-HP-ProBook-440-G5]
[login] 3: hot login from IP ::1
2024-01-18 17:12:58 [2@verone-HP-ProBook-440-G5]
[login] 3: glpi login from IP ::1
2024-01-19 10:32:45 [2@verone-HP-ProBook-440-G5]
[login] 3: glpi login from IP 127.0.0.1
2024-01-19 11:30:05 [@verone-HP-ProBook-440-G5]
[login] 3: Failed login for  from IP ::1
2024-01-19 11:30:22 [2@verone-HP-ProBook-440-G5]
[login] 3: glpi login from IP ::1
2024-01-19 11:30:40 [2@verone-HP-ProBook-440-G5]
[login] 3: glpi se connecte depuis l'IP ::1
2024-01-19 11:30:51 [@verone-HP-ProBook-440-G5]
[login] 3: glpi login from IP ::1
2024-01-19 11:31:02 [@verone-HP-ProBook-440-G5]
[login] 3: glpi login from IP ::1
2024-01-19 11:34:37 [@verone-HP-ProBook-440-G5]
[login] 3: hot login from IP ::1
2024-01-19 11:36:23 [2@verone-HP-ProBook-440-G5]
[login] 3: glpi login from IP ::1
2024-01-19 16:23:54 [2@verone-HP-ProBook-440-G5]
[login] 3: glpi login from IP ::1
2024-01-19 17:01:28 [@verone-HP-ProBook-440-G5]
[login] 3: hot login from IP ::1
2024-01-19 17:41:48 [@verone-HP-ProBook-440-G5]
[login] 3: Failed login for manager from IP ::1
2024-01-19 17:42:01 [@verone-HP-ProBook-440-G5]
[login] 3: manager login from IP ::1
2024-01-19 17:42:45 [@verone-HP-ProBook-440-G5]
[login] 3: observer login from IP ::1
2024-01-19 17:43:16 [@verone-HP-ProBook-440-G5]
[login] 3: service login from IP ::1
2024-01-19 17:46:58 [2@verone-HP-ProBook-440-G5]
[login] 3: glpi login from IP ::1
2024-01-22 11:14:18 [2@verone-HP-ProBook-440-G5]
[login] 3: glpi login from IP ::1
2024-01-25 10:59:38 [2@verone-HP-ProBook-440-G5]
[login] 3: glpi login from IP ::1
2024-02-06 18:33:57 [2@verone-HP-ProBook-440-G5]
[login] 3: glpi login from IP ::1
2024-02-06 18:35:08 [2@verone-HP-ProBook-440-G5]
[login] 3: glpi login from IP ::1
2024-02-06 18:36:37 [2@verone-HP-ProBook-440-G5]
[login] 3: glpi login from IP ::1
2024-02-06 18:38:28 [@verone-HP-ProBook-440-G5]
[login] 3: hot login from IP ::1
2024-02-06 18:39:37 [@verone-HP-ProBook-440-G5]
[login] 3: manager login from IP ::1
2024-02-06 18:40:22 [@verone-HP-ProBook-440-G5]
[login] 3: service login from IP ::1
2024-02-06 18:40:47 [2@verone-HP-ProBook-440-G5]
[login] 3: glpi login from IP ::1
2024-02-09 11:05:26 [2@verone-HP-ProBook-440-G5]
[login] 3: glpi login from IP 127.0.0.1
2024-02-13 08:26:51 [@verone-HP-ProBook-440-G5]
[login] 3: glpi login from IP 127.0.0.1
2024-02-14 14:28:25 [@verone-HP-ProBook-440-G5]
[login] 3: glpi login from IP 127.0.0.1
2024-02-15 14:08:46 [@verone-HP-ProBook-440-G5]
[login] 3: glpi login from IP 127.0.0.1
2024-02-15 14:34:59 [2@verone-HP-ProBook-440-G5]
[login] 3: glpi login from IP 127.0.0.1
2024-02-15 15:18:59 [@verone-HP-ProBook-440-G5]
[login] 3: service login from IP 127.0.0.1
2024-02-15 15:19:22 [2@verone-HP-ProBook-440-G5]
[login] 3: glpi login from IP 127.0.0.1
2024-02-15 17:23:06 [@verone-HP-ProBook-440-G5]
[login] 3: glpi login from IP 127.0.0.1
2024-02-15 17:23:36 [2@verone-HP-ProBook-440-G5]
[login] 3: glpi se connecte depuis l'IP 127.0.0.1
2024-02-16 08:43:29 [@verone-HP-ProBook-440-G5]
[login] 3: glpi login from IP 127.0.0.1
2024-02-16 09:07:31 [2@verone-HP-ProBook-440-G5]
[login] 3: glpi login from IP 127.0.0.1
2024-02-16 09:11:13 [2@verone-HP-ProBook-440-G5]
[login] 3: glpi login from IP 127.0.0.1
2024-02-16 09:20:11 [2@verone-HP-ProBook-440-G5]
[login] 3: glpi login from IP 127.0.0.1
2024-02-16 09:39:05 [2@verone-HP-ProBook-440-G5]
[login] 3: glpi login from IP 127.0.0.1
2024-02-16 10:21:52 [2@verone-HP-ProBook-440-G5]
[login] 3: glpi login from IP 127.0.0.1
2024-02-18 16:14:16 [@verone-HP-ProBook-440-G5]
[login] 3: service login from IP 127.0.0.1
2024-02-18 16:17:13 [2@verone-HP-ProBook-440-G5]
[login] 3: glpi login from IP 127.0.0.1
2024-02-19 09:05:09 [@verone-HP-ProBook-440-G5]
[login] 3: glpi login from IP 127.0.0.1
2024-02-19 09:13:28 [2@verone-HP-ProBook-440-G5]
[login] 3: glpi login from IP 127.0.0.1
2024-02-19 10:31:17 [2@verone-HP-ProBook-440-G5]
[login] 3: glpi login from IP 127.0.0.1
2024-02-19 11:09:47 [2@verone-HP-ProBook-440-G5]
[login] 3: glpi login from IP 127.0.0.1
2024-02-19 13:52:56 [2@verone-HP-ProBook-440-G5]
[login] 3: glpi login from IP 127.0.0.1
2024-02-19 14:02:45 [2@verone-HP-ProBook-440-G5]
[login] 3: glpi login from IP 127.0.0.1
2024-02-20 21:10:33 [@verone-HP-ProBook-440-G5]
[login] 3: Failed login for glpi from IP ::1
2024-02-20 21:10:43 [2@verone-HP-ProBook-440-G5]
[login] 3: glpi login from IP ::1
2024-02-20 21:17:21 [2@verone-HP-ProBook-440-G5]
[login] 3: glpi login from IP ::1
2024-02-21 08:50:53 [@verone-HP-ProBook-440-G5]
[login] 3: Failed login for  from IP 127.0.0.1
2024-02-21 08:51:02 [2@verone-HP-ProBook-440-G5]
[login] 3: glpi login from IP 127.0.0.1
2024-02-21 10:14:29 [2@verone-HP-ProBook-440-G5]
[login] 3: glpi se connecte depuis l'IP 127.0.0.1
2024-02-21 10:24:14 [@verone-HP-ProBook-440-G5]
[login] 3: glpi login from IP 127.0.0.1
2024-02-21 10:24:34 [@verone-HP-ProBook-440-G5]
[login] 3: glpi login from IP 127.0.0.1
2024-02-22 14:25:17 [@verone-HP-ProBook-440-G5]
[login] 3: glpi login from IP 127.0.0.1
2024-02-23 09:39:52 [@verone-HP-ProBook-440-G5]
[login] 3: service login from IP 127.0.0.1
2024-02-23 09:46:37 [@verone-HP-ProBook-440-G5]
[login] 3: hot login from IP 127.0.0.1
2024-02-23 09:47:19 [2@verone-HP-ProBook-440-G5]
[login] 3: glpi se connecte depuis l'IP 127.0.0.1
2024-02-23 09:51:10 [2@verone-HP-ProBook-440-G5]
[login] 3: glpi login from IP 127.0.0.1
2024-02-26 18:26:04 [2@verone-HP-ProBook-440-G5]
[login] 3: glpi login from IP 127.0.0.1
2024-02-28 18:46:10 [@verone-HP-ProBook-440-G5]
[login] 3: Failed login for  from IP 127.0.0.1
2024-02-28 18:54:47 [@verone-HP-ProBook-440-G5]
[login] 3: Failed login for glpi from IP 127.0.0.1
2024-02-28 18:55:57 [2@verone-HP-ProBook-440-G5]
[login] 3: glpi login from IP 127.0.0.1
2024-03-04 18:35:51 [2@verone-HP-ProBook-440-G5]
[login] 3: glpi login from IP ::1
2024-03-04 20:44:50 [@verone-HP-ProBook-440-G5]
[login] 3: hot login from IP ::1
2024-03-04 20:46:10 [@verone-HP-ProBook-440-G5]
[login] 3: hot login from IP ::1
2024-03-04 20:46:32 [@verone-HP-ProBook-440-G5]
[login] 3: service login from IP ::1
2024-03-04 20:46:52 [@verone-HP-ProBook-440-G5]
[login] 3: techni login from IP ::1
2024-03-04 20:47:08 [2@verone-HP-ProBook-440-G5]
[login] 3: glpi login from IP ::1
2024-03-04 20:53:11 [@verone-HP-ProBook-440-G5]
[login] 3: hot login from IP ::1
2024-03-04 20:53:40 [2@verone-HP-ProBook-440-G5]
[login] 3: glpi login from IP ::1
2024-03-04 21:00:55 [@verone-HP-ProBook-440-G5]
[login] 3: hot login from IP ::1
2024-03-04 21:01:45 [@verone-HP-ProBook-440-G5]
[login] 3: hot login from IP ::1
2024-03-04 21:04:00 [@verone-HP-ProBook-440-G5]
[login] 3: hot login from IP ::1
2024-03-04 21:12:09 [2@verone-HP-ProBook-440-G5]
[login] 3: glpi login from IP ::1
2024-03-04 21:36:35 [2@verone-HP-ProBook-440-G5]
[login] 3: glpi login from IP ::1
2024-03-04 21:48:41 [@verone-HP-ProBook-440-G5]
[login] 3: hot login from IP ::1
2024-03-05 08:52:37 [@verone-HP-ProBook-440-G5]
[login] 3: hot login from IP ::1
2024-03-05 09:39:17 [@verone-HP-ProBook-440-G5]
[login] 3: service login from IP ::1
2024-03-05 09:40:27 [@verone-HP-ProBook-440-G5]
[login] 3: techni login from IP ::1
2024-03-05 09:41:06 [2@verone-HP-ProBook-440-G5]
[login] 3: glpi login from IP ::1
2024-03-05 09:43:39 [@verone-HP-ProBook-440-G5]
[login] 3: manager login from IP ::1
2024-03-05 09:44:14 [2@verone-HP-ProBook-440-G5]
[login] 3: glpi login from IP ::1
2024-03-05 09:46:21 [@verone-HP-ProBook-440-G5]
[login] 3: hot login from IP ::1
2024-03-05 09:46:59 [2@verone-HP-ProBook-440-G5]
[login] 3: glpi login from IP ::1
2024-03-05 09:48:06 [@verone-HP-ProBook-440-G5]
[login] 3: hot1 login from IP ::1
2024-03-05 10:22:16 [@verone-HP-ProBook-440-G5]
[login] 3: manager login from IP ::1
2024-03-05 10:43:17 [2@verone-HP-ProBook-440-G5]
[login] 3: glpi login from IP ::1
2024-03-05 10:43:40 [@verone-HP-ProBook-440-G5]
[login] 3: service login from IP ::1
2024-03-05 10:44:30 [@verone-HP-ProBook-440-G5]
[login] 3: service login from IP ::1
2024-03-05 10:45:01 [@verone-HP-ProBook-440-G5]
[login] 3: hot login from IP ::1
2024-03-05 10:45:32 [@verone-HP-ProBook-440-G5]
[login] 3: techni login from IP ::1
2024-03-05 10:46:00 [@verone-HP-ProBook-440-G5]
[login] 3: manager login from IP ::1
2024-03-05 10:46:22 [2@verone-HP-ProBook-440-G5]
[login] 3: glpi login from IP ::1
2024-03-13 12:20:43 [2@verone-HP-ProBook-440-G5]
[login] 3: glpi login from IP 127.0.0.1
2024-06-10 10:53:00 [2@verone-HP-ProBook-440-G5]
[login] 3: glpi login from IP ::1
2024-06-11 09:52:11 [2@DESKTOP-Q1751HI]
[login] 3: glpi se connecte depuis l'IP ::1
2024-06-13 17:29:22 [@DESKTOP-Q1751HI]
[login] 3: glpi se connecte depuis l'IP ::1
2024-06-18 09:30:10 [@DESKTOP-Q1751HI]
[login] 3: glpi se connecte depuis l'IP ::1
2024-06-19 10:27:29 [2@DESKTOP-Q1751HI]
[login] 3: glpi se connecte depuis l'IP ::1
2024-06-20 16:56:28 [@DESKTOP-Q1751HI]
[login] 3: glpi se connecte depuis l'IP ::1
2024-06-20 17:51:58 [2@DESKTOP-Q1751HI]
[login] 3: glpi se connecte depuis l'IP ::1
2024-06-25 10:40:23 [@DESKTOP-Q1751HI]
[login] 3: Connexion échouée de  depuis l'IP ::1
2024-06-25 10:40:38 [2@DESKTOP-Q1751HI]
[login] 3: glpi se connecte depuis l'IP ::1
2024-06-25 14:08:16 [@DESKTOP-Q1751HI]
[login] 3: Connexion échouée de  depuis l'IP ::1
2024-06-25 14:08:25 [2@DESKTOP-Q1751HI]
[login] 3: glpi se connecte depuis l'IP ::1
2024-06-25 14:23:39 [@DESKTOP-Q1751HI]
[login] 3: Connexion échouée de  depuis l'IP ::1
2024-06-25 14:23:46 [2@DESKTOP-Q1751HI]
[login] 3: glpi se connecte depuis l'IP ::1
