2023-11-29 08:37:09 [2@verone-HP-ProBook-440-G5]
Un courriel pour helpdesk.ocm@orange.com a été ajouté à la file d'attente : [GLPI] Erreurs du collecteur
2023-11-29 13:45:54 [2@verone-HP-ProBook-440-G5]
Un courriel pour helpdesk.ocm@orange.com a été ajouté à la file d'attente : [GLPI] Erreurs du collecteur
2023-11-29 14:22:12 [2@verone-HP-ProBook-440-G5]
Un courriel pour helpdesk.ocm@orange.com a été ajouté à la file d'attente : [GLPI] Erreurs du collecteur
2023-11-29 15:46:06 [2@verone-HP-ProBook-440-G5]
Un courriel pour helpdesk.ocm@orange.com a été ajouté à la file d'attente : [GLPI] Erreurs du collecteur
2023-11-29 16:09:38 [2@verone-HP-ProBook-440-G5]
Un courriel pour helpdesk.ocm@orange.com a été ajouté à la file d'attente : [GLPI] Erreurs du collecteur
2023-11-29 18:14:15 [2@verone-HP-ProBook-440-G5]
Un courriel pour jndoho@go-africa.io a été ajouté à la file d'attente : [GLPI #0030219] 0030219 changement de scanner
2023-11-29 18:14:15 [2@verone-HP-ProBook-440-G5]
Un courriel pour vteffo@go-africa.io a été ajouté à la file d'attente : [GLPI #0030219] 0030219 changement de scanner
2023-11-29 18:16:16 [2@verone-HP-ProBook-440-G5]
Un courriel pour jndoho@go-africa.io a été ajouté à la file d'attente : [GLPI #0030220] 0030220 test
2023-11-29 18:16:16 [2@verone-HP-ProBook-440-G5]
Un courriel pour vteffo@go-africa.io a été ajouté à la file d'attente : [GLPI #0030220] 0030220 test
2023-11-29 18:24:01 [2@verone-HP-ProBook-440-G5]
Un courriel pour jndoho@go-africa.io a été ajouté à la file d'attente : [GLPI #0030221] 0030221 test
2023-11-29 18:24:02 [2@verone-HP-ProBook-440-G5]
Un courriel pour vteffo@go-africa.io a été ajouté à la file d'attente : [GLPI #0030221] 0030221 test
2023-12-04 11:25:39 [@verone-HP-ProBook-440-G5]
An email to helpdesk.ocm@orange.com was added to queue: [GLPI] Erreurs du collecteur
2023-12-08 12:20:27 [2@verone-HP-ProBook-440-G5]
Un courriel pour helpdesk.ocm@orange.com a été ajouté à la file d'attente : [GLPI] Erreurs du collecteur
2023-12-14 13:21:35 [2@verone-HP-ProBook-440-G5]
Un courriel pour claudetapi@yahoo.com a été ajouté à la file d'attente : [GLPI #0045167] 0045167 trrr
2023-12-14 13:21:35 [2@verone-HP-ProBook-440-G5]
Un courriel pour vteffo@go-africa.io a été ajouté à la file d'attente : [GLPI #0045167] 0045167 trrr
2023-12-15 11:47:16 [2@verone-HP-ProBook-440-G5]
Un courriel pour claudetapi@yahoo.com a été ajouté à la file d'attente : [GLPI #0045168] 0045168 none
2023-12-15 11:47:17 [2@verone-HP-ProBook-440-G5]
Un courriel pour vteffo@go-africa.io a été ajouté à la file d'attente : [GLPI #0045168] 0045168 none
2023-12-15 11:47:36 [2@verone-HP-ProBook-440-G5]
Un courriel pour vteffo@go-africa.io a été ajouté à la file d'attente : [GLPI #0045169] 0045169 RE: RE : DEMANDE DE D'INFORMATIONS POUR CONFIGURATION GLPI
2023-12-15 11:47:40 [2@verone-HP-ProBook-440-G5]
Un courriel pour jndoho@go-africa.io a été ajouté à la file d'attente : [GLPI #0045169] 0045169 RE: RE : DEMANDE DE D'INFORMATIONS POUR CONFIGURATION GLPI
2023-12-19 09:46:00 [@verone-HP-ProBook-440-G5]
An email to vteffo@go-africa.io was added to queue: [GLPI #0045170] 0045170 RE: RE : DEMANDE DE D'INFORMATIONS POUR CONFIGURATION GLPI
2023-12-19 09:46:00 [@verone-HP-ProBook-440-G5]
An email to jndoho@go-africa.io was added to queue: [GLPI #0045170] 0045170 RE: RE : DEMANDE DE D'INFORMATIONS POUR CONFIGURATION GLPI
2024-02-20 21:22:22 [2@verone-HP-ProBook-440-G5]
Un courriel pour helpdesk.ocm@orange.com a été ajouté à la file d'attente : [GLPI #0045175] 0045175 sds
2024-02-20 21:22:47 [2@verone-HP-ProBook-440-G5]
Un courriel pour helpdesk.ocm@orange.com a été ajouté à la file d'attente : [GLPI #0045175] 0045175 sds
2024-02-20 21:23:00 [2@verone-HP-ProBook-440-G5]
Un courriel pour helpdesk.ocm@orange.com a été ajouté à la file d'attente : [GLPI #0045175] 0045175 sds
2024-02-20 21:23:50 [2@verone-HP-ProBook-440-G5]
Un courriel pour helpdesk.ocm@orange.com a été ajouté à la file d'attente : [GLPI #0045172] 0045172 test
2024-02-20 21:24:38 [2@verone-HP-ProBook-440-G5]
Un courriel pour helpdesk.ocm@orange.com a été ajouté à la file d'attente : [GLPI #0045163] 0045163 INSTALLATION ET CONFIGURATION ZBROWSER  CONTAINER MORA. CUID ZYHX3702
2024-02-20 21:24:39 [2@verone-HP-ProBook-440-G5]
Un courriel pour bakary.garba@orange.com a été ajouté à la file d'attente : [GLPI #0045163] 0045163 INSTALLATION ET CONFIGURATION ZBROWSER  CONTAINER MORA. CUID ZYHX3702
2024-02-22 14:49:24 [2@verone-HP-ProBook-440-G5]
Un courriel pour helpdesk.ocm@orange.com a été ajouté à la file d'attente : [GLPI #0045170] 0045170 RE: RE : DEMANDE DE D'INFORMATIONS POUR CONFIGURATION GLPI
2024-02-22 14:49:24 [2@verone-HP-ProBook-440-G5]
Un courriel pour vteffo@go-africa.io a été ajouté à la file d'attente : [GLPI #0045170] 0045170 RE: RE : DEMANDE DE D'INFORMATIONS POUR CONFIGURATION GLPI
2024-02-22 14:49:24 [2@verone-HP-ProBook-440-G5]
Un courriel pour jndoho@go-africa.io a été ajouté à la file d'attente : [GLPI #0045170] 0045170 RE: RE : DEMANDE DE D'INFORMATIONS POUR CONFIGURATION GLPI
2024-02-23 09:53:31 [2@verone-HP-ProBook-440-G5]
Un courriel pour helpdesk.ocm@orange.com a été ajouté à la file d'attente : [GLPI #0045176] 0045176 ttt
2024-02-23 10:25:00 [2@verone-HP-ProBook-440-G5]
Un courriel pour hyacinthe.goula@orange.com a été ajouté à la file d'attente : [GLPI #0045146] 0045146 Ticket GLPY : Besoin de votre support pour des comptes dans les rebonds 172.21.71.12 et 172.21.91.12.
2024-02-23 10:25:00 [2@verone-HP-ProBook-440-G5]
Un courriel pour brandon.tekam@orange.com a été ajouté à la file d'attente : [GLPI #0045146] 0045146 Ticket GLPY : Besoin de votre support pour des comptes dans les rebonds 172.21.71.12 et 172.21.91.12.
2024-02-23 10:26:27 [2@verone-HP-ProBook-440-G5]
Un courriel pour hyacinthe.goula@orange.com a été ajouté à la file d'attente : [GLPI #0045145] 0045145 Nouveau compte dans le rebond 172.21.71.12
2024-02-23 10:26:27 [2@verone-HP-ProBook-440-G5]
Un courriel pour ruben.bateki@orange.com a été ajouté à la file d'attente : [GLPI #0045145] 0045145 Nouveau compte dans le rebond 172.21.71.12
2024-02-26 18:02:23 [2@verone-HP-ProBook-440-G5]
Un courriel pour helpdesk.ocm@orange.com a été ajouté à la file d'attente : [GLPI #0045177] 0045177 jhg
2024-02-26 18:21:46 [2@verone-HP-ProBook-440-G5]
Un courriel pour helpdesk.ocm@orange.com a été ajouté à la file d'attente : [GLPI #0045166] 0045166 Installation pilote Oracle 64 bits et Toad 15
2024-02-26 18:21:46 [2@verone-HP-ProBook-440-G5]
Un courriel pour arsene.bineli@orange.com a été ajouté à la file d'attente : [GLPI #0045166] 0045166 Installation pilote Oracle 64 bits et Toad 15
2024-02-26 18:28:42 [2@verone-HP-ProBook-440-G5]
Un courriel pour helpdesk.ocm@orange.com a été ajouté à la file d'attente : [GLPI #0045178] 0045178 xw wx
2024-02-26 18:29:27 [2@verone-HP-ProBook-440-G5]
Un courriel pour helpdesk.ocm@orange.com a été ajouté à la file d'attente : [GLPI #0045161] 0045161 INSTALLATION ET CONFIGURATION ZBROWSER CONTAINER DANG CAMPUS. CUID MBMH1415
2024-02-26 18:29:27 [2@verone-HP-ProBook-440-G5]
Un courriel pour bakary.garba@orange.com a été ajouté à la file d'attente : [GLPI #0045161] 0045161 INSTALLATION ET CONFIGURATION ZBROWSER CONTAINER DANG CAMPUS. CUID MBMH1415
2024-02-26 18:30:21 [2@verone-HP-ProBook-440-G5]
Un courriel pour pierre.tetang@orange.com a été ajouté à la file d'attente : [GLPI #0045149] 0045149 echec accès QCTOOL
2024-02-26 18:30:21 [2@verone-HP-ProBook-440-G5]
Un courriel pour ignace.zana@orange.com a été ajouté à la file d'attente : [GLPI #0045149] 0045149 echec accès QCTOOL
2024-06-11 09:51:33 [@DESKTOP-Q1751HI]
Un courriel pour helpdesk.ocm@orange.com a été ajouté à la file d'attente : [GLPI] Surveillance des actions automatiques
2024-06-19 13:11:40 [2@DESKTOP-Q1751HI]
Un courriel pour helpdesk.ocm@orange.com a été ajouté à la file d'attente : [GLPI] Surveillance des actions automatiques
