2023-12-08 13:54:44 [2@verone-HP-ProBook-440-G5]
0 seconde for "Traitement en cours..." @ 2023-12-08 13:54:46 [2@verone-HP-ProBook-440-G5]
2 secondes for "Changement de la structure de la base de données - glpi_tickets" @ 2023-12-08 13:54:48 [2@verone-HP-ProBook-440-G5]
2 secondes for "Changement de la structure de la base de données - glpi_dropdowntranslations" @ 2023-12-08 13:55:09 [2@verone-HP-ProBook-440-G5]
21 secondes for "Changement de la structure de la base de données - glpi_notificationtemplatetranslations" @ 2023-12-08 13:55:12 [2@verone-HP-ProBook-440-G5]
3 secondes for "Changement de la structure de la base de données - glpi_knowbaseitems_revisions" @ 2023-12-12 16:59:05 [2@verone-HP-ProBook-440-G5]
0 seconde for "Traitement en cours..." @ 2023-12-12 16:59:06 [2@verone-HP-ProBook-440-G5]
1 seconde for "Changement de la structure de la base de données - glpi_dropdowntranslations" @ 2023-12-12 16:59:07 [2@verone-HP-ProBook-440-G5]
1 seconde for "Changement de la structure de la base de données - glpi_notificationtemplatetranslations" @ 2023-12-12 16:59:08 [2@verone-HP-ProBook-440-G5]
1 seconde for "Changement de la structure de la base de données - glpi_knowbaseitems_revisions" @ 2023-12-12 17:04:15 [2@verone-HP-ProBook-440-G5]
0 seconde for "Traitement en cours..." @ 2023-12-12 17:04:16 [2@verone-HP-ProBook-440-G5]
1 seconde for "Changement de la structure de la base de données - glpi_dropdowntranslations" @ 2023-12-12 17:04:43 [2@verone-HP-ProBook-440-G5]
27 secondes for "Changement de la structure de la base de données - glpi_knowbaseitemtranslations" @ 2023-12-12 17:04:44 [2@verone-HP-ProBook-440-G5]
1 seconde for "Changement de la structure de la base de données - glpi_notificationtemplatetranslations" @ 2023-12-12 17:04:45 [2@verone-HP-ProBook-440-G5]
1 seconde for "Changement de la structure de la base de données - glpi_knowbaseitems_revisions" @ 2023-12-12 17:04:46 [2@verone-HP-ProBook-440-G5]
1 seconde for "Changement de la structure de la base de données - glpi_knowbaseitems_comments" @ 2023-12-12 17:04:46 [2@verone-HP-ProBook-440-G5]
0 seconde for "Traitement terminé." @ 2023-12-14 09:13:08 [2@verone-HP-ProBook-440-G5]
0 seconde for "Traitement en cours..." @ 2023-12-14 09:13:09 [2@verone-HP-ProBook-440-G5]
1 seconde for "Changement de la structure de la base de données - glpi_tickets" @ 2023-12-14 09:13:09 [2@verone-HP-ProBook-440-G5]
0 seconde for "Changement de la structure de la base de données - glpi_dropdowntranslations" @ 2023-12-14 09:13:10 [2@verone-HP-ProBook-440-G5]
1 seconde for "Changement de la structure de la base de données - glpi_notificationtemplatetranslations" @ 2023-12-14 09:13:10 [2@verone-HP-ProBook-440-G5]
0 seconde for "Changement de la structure de la base de données - glpi_knowbaseitems_revisions" @ 2023-12-14 09:30:54 [2@verone-HP-ProBook-440-G5]
0 seconde for "Traitement en cours..." @ 2023-12-14 09:30:54 [2@verone-HP-ProBook-440-G5]
0 seconde for "Changement de la structure de la base de données - glpi_dropdowntranslations" @ 2023-12-14 09:30:54 [2@verone-HP-ProBook-440-G5]
0 seconde for "Changement de la structure de la base de données - glpi_knowbaseitemtranslations" @ 2023-12-14 09:30:54 [2@verone-HP-ProBook-440-G5]
0 seconde for "Changement de la structure de la base de données - glpi_notificationtemplatetranslations" @ 2023-12-14 09:30:54 [2@verone-HP-ProBook-440-G5]
0 seconde for "Changement de la structure de la base de données - glpi_knowbaseitems_revisions" @ 2023-12-14 09:30:54 [2@verone-HP-ProBook-440-G5]
0 seconde for "Changement de la structure de la base de données - glpi_knowbaseitems_comments" @ 2023-12-14 09:30:54 [2@verone-HP-ProBook-440-G5]
0 seconde for "Traitement terminé." @ 2024-02-28 16:54:57 [@verone-HP-ProBook-440-G5]
0 seconds for "Work in progress..." @ 2024-02-28 16:55:00 [@verone-HP-ProBook-440-G5]
3 seconds for "Change of the database layout - glpi_tickets" @ 2024-02-28 16:55:03 [@verone-HP-ProBook-440-G5]
3 seconds for "Change of the database layout - glpi_dropdowntranslations" @ 2024-02-28 16:55:27 [@verone-HP-ProBook-440-G5]
24 seconds for "Change of the database layout - glpi_knowbaseitemtranslations" @ 2024-02-28 16:55:51 [@verone-HP-ProBook-440-G5]
24 seconds for "Change of the database layout - glpi_notificationtemplatetranslations" @ 2024-02-28 16:55:55 [@verone-HP-ProBook-440-G5]
4 seconds for "Change of the database layout - glpi_knowbaseitems_revisions" @ 2024-02-28 16:55:57 [@verone-HP-ProBook-440-G5]
2 seconds for "Change of the database layout - glpi_knowbaseitems_comments" @ 2024-02-28 16:55:57 [@verone-HP-ProBook-440-G5]
0 seconds for "Task Completed." @ 