2023-12-12 19:49:42 [2@verone-HP-ProBook-440-G5]
0 seconde for "Traitement en cours..." @ 2023-12-12 19:49:43 [2@verone-HP-ProBook-440-G5]
1 seconde for "Add new configurations / user preferences" @ 2023-12-12 19:49:43 [2@verone-HP-ProBook-440-G5]
0 seconde for "Renommage du type élément "Computer_SoftwareLicense" par "Item_SoftwareLicense"...  " @ 2023-12-12 19:49:45 [2@verone-HP-ProBook-440-G5]
2 secondes for "Renommage du type élément "Computer_SoftwareLicense" par "Item_SoftwareLicense" dans toutes les tables..." @ 2023-12-12 19:49:45 [2@verone-HP-ProBook-440-G5]
0 seconde for "Renommage du type élément "Computer_SoftwareVersion" par "Item_SoftwareVersion"...  " @ 2023-12-12 19:50:00 [2@verone-HP-ProBook-440-G5]
15 secondes for "Renommage du type élément "Computer_SoftwareVersion" par "Item_SoftwareVersion" dans toutes les tables..." @ 2023-12-12 19:50:14 [2@verone-HP-ProBook-440-G5]
14 secondes for "Changement de la structure de la base de données - glpi_lockedfields" @ 2023-12-12 19:50:40 [2@verone-HP-ProBook-440-G5]
26 secondes for "Changement de la structure de la base de données - glpi_impactcontexts" @ 2023-12-12 19:50:41 [2@verone-HP-ProBook-440-G5]
1 seconde for "Traitement terminé." @ 2023-12-14 10:50:19 [2@verone-HP-ProBook-440-G5]
0 seconde for "Traitement en cours..." @ 2023-12-14 10:50:20 [2@verone-HP-ProBook-440-G5]
0 seconde for "Add new configurations / user preferences" @ 2023-12-14 10:50:20 [2@verone-HP-ProBook-440-G5]
0 seconde for "Renommage du type élément "Computer_SoftwareLicense" par "Item_SoftwareLicense"...  " @ 2023-12-14 10:50:20 [2@verone-HP-ProBook-440-G5]
0 seconde for "Renommage du type élément "Computer_SoftwareLicense" par "Item_SoftwareLicense" dans toutes les tables..." @ 2023-12-14 10:50:20 [2@verone-HP-ProBook-440-G5]
0 seconde for "Renommage du type élément "Computer_SoftwareVersion" par "Item_SoftwareVersion"...  " @ 2023-12-14 10:50:28 [2@verone-HP-ProBook-440-G5]
8 secondes for "Renommage du type élément "Computer_SoftwareVersion" par "Item_SoftwareVersion" dans toutes les tables..." @ 2023-12-14 10:50:42 [2@verone-HP-ProBook-440-G5]
14 secondes for "Changement de la structure de la base de données - glpi_lockedfields" @ 2023-12-14 10:51:02 [2@verone-HP-ProBook-440-G5]
20 secondes for "Changement de la structure de la base de données - glpi_impactcontexts" @ 2023-12-14 10:51:02 [2@verone-HP-ProBook-440-G5]
0 seconde for "Traitement terminé." @ 2024-02-28 18:31:25 [@verone-HP-ProBook-440-G5]
1 seconds for "Work in progress..." @ 2024-02-28 18:31:25 [@verone-HP-ProBook-440-G5]
0 seconds for "Add new configurations / user preferences" @ 2024-02-28 18:31:25 [@verone-HP-ProBook-440-G5]
0 seconds for "Renaming "Computer_SoftwareLicense" itemtype to "Item_SoftwareLicense"..." @ 2024-02-28 18:31:29 [@verone-HP-ProBook-440-G5]
4 seconds for "Renaming "Computer_SoftwareLicense" itemtype to "Item_SoftwareLicense" in all tables..." @ 2024-02-28 18:31:29 [@verone-HP-ProBook-440-G5]
0 seconds for "Renaming "Computer_SoftwareVersion" itemtype to "Item_SoftwareVersion"..." @ 2024-02-28 18:31:39 [@verone-HP-ProBook-440-G5]
10 seconds for "Renaming "Computer_SoftwareVersion" itemtype to "Item_SoftwareVersion" in all tables..." @ 2024-02-28 18:31:51 [@verone-HP-ProBook-440-G5]
12 seconds for "Change of the database layout - glpi_lockedfields" @ 2024-02-28 18:32:13 [@verone-HP-ProBook-440-G5]
22 seconds for "Change of the database layout - glpi_impactcontexts" @ 2024-02-28 18:32:13 [@verone-HP-ProBook-440-G5]
0 seconds for "Task Completed." @ 