2023-12-12 17:04:50 [2@verone-HP-ProBook-440-G5]
0 seconde for "Traitement en cours..." @ 2023-12-12 17:04:52 [2@verone-HP-ProBook-440-G5]
2 secondes for "Changement de la structure de la base de données - glpi_entities" @ 2023-12-12 17:08:16 [2@verone-HP-ProBook-440-G5]
3 minutes 24 secondes for "Changement de la structure de la base de données - glpi_entities" @ 2023-12-12 17:08:18 [2@verone-HP-ProBook-440-G5]
2 secondes for "Changement de la structure de la base de données - glpi_items_softwareversions" @ 2023-12-12 17:08:41 [2@verone-HP-ProBook-440-G5]
23 secondes for "Changement de la structure de la base de données - glpi_items_softwareversions" @ 2023-12-12 17:09:45 [2@verone-HP-ProBook-440-G5]
1 minutes 4 secondes for "Changement de la structure de la base de données - glpi_items_softwarelicenses" @ 2023-12-12 17:09:45 [2@verone-HP-ProBook-440-G5]
0 seconde for "Renommage du type élément "AuthLdap" par "AuthLDAP"...  " @ 2023-12-12 17:09:45 [2@verone-HP-ProBook-440-G5]
0 seconde for "Renommage du type élément "AuthLdap" par "AuthLDAP" dans toutes les tables..." @ 2023-12-12 17:09:45 [2@verone-HP-ProBook-440-G5]
0 seconde for "Renommage du type élément "Crontask" par "CronTask"...  " @ 2023-12-12 17:09:45 [2@verone-HP-ProBook-440-G5]
0 seconde for "Renommage du type élément "Crontask" par "CronTask" dans toutes les tables..." @ 2023-12-12 17:09:45 [2@verone-HP-ProBook-440-G5]
0 seconde for "Renommage du type élément "InfoCom" par "Infocom"...  " @ 2023-12-12 17:15:30 [2@verone-HP-ProBook-440-G5]
5 minutes 45 secondes for "Renommage du type élément "InfoCom" par "Infocom" dans toutes les tables..." @ 2023-12-12 17:16:16 [2@verone-HP-ProBook-440-G5]
46 secondes for "Changement de la structure de la base de données - glpi_documents_items" @ 2023-12-12 17:21:24 [2@verone-HP-ProBook-440-G5]
5 minutes 8 secondes for "Ajout des index d'unicité - glpi_documents_items" @ 2023-12-12 17:23:12 [2@verone-HP-ProBook-440-G5]
1 minutes 48 secondes for "Changement de la structure de la base de données - glpi_entities" @ 2023-12-12 17:23:34 [2@verone-HP-ProBook-440-G5]
22 secondes for "Changement de la structure de la base de données - glpi_items_disks" @ 2023-12-12 17:23:58 [2@verone-HP-ProBook-440-G5]
24 secondes for "Changement de la structure de la base de données - glpi_suppliers" @ 2023-12-12 17:24:04 [2@verone-HP-ProBook-440-G5]
6 secondes for "Changement de la structure de la base de données - glpi_users" @ 2023-12-12 17:24:58 [2@verone-HP-ProBook-440-G5]
54 secondes for "Changement de la structure de la base de données - glpi_softwarelicenses" @ 2023-12-12 17:25:32 [2@verone-HP-ProBook-440-G5]
34 secondes for "Changement de la structure de la base de données - glpi_states" @ 2023-12-12 17:26:38 [2@verone-HP-ProBook-440-G5]
1 minutes 6 secondes for "Changement de la structure de la base de données - glpi_itilcategories" @ 2023-12-12 17:26:58 [2@verone-HP-ProBook-440-G5]
20 secondes for "Changement de la structure de la base de données - glpi_tickettemplatehiddenfields" @ 2023-12-12 17:27:35 [2@verone-HP-ProBook-440-G5]
37 secondes for "Changement de la structure de la base de données - glpi_tickettemplatemandatoryfields" @ 2023-12-12 17:28:02 [2@verone-HP-ProBook-440-G5]
27 secondes for "Changement de la structure de la base de données - glpi_tickettemplatepredefinedfields" @ 2023-12-12 17:28:14 [2@verone-HP-ProBook-440-G5]
12 secondes for "Changement de la structure de la base de données - glpi_projects" @ 2023-12-12 17:28:39 [2@verone-HP-ProBook-440-G5]
25 secondes for "Changement de la structure de la base de données - glpi_projecttasks" @ 2023-12-12 17:28:48 [2@verone-HP-ProBook-440-G5]
9 secondes for "Ajout des index d'unicité - glpi_projecttasks" @ 2023-12-12 17:29:07 [2@verone-HP-ProBook-440-G5]
19 secondes for "Changement de la structure de la base de données - glpi_items_softwarelicenses" @ 2023-12-12 17:29:32 [2@verone-HP-ProBook-440-G5]
25 secondes for "Changement de la structure de la base de données - glpi_tickettasks" @ 2023-12-12 17:29:42 [2@verone-HP-ProBook-440-G5]
10 secondes for "Ajout des index d'unicité - glpi_tickettasks" @ 2023-12-12 17:30:08 [2@verone-HP-ProBook-440-G5]
26 secondes for "Changement de la structure de la base de données - glpi_profiles" @ 2023-12-12 17:30:12 [2@verone-HP-ProBook-440-G5]
4 secondes for "Changement de la structure de la base de données - glpi_planningexternalevents" @ 2023-12-12 17:30:20 [2@verone-HP-ProBook-440-G5]
8 secondes for "Ajout des index d'unicité - glpi_planningexternalevents" @ 2023-12-12 17:30:30 [2@verone-HP-ProBook-440-G5]
10 secondes for "Changement de la structure de la base de données - glpi_reminders" @ 2023-12-12 17:30:35 [2@verone-HP-ProBook-440-G5]
5 secondes for "Ajout des index d'unicité - glpi_reminders" @ 2023-12-12 17:30:40 [2@verone-HP-ProBook-440-G5]
5 secondes for "Changement de la structure de la base de données - glpi_changetasks" @ 2023-12-12 17:30:46 [2@verone-HP-ProBook-440-G5]
6 secondes for "Ajout des index d'unicité - glpi_changetasks" @ 2023-12-12 17:30:51 [2@verone-HP-ProBook-440-G5]
5 secondes for "Changement de la structure de la base de données - glpi_problemtasks" @ 2023-12-12 17:31:02 [2@verone-HP-ProBook-440-G5]
11 secondes for "Ajout des index d'unicité - glpi_problemtasks" @ 2023-12-12 17:31:25 [2@verone-HP-ProBook-440-G5]
23 secondes for "Changement de la structure de la base de données - glpi_domains" @ 2023-12-12 17:31:36 [2@verone-HP-ProBook-440-G5]
11 secondes for "Changement de la structure de la base de données - glpi_computers" @ 2023-12-12 17:31:41 [2@verone-HP-ProBook-440-G5]
5 secondes for "Changement de la structure de la base de données - glpi_networkequipments" @ 2023-12-12 17:31:46 [2@verone-HP-ProBook-440-G5]
5 secondes for "Changement de la structure de la base de données - glpi_printers" @ 2023-12-12 17:32:05 [2@verone-HP-ProBook-440-G5]
19 secondes for "Changement de la structure de la base de données - glpi_domains_items" @ 2023-12-12 17:32:24 [2@verone-HP-ProBook-440-G5]
19 secondes for "Changement de la structure de la base de données - glpi_impactitems" @ 2023-12-12 17:32:29 [2@verone-HP-ProBook-440-G5]
5 secondes for "Changement de la structure de la base de données - glpi_mailcollectors" @ 2023-12-12 17:33:01 [2@verone-HP-ProBook-440-G5]
32 secondes for "Changement de la structure de la base de données - glpi_contracts" @ 2023-12-12 17:33:05 [2@verone-HP-ProBook-440-G5]
4 secondes for "Changement de la structure de la base de données - glpi_notifications" @ 2023-12-12 17:33:32 [2@verone-HP-ProBook-440-G5]
27 secondes for "Changement de la structure de la base de données - glpi_items_devicesimcards" @ 2023-12-12 17:36:01 [2@verone-HP-ProBook-440-G5]
2 minutes 29 secondes for "Ajout des index d'unicité - glpi_items_softwareversions" @ 2023-12-12 17:36:01 [2@verone-HP-ProBook-440-G5]
0 seconde for "Valeur de configuration ajoutée pour timezone, devices_in_menu, impact_assets_list, default_dashboard_central, default_dashboard_assets, default_dashboard_helpdesk, default_dashboard_mini_ticket, ssologout_url, password_expiration_delay, password_expiration_notice, password_expiration_lock_delay, translate_reminders, impact_enabled_itemtypes, admin_email_noreply, admin_email_noreply_name, glpinetwork_registration_key (core)." @ 2023-12-12 17:36:01 [2@verone-HP-ProBook-440-G5]
0 seconde for "Traitement terminé." @ 2023-12-14 09:30:54 [2@verone-HP-ProBook-440-G5]
0 seconde for "Traitement en cours..." @ 2023-12-14 09:30:55 [2@verone-HP-ProBook-440-G5]
0 seconde for "Changement de la structure de la base de données - glpi_entities" @ 2023-12-14 09:31:00 [2@verone-HP-ProBook-440-G5]
5 secondes for "Changement de la structure de la base de données - glpi_entities" @ 2023-12-14 09:31:01 [2@verone-HP-ProBook-440-G5]
1 seconde for "Changement de la structure de la base de données - glpi_items_softwareversions" @ 2023-12-14 09:31:01 [2@verone-HP-ProBook-440-G5]
0 seconde for "Changement de la structure de la base de données - glpi_items_softwareversions" @ 2023-12-14 09:31:02 [2@verone-HP-ProBook-440-G5]
1 seconde for "Changement de la structure de la base de données - glpi_items_softwarelicenses" @ 2023-12-14 09:31:02 [2@verone-HP-ProBook-440-G5]
0 seconde for "Renommage du type élément "AuthLdap" par "AuthLDAP"...  " @ 2023-12-14 09:31:02 [2@verone-HP-ProBook-440-G5]
0 seconde for "Renommage du type élément "AuthLdap" par "AuthLDAP" dans toutes les tables..." @ 2023-12-14 09:31:02 [2@verone-HP-ProBook-440-G5]
0 seconde for "Renommage du type élément "Crontask" par "CronTask"...  " @ 2023-12-14 09:31:02 [2@verone-HP-ProBook-440-G5]
0 seconde for "Renommage du type élément "Crontask" par "CronTask" dans toutes les tables..." @ 2023-12-14 09:31:02 [2@verone-HP-ProBook-440-G5]
0 seconde for "Renommage du type élément "InfoCom" par "Infocom"...  " @ 2023-12-14 09:31:08 [2@verone-HP-ProBook-440-G5]
6 secondes for "Renommage du type élément "InfoCom" par "Infocom" dans toutes les tables..." @ 2023-12-14 09:31:09 [2@verone-HP-ProBook-440-G5]
1 seconde for "Changement de la structure de la base de données - glpi_documents_items" @ 2023-12-14 09:31:13 [2@verone-HP-ProBook-440-G5]
4 secondes for "Ajout des index d'unicité - glpi_documents_items" @ 2023-12-14 09:31:14 [2@verone-HP-ProBook-440-G5]
1 seconde for "Changement de la structure de la base de données - glpi_entities" @ 2023-12-14 09:31:14 [2@verone-HP-ProBook-440-G5]
0 seconde for "Changement de la structure de la base de données - glpi_items_disks" @ 2023-12-14 09:31:15 [2@verone-HP-ProBook-440-G5]
1 seconde for "Changement de la structure de la base de données - glpi_suppliers" @ 2023-12-14 09:31:16 [2@verone-HP-ProBook-440-G5]
1 seconde for "Changement de la structure de la base de données - glpi_users" @ 2023-12-14 09:31:16 [2@verone-HP-ProBook-440-G5]
0 seconde for "Changement de la structure de la base de données - glpi_softwarelicenses" @ 2023-12-14 09:31:18 [2@verone-HP-ProBook-440-G5]
2 secondes for "Changement de la structure de la base de données - glpi_states" @ 2023-12-14 09:31:19 [2@verone-HP-ProBook-440-G5]
1 seconde for "Changement de la structure de la base de données - glpi_itilcategories" @ 2023-12-14 09:31:19 [2@verone-HP-ProBook-440-G5]
0 seconde for "Changement de la structure de la base de données - glpi_tickettemplatehiddenfields" @ 2023-12-14 09:31:19 [2@verone-HP-ProBook-440-G5]
0 seconde for "Changement de la structure de la base de données - glpi_tickettemplatemandatoryfields" @ 2023-12-14 09:31:20 [2@verone-HP-ProBook-440-G5]
1 seconde for "Changement de la structure de la base de données - glpi_tickettemplatepredefinedfields" @ 2023-12-14 09:31:20 [2@verone-HP-ProBook-440-G5]
0 seconde for "Changement de la structure de la base de données - glpi_projects" @ 2023-12-14 09:31:20 [2@verone-HP-ProBook-440-G5]
0 seconde for "Changement de la structure de la base de données - glpi_projecttasks" @ 2023-12-14 09:31:20 [2@verone-HP-ProBook-440-G5]
0 seconde for "Ajout des index d'unicité - glpi_projecttasks" @ 2023-12-14 09:31:20 [2@verone-HP-ProBook-440-G5]
0 seconde for "Changement de la structure de la base de données - glpi_items_softwarelicenses" @ 2023-12-14 09:31:21 [2@verone-HP-ProBook-440-G5]
1 seconde for "Changement de la structure de la base de données - glpi_tickettasks" @ 2023-12-14 09:31:21 [2@verone-HP-ProBook-440-G5]
0 seconde for "Ajout des index d'unicité - glpi_tickettasks" @ 2023-12-14 09:31:22 [2@verone-HP-ProBook-440-G5]
1 seconde for "Changement de la structure de la base de données - glpi_profiles" @ 2023-12-14 09:31:22 [2@verone-HP-ProBook-440-G5]
0 seconde for "Changement de la structure de la base de données - glpi_planningexternalevents" @ 2023-12-14 09:31:22 [2@verone-HP-ProBook-440-G5]
0 seconde for "Ajout des index d'unicité - glpi_planningexternalevents" @ 2023-12-14 09:31:22 [2@verone-HP-ProBook-440-G5]
0 seconde for "Changement de la structure de la base de données - glpi_reminders" @ 2023-12-14 09:31:23 [2@verone-HP-ProBook-440-G5]
1 seconde for "Ajout des index d'unicité - glpi_reminders" @ 2023-12-14 09:31:23 [2@verone-HP-ProBook-440-G5]
0 seconde for "Changement de la structure de la base de données - glpi_changetasks" @ 2023-12-14 09:31:23 [2@verone-HP-ProBook-440-G5]
0 seconde for "Ajout des index d'unicité - glpi_changetasks" @ 2023-12-14 09:31:23 [2@verone-HP-ProBook-440-G5]
0 seconde for "Changement de la structure de la base de données - glpi_problemtasks" @ 2023-12-14 09:31:23 [2@verone-HP-ProBook-440-G5]
0 seconde for "Ajout des index d'unicité - glpi_problemtasks" @ 2023-12-14 09:31:24 [2@verone-HP-ProBook-440-G5]
1 seconde for "Changement de la structure de la base de données - glpi_domains" @ 2023-12-14 09:31:24 [2@verone-HP-ProBook-440-G5]
0 seconde for "Changement de la structure de la base de données - glpi_computers" @ 2023-12-14 09:31:24 [2@verone-HP-ProBook-440-G5]
0 seconde for "Changement de la structure de la base de données - glpi_networkequipments" @ 2023-12-14 09:31:25 [2@verone-HP-ProBook-440-G5]
1 seconde for "Changement de la structure de la base de données - glpi_printers" @ 2023-12-14 09:31:25 [2@verone-HP-ProBook-440-G5]
0 seconde for "Changement de la structure de la base de données - glpi_domains_items" @ 2023-12-14 09:31:26 [2@verone-HP-ProBook-440-G5]
1 seconde for "Changement de la structure de la base de données - glpi_impactitems" @ 2023-12-14 09:31:26 [2@verone-HP-ProBook-440-G5]
0 seconde for "Changement de la structure de la base de données - glpi_mailcollectors" @ 2023-12-14 09:31:26 [2@verone-HP-ProBook-440-G5]
0 seconde for "Changement de la structure de la base de données - glpi_contracts" @ 2023-12-14 09:31:26 [2@verone-HP-ProBook-440-G5]
0 seconde for "Changement de la structure de la base de données - glpi_notifications" @ 2023-12-14 09:31:27 [2@verone-HP-ProBook-440-G5]
1 seconde for "Changement de la structure de la base de données - glpi_items_devicesimcards" @ 2023-12-14 09:32:17 [2@verone-HP-ProBook-440-G5]
50 secondes for "Ajout des index d'unicité - glpi_items_softwareversions" @ 2023-12-14 09:32:17 [2@verone-HP-ProBook-440-G5]
0 seconde for "Valeur de configuration ajoutée pour timezone, devices_in_menu, impact_assets_list, default_dashboard_central, default_dashboard_assets, default_dashboard_helpdesk, default_dashboard_mini_ticket, ssologout_url, password_expiration_delay, password_expiration_notice, password_expiration_lock_delay, translate_reminders, impact_enabled_itemtypes, admin_email_noreply, admin_email_noreply_name, glpinetwork_registration_key (core)." @ 2023-12-14 09:32:18 [2@verone-HP-ProBook-440-G5]
1 seconde for "Traitement terminé." @ 2024-02-28 16:56:01 [@verone-HP-ProBook-440-G5]
1 seconds for "Work in progress..." @ 2024-02-28 16:56:03 [@verone-HP-ProBook-440-G5]
2 seconds for "Change of the database layout - glpi_entities" @ 2024-02-28 16:59:02 [@verone-HP-ProBook-440-G5]
2 minutes 59 seconds for "Change of the database layout - glpi_entities" @ 2024-02-28 16:59:05 [@verone-HP-ProBook-440-G5]
3 seconds for "Change of the database layout - glpi_items_softwareversions" @ 2024-02-28 16:59:22 [@verone-HP-ProBook-440-G5]
17 seconds for "Change of the database layout - glpi_items_softwareversions" @ 2024-02-28 17:00:03 [@verone-HP-ProBook-440-G5]
41 seconds for "Change of the database layout - glpi_items_softwarelicenses" @ 2024-02-28 17:00:03 [@verone-HP-ProBook-440-G5]
0 seconds for "Renaming "AuthLdap" itemtype to "AuthLDAP"..." @ 2024-02-28 17:00:03 [@verone-HP-ProBook-440-G5]
0 seconds for "Renaming "AuthLdap" itemtype to "AuthLDAP" in all tables..." @ 2024-02-28 17:00:03 [@verone-HP-ProBook-440-G5]
0 seconds for "Renaming "Crontask" itemtype to "CronTask"..." @ 2024-02-28 17:00:03 [@verone-HP-ProBook-440-G5]
0 seconds for "Renaming "Crontask" itemtype to "CronTask" in all tables..." @ 2024-02-28 17:00:03 [@verone-HP-ProBook-440-G5]
0 seconds for "Renaming "InfoCom" itemtype to "Infocom"..." @ 2024-02-28 17:02:44 [@verone-HP-ProBook-440-G5]
2 minutes 41 seconds for "Renaming "InfoCom" itemtype to "Infocom" in all tables..." @ 2024-02-28 17:03:02 [@verone-HP-ProBook-440-G5]
18 seconds for "Change of the database layout - glpi_documents_items" @ 2024-02-28 17:05:24 [@verone-HP-ProBook-440-G5]
2 minutes 22 seconds for "Adding unicity indices - glpi_documents_items" @ 2024-02-28 17:06:16 [@verone-HP-ProBook-440-G5]
52 seconds for "Change of the database layout - glpi_entities" @ 2024-02-28 17:06:20 [@verone-HP-ProBook-440-G5]
4 seconds for "Change of the database layout - glpi_items_disks" @ 2024-02-28 17:06:42 [@verone-HP-ProBook-440-G5]
22 seconds for "Change of the database layout - glpi_suppliers" @ 2024-02-28 17:06:45 [@verone-HP-ProBook-440-G5]
3 seconds for "Change of the database layout - glpi_users" @ 2024-02-28 17:07:24 [@verone-HP-ProBook-440-G5]
39 seconds for "Change of the database layout - glpi_softwarelicenses" @ 2024-02-28 17:07:59 [@verone-HP-ProBook-440-G5]
35 seconds for "Change of the database layout - glpi_states" @ 2024-02-28 17:08:45 [@verone-HP-ProBook-440-G5]
46 seconds for "Change of the database layout - glpi_itilcategories" @ 2024-02-28 17:08:52 [@verone-HP-ProBook-440-G5]
7 seconds for "Change of the database layout - glpi_tickettemplatehiddenfields" @ 2024-02-28 17:08:59 [@verone-HP-ProBook-440-G5]
7 seconds for "Change of the database layout - glpi_tickettemplatemandatoryfields" @ 2024-02-28 17:09:08 [@verone-HP-ProBook-440-G5]
9 seconds for "Change of the database layout - glpi_tickettemplatepredefinedfields" @ 2024-02-28 17:09:13 [@verone-HP-ProBook-440-G5]
5 seconds for "Change of the database layout - glpi_projects" @ 2024-02-28 17:09:17 [@verone-HP-ProBook-440-G5]
4 seconds for "Change of the database layout - glpi_projecttasks" @ 2024-02-28 17:09:22 [@verone-HP-ProBook-440-G5]
5 seconds for "Adding unicity indices - glpi_projecttasks" @ 2024-02-28 17:09:32 [@verone-HP-ProBook-440-G5]
10 seconds for "Change of the database layout - glpi_items_softwarelicenses" @ 2024-02-28 17:10:04 [@verone-HP-ProBook-440-G5]
32 seconds for "Change of the database layout - glpi_tickettasks" @ 2024-02-28 17:10:13 [@verone-HP-ProBook-440-G5]
9 seconds for "Adding unicity indices - glpi_tickettasks" @ 2024-02-28 17:10:30 [@verone-HP-ProBook-440-G5]
17 seconds for "Change of the database layout - glpi_profiles" @ 2024-02-28 17:10:35 [@verone-HP-ProBook-440-G5]
5 seconds for "Change of the database layout - glpi_planningexternalevents" @ 2024-02-28 17:10:42 [@verone-HP-ProBook-440-G5]
7 seconds for "Adding unicity indices - glpi_planningexternalevents" @ 2024-02-28 17:10:46 [@verone-HP-ProBook-440-G5]
4 seconds for "Change of the database layout - glpi_reminders" @ 2024-02-28 17:10:54 [@verone-HP-ProBook-440-G5]
8 seconds for "Adding unicity indices - glpi_reminders" @ 2024-02-28 17:10:58 [@verone-HP-ProBook-440-G5]
4 seconds for "Change of the database layout - glpi_changetasks" @ 2024-02-28 17:11:03 [@verone-HP-ProBook-440-G5]
5 seconds for "Adding unicity indices - glpi_changetasks" @ 2024-02-28 17:11:10 [@verone-HP-ProBook-440-G5]
7 seconds for "Change of the database layout - glpi_problemtasks" @ 2024-02-28 17:11:17 [@verone-HP-ProBook-440-G5]
7 seconds for "Adding unicity indices - glpi_problemtasks" @ 2024-02-28 17:11:37 [@verone-HP-ProBook-440-G5]
20 seconds for "Change of the database layout - glpi_domains" @ 2024-02-28 17:11:42 [@verone-HP-ProBook-440-G5]
5 seconds for "Change of the database layout - glpi_computers" @ 2024-02-28 17:11:48 [@verone-HP-ProBook-440-G5]
6 seconds for "Change of the database layout - glpi_networkequipments" @ 2024-02-28 17:11:55 [@verone-HP-ProBook-440-G5]
7 seconds for "Change of the database layout - glpi_printers" @ 2024-02-28 17:12:12 [@verone-HP-ProBook-440-G5]
17 seconds for "Change of the database layout - glpi_domains_items" @ 2024-02-28 17:12:28 [@verone-HP-ProBook-440-G5]
16 seconds for "Change of the database layout - glpi_impactitems" @ 2024-02-28 17:12:31 [@verone-HP-ProBook-440-G5]
3 seconds for "Change of the database layout - glpi_mailcollectors" @ 2024-02-28 17:12:58 [@verone-HP-ProBook-440-G5]
27 seconds for "Change of the database layout - glpi_contracts" @ 2024-02-28 17:13:01 [@verone-HP-ProBook-440-G5]
3 seconds for "Change of the database layout - glpi_notifications" @ 2024-02-28 17:13:22 [@verone-HP-ProBook-440-G5]
21 seconds for "Change of the database layout - glpi_items_devicesimcards" @ 2024-02-28 17:15:24 [@verone-HP-ProBook-440-G5]
2 minutes 2 seconds for "Adding unicity indices - glpi_items_softwareversions" @ 2024-02-28 17:15:24 [@verone-HP-ProBook-440-G5]
0 seconds for "Configuration values added for timezone, devices_in_menu, impact_assets_list, default_dashboard_central, default_dashboard_assets, default_dashboard_helpdesk, default_dashboard_mini_ticket, ssologout_url, password_expiration_delay, password_expiration_notice, password_expiration_lock_delay, translate_reminders, impact_enabled_itemtypes, admin_email_noreply, admin_email_noreply_name, glpinetwork_registration_key (core)." @ 2024-02-28 17:15:24 [@verone-HP-ProBook-440-G5]
0 seconds for "Task Completed." @ 