2023-12-08 13:53:58 [2@verone-HP-ProBook-440-G5]
0 seconde for "Traitement en cours..." @ 2023-12-08 13:53:59 [2@verone-HP-ProBook-440-G5]
1 seconde for "Correction des URL des images dans les tâches ITIL, suivis et solutions." @ 2023-12-08 13:54:24 [2@verone-HP-ProBook-440-G5]
25 secondes for "Changement de la structure de la base de données - glpi_changetasks" @ 2023-12-08 13:54:44 [2@verone-HP-ProBook-440-G5]
20 secondes for "Changement de la structure de la base de données - glpi_problemtasks" @ 2023-12-08 13:54:44 [2@verone-HP-ProBook-440-G5]
0 seconde for "Traitement terminé." @ 2023-12-12 16:59:03 [2@verone-HP-ProBook-440-G5]
0 seconde for "Traitement en cours..." @ 2023-12-12 16:59:05 [2@verone-HP-ProBook-440-G5]
2 secondes for "Correction des URL des images dans les tâches ITIL, suivis et solutions." @ 2023-12-12 16:59:05 [2@verone-HP-ProBook-440-G5]
0 seconde for "Traitement terminé." @ 2023-12-12 17:04:15 [2@verone-HP-ProBook-440-G5]
0 seconde for "Traitement en cours..." @ 2023-12-12 17:04:15 [2@verone-HP-ProBook-440-G5]
0 seconde for "Correction des URL des images dans les tâches ITIL, suivis et solutions." @ 2023-12-12 17:04:15 [2@verone-HP-ProBook-440-G5]
0 seconde for "Traitement terminé." @ 2023-12-14 09:13:07 [2@verone-HP-ProBook-440-G5]
0 seconde for "Traitement en cours..." @ 2023-12-14 09:13:07 [2@verone-HP-ProBook-440-G5]
0 seconde for "Correction des URL des images dans les tâches ITIL, suivis et solutions." @ 2023-12-14 09:13:08 [2@verone-HP-ProBook-440-G5]
1 seconde for "Changement de la structure de la base de données - glpi_changetasks" @ 2023-12-14 09:13:08 [2@verone-HP-ProBook-440-G5]
0 seconde for "Changement de la structure de la base de données - glpi_problemtasks" @ 2023-12-14 09:13:08 [2@verone-HP-ProBook-440-G5]
0 seconde for "Traitement terminé." @ 2023-12-14 09:30:53 [2@verone-HP-ProBook-440-G5]
0 seconde for "Traitement en cours..." @ 2023-12-14 09:30:54 [2@verone-HP-ProBook-440-G5]
1 seconde for "Correction des URL des images dans les tâches ITIL, suivis et solutions." @ 2023-12-14 09:30:54 [2@verone-HP-ProBook-440-G5]
0 seconde for "Traitement terminé." @ 2024-02-28 16:54:08 [@verone-HP-ProBook-440-G5]
0 seconds for "Work in progress..." @ 2024-02-28 16:54:09 [@verone-HP-ProBook-440-G5]
1 seconds for "Fix the URL of the images in ITIL tasks, followups, and solutions." @ 2024-02-28 16:54:33 [@verone-HP-ProBook-440-G5]
24 seconds for "Change of the database layout - glpi_changetasks" @ 2024-02-28 16:54:57 [@verone-HP-ProBook-440-G5]
24 seconds for "Change of the database layout - glpi_problemtasks" @ 2024-02-28 16:54:57 [@verone-HP-ProBook-440-G5]
0 seconds for "Task Completed." @ 