2023-12-08 13:53:52 [2@verone-HP-ProBook-440-G5]
1 seconde for "Traitement en cours..." @ 2023-12-08 13:53:55 [2@verone-HP-ProBook-440-G5]
3 secondes for "Correction des URL des images dans les tâches ITIL, suivis et solutions." @ 2023-12-08 13:53:57 [2@verone-HP-ProBook-440-G5]
2 secondes for "Changement de la structure de la base de données - glpi_users" @ 2023-12-08 13:53:57 [2@verone-HP-ProBook-440-G5]
0 seconde for "Traitement terminé." @ 2023-12-08 15:00:55 [2@verone-HP-ProBook-440-G5]
0 seconde for "Traitement en cours..." @ 2023-12-08 15:04:31 [2@verone-HP-ProBook-440-G5]
0 seconde for "Traitement en cours..." @ 2023-12-08 15:07:36 [2@verone-HP-ProBook-440-G5]
0 seconde for "Traitement en cours..." @ 2023-12-08 15:08:58 [2@verone-HP-ProBook-440-G5]
0 seconde for "Traitement en cours..." @ 2023-12-08 15:09:34 [2@verone-HP-ProBook-440-G5]
0 seconde for "Traitement en cours..." @ 2023-12-11 11:00:58 [@verone-HP-ProBook-440-G5]
0 seconds for "Work in progress..." @ 2023-12-12 16:50:02 [2@verone-HP-ProBook-440-G5]
0 seconde for "Traitement en cours..." @ 2023-12-12 16:58:59 [2@verone-HP-ProBook-440-G5]
0 seconde for "Traitement en cours..." @ 2023-12-12 16:59:01 [2@verone-HP-ProBook-440-G5]
2 secondes for "Correction des URL des images dans les tâches ITIL, suivis et solutions." @ 2023-12-12 16:59:02 [2@verone-HP-ProBook-440-G5]
1 seconde for "Traitement terminé." @ 2023-12-12 17:02:37 [2@verone-HP-ProBook-440-G5]
0 seconde for "Traitement en cours..." @ 2023-12-12 17:04:12 [2@verone-HP-ProBook-440-G5]
0 seconde for "Traitement en cours..." @ 2023-12-12 17:04:15 [2@verone-HP-ProBook-440-G5]
3 secondes for "Correction des URL des images dans les tâches ITIL, suivis et solutions." @ 2023-12-12 17:04:15 [2@verone-HP-ProBook-440-G5]
0 seconde for "Traitement terminé." @ 2023-12-14 09:13:05 [2@verone-HP-ProBook-440-G5]
0 seconde for "Traitement en cours..." @ 2023-12-14 09:13:06 [2@verone-HP-ProBook-440-G5]
1 seconde for "Correction des URL des images dans les tâches ITIL, suivis et solutions." @ 2023-12-14 09:13:06 [2@verone-HP-ProBook-440-G5]
0 seconde for "Changement de la structure de la base de données - glpi_users" @ 2023-12-14 09:13:06 [2@verone-HP-ProBook-440-G5]
0 seconde for "Traitement terminé." @ 2023-12-14 09:28:26 [2@verone-HP-ProBook-440-G5]
0 seconde for "Traitement en cours..." @ 2023-12-14 09:30:53 [2@verone-HP-ProBook-440-G5]
0 seconde for "Traitement en cours..." @ 2023-12-14 09:30:53 [2@verone-HP-ProBook-440-G5]
0 seconde for "Correction des URL des images dans les tâches ITIL, suivis et solutions." @ 2023-12-14 09:30:53 [2@verone-HP-ProBook-440-G5]
0 seconde for "Traitement terminé." @ 2024-02-28 16:53:57 [@verone-HP-ProBook-440-G5]
1 seconds for "Work in progress..." @ 2024-02-28 16:54:02 [@verone-HP-ProBook-440-G5]
5 seconds for "Fix the URL of the images in ITIL tasks, followups, and solutions." @ 2024-02-28 16:54:07 [@verone-HP-ProBook-440-G5]
5 seconds for "Change of the database layout - glpi_users" @ 2024-02-28 16:54:07 [@verone-HP-ProBook-440-G5]
0 seconds for "Task Completed." @ 