2023-12-08 13:50:12 [2@verone-HP-ProBook-440-G5]
2 secondes for "Traitement en cours..." @ 2023-12-08 13:50:12 [2@verone-HP-ProBook-440-G5]
0 seconde for "Changement de la structure de la base de données - glpi_itils_projects" @ 2023-12-08 13:50:13 [2@verone-HP-ProBook-440-G5]
1 seconde for "Changement de la structure de la base de données - glpi_itils_projects" @ 2023-12-08 13:50:13 [2@verone-HP-ProBook-440-G5]
0 seconde for "Changement de la structure de la base de données - glpi_itils_projects" @ 2023-12-08 13:50:13 [2@verone-HP-ProBook-440-G5]
0 seconde for "Ajout des index d'unicité - glpi_itils_projects" @ 2023-12-08 13:50:14 [2@verone-HP-ProBook-440-G5]
1 seconde for "Changement de la structure de la base de données - glpi_groups" @ 2023-12-08 13:50:18 [2@verone-HP-ProBook-440-G5]
4 secondes for "Changement de la structure de la base de données - glpi_itilfollowups" @ 2023-12-08 13:50:39 [2@verone-HP-ProBook-440-G5]
21 secondes for "Changement de la structure de la base de données - glpi_consumableitems" @ 2023-12-08 13:51:35 [2@verone-HP-ProBook-440-G5]
56 secondes for "Changement de la structure de la base de données - glpi_users" @ 2023-12-08 13:51:36 [2@verone-HP-ProBook-440-G5]
1 seconde for "Changement de la structure de la base de données - glpi_mailcollectors" @ 2023-12-08 13:52:00 [2@verone-HP-ProBook-440-G5]
24 secondes for "Changement de la structure de la base de données - glpi_rulecriterias" @ 2023-12-08 13:52:07 [2@verone-HP-ProBook-440-G5]
7 secondes for "Changement de la structure de la base de données - glpi_items_operatingsystems" @ 2023-12-08 13:53:08 [2@verone-HP-ProBook-440-G5]
1 minutes 1 secondes for "Changement de la structure de la base de données - glpi_itilfollowups" @ 2023-12-08 13:53:12 [2@verone-HP-ProBook-440-G5]
4 secondes for "Changement de la structure de la base de données - glpi_requesttypes" @ 2023-12-08 13:53:17 [2@verone-HP-ProBook-440-G5]
5 secondes for "Changement de la structure de la base de données - glpi_itilsolutions" @ 2023-12-08 13:53:18 [2@verone-HP-ProBook-440-G5]
1 seconde for "Changement de la structure de la base de données - glpi_changetasks" @ 2023-12-08 13:53:20 [2@verone-HP-ProBook-440-G5]
2 secondes for "Changement de la structure de la base de données - glpi_changevalidations" @ 2023-12-08 13:53:24 [2@verone-HP-ProBook-440-G5]
4 secondes for "Changement de la structure de la base de données - glpi_problemtasks" @ 2023-12-08 13:53:41 [2@verone-HP-ProBook-440-G5]
17 secondes for "Changement de la structure de la base de données - glpi_tickets" @ 2023-12-08 13:53:51 [2@verone-HP-ProBook-440-G5]
10 secondes for "Changement de la structure de la base de données - glpi_authldaps" @ 2023-12-08 13:53:51 [2@verone-HP-ProBook-440-G5]
0 seconde for "Valeur de configuration ajoutée pour cas_version (core)." @ 2023-12-08 13:53:51 [2@verone-HP-ProBook-440-G5]
0 seconde for "Traitement terminé." @ 2023-12-08 15:00:54 [2@verone-HP-ProBook-440-G5]
0 seconde for "Traitement en cours..." @ 2023-12-08 15:00:55 [2@verone-HP-ProBook-440-G5]
1 seconde for "Changement de la structure de la base de données - glpi_rulecriterias" @ 2023-12-08 15:00:55 [2@verone-HP-ProBook-440-G5]
0 seconde for "Traitement terminé." @ 2023-12-08 15:04:31 [2@verone-HP-ProBook-440-G5]
1 seconde for "Traitement en cours..." @ 2023-12-08 15:04:31 [2@verone-HP-ProBook-440-G5]
0 seconde for "Changement de la structure de la base de données - glpi_rulecriterias" @ 2023-12-08 15:04:31 [2@verone-HP-ProBook-440-G5]
0 seconde for "Traitement terminé." @ 2023-12-08 15:07:36 [2@verone-HP-ProBook-440-G5]
0 seconde for "Traitement en cours..." @ 2023-12-08 15:07:36 [2@verone-HP-ProBook-440-G5]
0 seconde for "Changement de la structure de la base de données - glpi_rulecriterias" @ 2023-12-08 15:07:36 [2@verone-HP-ProBook-440-G5]
0 seconde for "Traitement terminé." @ 2023-12-08 15:08:58 [2@verone-HP-ProBook-440-G5]
1 seconde for "Traitement en cours..." @ 2023-12-08 15:08:58 [2@verone-HP-ProBook-440-G5]
0 seconde for "Changement de la structure de la base de données - glpi_rulecriterias" @ 2023-12-08 15:08:58 [2@verone-HP-ProBook-440-G5]
0 seconde for "Traitement terminé." @ 2023-12-08 15:09:34 [2@verone-HP-ProBook-440-G5]
0 seconde for "Traitement en cours..." @ 2023-12-08 15:09:34 [2@verone-HP-ProBook-440-G5]
0 seconde for "Changement de la structure de la base de données - glpi_rulecriterias" @ 2023-12-08 15:09:34 [2@verone-HP-ProBook-440-G5]
0 seconde for "Traitement terminé." @ 2023-12-11 11:00:58 [@verone-HP-ProBook-440-G5]
1 seconds for "Work in progress..." @ 2023-12-11 11:00:58 [@verone-HP-ProBook-440-G5]
0 seconds for "Change of the database layout - glpi_rulecriterias" @ 2023-12-11 11:00:58 [@verone-HP-ProBook-440-G5]
0 seconds for "Task Completed." @ 2023-12-12 16:49:32 [2@verone-HP-ProBook-440-G5]
2 minutes 10 secondes for "Traitement en cours..." @ 2023-12-12 16:50:02 [2@verone-HP-ProBook-440-G5]
30 secondes for "Changement de la structure de la base de données - glpi_rulecriterias" @ 2023-12-12 16:50:02 [2@verone-HP-ProBook-440-G5]
0 seconde for "Traitement terminé." @ 2023-12-12 16:58:58 [2@verone-HP-ProBook-440-G5]
1 seconde for "Traitement en cours..." @ 2023-12-12 16:58:59 [2@verone-HP-ProBook-440-G5]
1 seconde for "Changement de la structure de la base de données - glpi_rulecriterias" @ 2023-12-12 16:58:59 [2@verone-HP-ProBook-440-G5]
0 seconde for "Traitement terminé." @ 2023-12-12 17:02:35 [2@verone-HP-ProBook-440-G5]
0 seconde for "Traitement en cours..." @ 2023-12-12 17:02:37 [2@verone-HP-ProBook-440-G5]
2 secondes for "Changement de la structure de la base de données - glpi_rulecriterias" @ 2023-12-12 17:02:37 [2@verone-HP-ProBook-440-G5]
0 seconde for "Traitement terminé." @ 2023-12-12 17:04:11 [2@verone-HP-ProBook-440-G5]
0 seconde for "Traitement en cours..." @ 2023-12-12 17:04:12 [2@verone-HP-ProBook-440-G5]
1 seconde for "Changement de la structure de la base de données - glpi_rulecriterias" @ 2023-12-12 17:04:12 [2@verone-HP-ProBook-440-G5]
0 seconde for "Traitement terminé." @ 2023-12-14 09:12:53 [2@verone-HP-ProBook-440-G5]
1 seconde for "Traitement en cours..." @ 2023-12-14 09:12:54 [2@verone-HP-ProBook-440-G5]
1 seconde for "Changement de la structure de la base de données - glpi_itils_projects" @ 2023-12-14 09:12:54 [2@verone-HP-ProBook-440-G5]
0 seconde for "Changement de la structure de la base de données - glpi_itils_projects" @ 2023-12-14 09:12:54 [2@verone-HP-ProBook-440-G5]
0 seconde for "Changement de la structure de la base de données - glpi_itils_projects" @ 2023-12-14 09:12:54 [2@verone-HP-ProBook-440-G5]
0 seconde for "Ajout des index d'unicité - glpi_itils_projects" @ 2023-12-14 09:12:55 [2@verone-HP-ProBook-440-G5]
1 seconde for "Changement de la structure de la base de données - glpi_groups" @ 2023-12-14 09:12:56 [2@verone-HP-ProBook-440-G5]
1 seconde for "Changement de la structure de la base de données - glpi_itilfollowups" @ 2023-12-14 09:12:57 [2@verone-HP-ProBook-440-G5]
1 seconde for "Changement de la structure de la base de données - glpi_consumableitems" @ 2023-12-14 09:13:00 [2@verone-HP-ProBook-440-G5]
3 secondes for "Changement de la structure de la base de données - glpi_users" @ 2023-12-14 09:13:00 [2@verone-HP-ProBook-440-G5]
0 seconde for "Changement de la structure de la base de données - glpi_mailcollectors" @ 2023-12-14 09:13:01 [2@verone-HP-ProBook-440-G5]
1 seconde for "Changement de la structure de la base de données - glpi_rulecriterias" @ 2023-12-14 09:13:01 [2@verone-HP-ProBook-440-G5]
0 seconde for "Changement de la structure de la base de données - glpi_items_operatingsystems" @ 2023-12-14 09:13:03 [2@verone-HP-ProBook-440-G5]
2 secondes for "Changement de la structure de la base de données - glpi_itilfollowups" @ 2023-12-14 09:13:03 [2@verone-HP-ProBook-440-G5]
0 seconde for "Changement de la structure de la base de données - glpi_requesttypes" @ 2023-12-14 09:13:04 [2@verone-HP-ProBook-440-G5]
1 seconde for "Changement de la structure de la base de données - glpi_itilsolutions" @ 2023-12-14 09:13:04 [2@verone-HP-ProBook-440-G5]
0 seconde for "Changement de la structure de la base de données - glpi_changetasks" @ 2023-12-14 09:13:04 [2@verone-HP-ProBook-440-G5]
0 seconde for "Changement de la structure de la base de données - glpi_changevalidations" @ 2023-12-14 09:13:04 [2@verone-HP-ProBook-440-G5]
0 seconde for "Changement de la structure de la base de données - glpi_problemtasks" @ 2023-12-14 09:13:05 [2@verone-HP-ProBook-440-G5]
1 seconde for "Changement de la structure de la base de données - glpi_tickets" @ 2023-12-14 09:13:05 [2@verone-HP-ProBook-440-G5]
0 seconde for "Changement de la structure de la base de données - glpi_authldaps" @ 2023-12-14 09:13:05 [2@verone-HP-ProBook-440-G5]
0 seconde for "Valeur de configuration ajoutée pour cas_version (core)." @ 2023-12-14 09:13:05 [2@verone-HP-ProBook-440-G5]
0 seconde for "Traitement terminé." @ 2023-12-14 09:28:26 [2@verone-HP-ProBook-440-G5]
0 seconde for "Traitement en cours..." @ 2023-12-14 09:28:26 [2@verone-HP-ProBook-440-G5]
0 seconde for "Changement de la structure de la base de données - glpi_rulecriterias" @ 2023-12-14 09:28:26 [2@verone-HP-ProBook-440-G5]
0 seconde for "Traitement terminé." @ 2023-12-14 09:30:53 [2@verone-HP-ProBook-440-G5]
0 seconde for "Traitement en cours..." @ 2023-12-14 09:30:53 [2@verone-HP-ProBook-440-G5]
0 seconde for "Changement de la structure de la base de données - glpi_rulecriterias" @ 2023-12-14 09:30:53 [2@verone-HP-ProBook-440-G5]
0 seconde for "Traitement terminé." @ 2024-02-28 16:49:12 [@verone-HP-ProBook-440-G5]
33 seconds for "Work in progress..." @ 2024-02-28 16:49:17 [@verone-HP-ProBook-440-G5]
5 seconds for "Change of the database layout - glpi_itils_projects" @ 2024-02-28 16:49:20 [@verone-HP-ProBook-440-G5]
3 seconds for "Change of the database layout - glpi_itils_projects" @ 2024-02-28 16:49:21 [@verone-HP-ProBook-440-G5]
1 seconds for "Change of the database layout - glpi_itils_projects" @ 2024-02-28 16:49:27 [@verone-HP-ProBook-440-G5]
6 seconds for "Adding unicity indices - glpi_itils_projects" @ 2024-02-28 16:50:11 [@verone-HP-ProBook-440-G5]
44 seconds for "Change of the database layout - glpi_groups" @ 2024-02-28 16:50:37 [@verone-HP-ProBook-440-G5]
26 seconds for "Change of the database layout - glpi_itilfollowups" @ 2024-02-28 16:51:03 [@verone-HP-ProBook-440-G5]
26 seconds for "Change of the database layout - glpi_consumableitems" @ 2024-02-28 16:51:54 [@verone-HP-ProBook-440-G5]
51 seconds for "Change of the database layout - glpi_users" @ 2024-02-28 16:51:57 [@verone-HP-ProBook-440-G5]
3 seconds for "Change of the database layout - glpi_mailcollectors" @ 2024-02-28 16:52:17 [@verone-HP-ProBook-440-G5]
20 seconds for "Change of the database layout - glpi_rulecriterias" @ 2024-02-28 16:52:22 [@verone-HP-ProBook-440-G5]
5 seconds for "Change of the database layout - glpi_items_operatingsystems" @ 2024-02-28 16:53:16 [@verone-HP-ProBook-440-G5]
54 seconds for "Change of the database layout - glpi_itilfollowups" @ 2024-02-28 16:53:19 [@verone-HP-ProBook-440-G5]
3 seconds for "Change of the database layout - glpi_requesttypes" @ 2024-02-28 16:53:23 [@verone-HP-ProBook-440-G5]
4 seconds for "Change of the database layout - glpi_itilsolutions" @ 2024-02-28 16:53:26 [@verone-HP-ProBook-440-G5]
3 seconds for "Change of the database layout - glpi_changetasks" @ 2024-02-28 16:53:30 [@verone-HP-ProBook-440-G5]
4 seconds for "Change of the database layout - glpi_changevalidations" @ 2024-02-28 16:53:32 [@verone-HP-ProBook-440-G5]
2 seconds for "Change of the database layout - glpi_problemtasks" @ 2024-02-28 16:53:47 [@verone-HP-ProBook-440-G5]
15 seconds for "Change of the database layout - glpi_tickets" @ 2024-02-28 16:53:56 [@verone-HP-ProBook-440-G5]
9 seconds for "Change of the database layout - glpi_authldaps" @ 2024-02-28 16:53:56 [@verone-HP-ProBook-440-G5]
0 seconds for "Configuration values added for cas_version (core)." @ 2024-02-28 16:53:56 [@verone-HP-ProBook-440-G5]
0 seconds for "Task Completed." @ 