2023-12-12 17:50:14 [2@verone-HP-ProBook-440-G5]
5 minutes 38 secondes for "Traitement en cours..." @ 2023-12-12 17:50:14 [2@verone-HP-ProBook-440-G5]
0 seconde for "Add new configurations / user preferences" @ 2023-12-12 17:50:38 [2@verone-HP-ProBook-440-G5]
24 secondes for "Drop old configurations / user preferences" @ 2023-12-12 17:52:44 [2@verone-HP-ProBook-440-G5]
2 minutes 6 secondes for "Changement de la structure de la base de données - glpi_contracts" @ 2023-12-12 17:52:44 [2@verone-HP-ProBook-440-G5]
0 seconde for "Renommage du type élément "DeviceMotherBoardModel" par "DeviceMotherboardModel"...  " @ 2023-12-12 17:52:45 [2@verone-HP-ProBook-440-G5]
1 seconde for "Renommage du type élément "DeviceMotherBoardModel" par "DeviceMotherboardModel" dans toutes les tables..." @ 2023-12-12 17:53:40 [2@verone-HP-ProBook-440-G5]
55 secondes for "Changement de la structure de la base de données - glpi_domains" @ 2023-12-12 17:54:03 [2@verone-HP-ProBook-440-G5]
23 secondes for "Changement de la structure de la base de données - glpi_entities" @ 2023-12-12 17:54:08 [2@verone-HP-ProBook-440-G5]
5 secondes for "Changement de la structure de la base de données - glpi_entities" @ 2023-12-12 17:54:52 [2@verone-HP-ProBook-440-G5]
44 secondes for "Changement de la structure de la base de données - glpi_entities" @ 2023-12-12 17:54:59 [2@verone-HP-ProBook-440-G5]
7 secondes for "Changement de la structure de la base de données - glpi_entities" @ 2023-12-12 17:55:45 [2@verone-HP-ProBook-440-G5]
46 secondes for "Changement de la structure de la base de données - glpi_entities" @ 2023-12-12 17:56:13 [2@verone-HP-ProBook-440-G5]
28 secondes for "Changement de la structure de la base de données - glpi_entities" @ 2023-12-12 17:57:27 [2@verone-HP-ProBook-440-G5]
1 minutes 14 secondes for "Changement de la structure de la base de données - glpi_entities" @ 2023-12-12 17:58:40 [2@verone-HP-ProBook-440-G5]
1 minutes 13 secondes for "Changement de la structure de la base de données - glpi_entities" @ 2023-12-12 17:59:13 [2@verone-HP-ProBook-440-G5]
33 secondes for "Changement de la structure de la base de données - glpi_entities" @ 2023-12-12 18:07:16 [2@verone-HP-ProBook-440-G5]
8 minutes 3 secondes for "Changement de la structure de la base de données - glpi_entities" @ 2023-12-12 18:18:17 [2@verone-HP-ProBook-440-G5]
11 minutes 1 secondes for "Changement de la structure de la base de données - glpi_entities" @ 2023-12-12 18:18:36 [2@verone-HP-ProBook-440-G5]
19 secondes for "Adding recurrent changes" @ 2023-12-12 18:19:00 [2@verone-HP-ProBook-440-G5]
24 secondes for "Adding unicity key to reservationitem" @ 2023-12-12 18:19:05 [2@verone-HP-ProBook-440-G5]
5 secondes for "Changement de la structure de la base de données - glpi_ipaddresses" @ 2023-12-12 18:19:10 [2@verone-HP-ProBook-440-G5]
5 secondes for "Changement de la structure de la base de données - glpi_items_softwareversions" @ 2023-12-12 18:19:16 [2@verone-HP-ProBook-440-G5]
6 secondes for "Changement de la structure de la base de données - glpi_items_softwareversions" @ 2023-12-12 18:19:21 [2@verone-HP-ProBook-440-G5]
5 secondes for "Changement de la structure de la base de données - glpi_registeredids" @ 2023-12-12 18:19:25 [2@verone-HP-ProBook-440-G5]
4 secondes for "Changement de la structure de la base de données - glpi_appliances_items" @ 2023-12-12 18:19:29 [2@verone-HP-ProBook-440-G5]
4 secondes for "Changement de la structure de la base de données - glpi_appliances_items_relations" @ 2023-12-12 18:19:34 [2@verone-HP-ProBook-440-G5]
5 secondes for "Changement de la structure de la base de données - glpi_appliances_items_relations" @ 2023-12-12 18:19:39 [2@verone-HP-ProBook-440-G5]
5 secondes for "Changement de la structure de la base de données - glpi_certificates_items" @ 2023-12-12 18:19:42 [2@verone-HP-ProBook-440-G5]
3 secondes for "Changement de la structure de la base de données - glpi_changetemplatehiddenfields" @ 2023-12-12 18:19:47 [2@verone-HP-ProBook-440-G5]
5 secondes for "Changement de la structure de la base de données - glpi_changetemplatemandatoryfields" @ 2023-12-12 18:19:51 [2@verone-HP-ProBook-440-G5]
4 secondes for "Changement de la structure de la base de données - glpi_contracts_items" @ 2023-12-12 18:19:55 [2@verone-HP-ProBook-440-G5]
4 secondes for "Changement de la structure de la base de données - glpi_dashboards_rights" @ 2023-12-12 18:20:00 [2@verone-HP-ProBook-440-G5]
5 secondes for "Changement de la structure de la base de données - glpi_domains_items" @ 2023-12-12 18:20:05 [2@verone-HP-ProBook-440-G5]
5 secondes for "Changement de la structure de la base de données - glpi_domains_items" @ 2023-12-12 18:20:09 [2@verone-HP-ProBook-440-G5]
4 secondes for "Changement de la structure de la base de données - glpi_dropdowntranslations" @ 2023-12-12 18:20:28 [2@verone-HP-ProBook-440-G5]
19 secondes for "Changement de la structure de la base de données - glpi_entities" @ 2023-12-12 18:20:35 [2@verone-HP-ProBook-440-G5]
7 secondes for "Changement de la structure de la base de données - glpi_impactrelations" @ 2023-12-12 18:20:41 [2@verone-HP-ProBook-440-G5]
6 secondes for "Changement de la structure de la base de données - glpi_ipaddresses_ipnetworks" @ 2023-12-12 18:20:47 [2@verone-HP-ProBook-440-G5]
6 secondes for "Changement de la structure de la base de données - glpi_items_devicebatteries" @ 2023-12-12 18:20:54 [2@verone-HP-ProBook-440-G5]
7 secondes for "Changement de la structure de la base de données - glpi_items_devicecases" @ 2023-12-12 18:21:00 [2@verone-HP-ProBook-440-G5]
6 secondes for "Changement de la structure de la base de données - glpi_items_devicecontrols" @ 2023-12-12 18:21:05 [2@verone-HP-ProBook-440-G5]
5 secondes for "Changement de la structure de la base de données - glpi_items_devicedrives" @ 2023-12-12 18:21:11 [2@verone-HP-ProBook-440-G5]
6 secondes for "Changement de la structure de la base de données - glpi_items_devicefirmwares" @ 2023-12-12 18:21:16 [2@verone-HP-ProBook-440-G5]
5 secondes for "Changement de la structure de la base de données - glpi_items_devicegenerics" @ 2023-12-12 18:21:20 [2@verone-HP-ProBook-440-G5]
4 secondes for "Changement de la structure de la base de données - glpi_items_devicegraphiccards" @ 2023-12-12 18:21:27 [2@verone-HP-ProBook-440-G5]
7 secondes for "Changement de la structure de la base de données - glpi_items_deviceharddrives" @ 2023-12-12 18:21:36 [2@verone-HP-ProBook-440-G5]
9 secondes for "Changement de la structure de la base de données - glpi_items_devicememories" @ 2023-12-12 18:21:44 [2@verone-HP-ProBook-440-G5]
8 secondes for "Changement de la structure de la base de données - glpi_items_devicemotherboards" @ 2023-12-12 18:21:49 [2@verone-HP-ProBook-440-G5]
5 secondes for "Changement de la structure de la base de données - glpi_items_devicenetworkcards" @ 2023-12-12 18:21:53 [2@verone-HP-ProBook-440-G5]
4 secondes for "Changement de la structure de la base de données - glpi_items_devicepcis" @ 2023-12-12 18:21:59 [2@verone-HP-ProBook-440-G5]
6 secondes for "Changement de la structure de la base de données - glpi_items_devicepowersupplies" @ 2023-12-12 18:22:04 [2@verone-HP-ProBook-440-G5]
5 secondes for "Changement de la structure de la base de données - glpi_items_deviceprocessors" @ 2023-12-12 18:22:09 [2@verone-HP-ProBook-440-G5]
5 secondes for "Changement de la structure de la base de données - glpi_items_devicesensors" @ 2023-12-12 18:22:17 [2@verone-HP-ProBook-440-G5]
8 secondes for "Changement de la structure de la base de données - glpi_items_devicesoundcards" @ 2023-12-12 18:22:23 [2@verone-HP-ProBook-440-G5]
6 secondes for "Changement de la structure de la base de données - glpi_items_disks" @ 2023-12-12 18:22:29 [2@verone-HP-ProBook-440-G5]
6 secondes for "Changement de la structure de la base de données - glpi_items_disks" @ 2023-12-12 18:22:35 [2@verone-HP-ProBook-440-G5]
6 secondes for "Changement de la structure de la base de données - glpi_items_operatingsystems" @ 2023-12-12 18:22:41 [2@verone-HP-ProBook-440-G5]
6 secondes for "Changement de la structure de la base de données - glpi_items_softwarelicenses" @ 2023-12-12 18:22:44 [2@verone-HP-ProBook-440-G5]
3 secondes for "Changement de la structure de la base de données - glpi_items_softwarelicenses" @ 2023-12-12 18:22:50 [2@verone-HP-ProBook-440-G5]
6 secondes for "Changement de la structure de la base de données - glpi_items_softwareversions" @ 2023-12-12 18:22:54 [2@verone-HP-ProBook-440-G5]
4 secondes for "Changement de la structure de la base de données - glpi_items_softwareversions" @ 2023-12-12 18:23:00 [2@verone-HP-ProBook-440-G5]
6 secondes for "Changement de la structure de la base de données - glpi_items_softwareversions" @ 2023-12-12 18:23:04 [2@verone-HP-ProBook-440-G5]
4 secondes for "Changement de la structure de la base de données - glpi_itilfollowups" @ 2023-12-12 18:23:08 [2@verone-HP-ProBook-440-G5]
4 secondes for "Changement de la structure de la base de données - glpi_itilfollowups" @ 2023-12-12 18:23:13 [2@verone-HP-ProBook-440-G5]
5 secondes for "Changement de la structure de la base de données - glpi_itilsolutions" @ 2023-12-12 18:23:16 [2@verone-HP-ProBook-440-G5]
3 secondes for "Changement de la structure de la base de données - glpi_itilsolutions" @ 2023-12-12 18:23:21 [2@verone-HP-ProBook-440-G5]
5 secondes for "Changement de la structure de la base de données - glpi_knowbaseitemcategories" @ 2023-12-12 18:23:26 [2@verone-HP-ProBook-440-G5]
5 secondes for "Changement de la structure de la base de données - glpi_knowbaseitems_items" @ 2023-12-12 18:23:28 [2@verone-HP-ProBook-440-G5]
2 secondes for "Changement de la structure de la base de données - glpi_knowbaseitems_items" @ 2023-12-12 18:23:33 [2@verone-HP-ProBook-440-G5]
5 secondes for "Changement de la structure de la base de données - glpi_knowbaseitems_items" @ 2023-12-12 18:23:52 [2@verone-HP-ProBook-440-G5]
19 secondes for "Changement de la structure de la base de données - glpi_networknames" @ 2023-12-12 18:23:56 [2@verone-HP-ProBook-440-G5]
4 secondes for "Changement de la structure de la base de données - glpi_networkports" @ 2023-12-12 18:23:59 [2@verone-HP-ProBook-440-G5]
3 secondes for "Changement de la structure de la base de données - glpi_notifications_notificationtemplates" @ 2023-12-12 18:24:11 [2@verone-HP-ProBook-440-G5]
12 secondes for "Changement de la structure de la base de données - glpi_olalevels_tickets" @ 2023-12-12 18:24:25 [2@verone-HP-ProBook-440-G5]
14 secondes for "Changement de la structure de la base de données - glpi_problemtemplatehiddenfields" @ 2023-12-12 18:24:36 [2@verone-HP-ProBook-440-G5]
11 secondes for "Changement de la structure de la base de données - glpi_problemtemplatemandatoryfields" @ 2023-12-12 18:25:03 [2@verone-HP-ProBook-440-G5]
27 secondes for "Changement de la structure de la base de données - glpi_reservations" @ 2023-12-12 18:25:21 [2@verone-HP-ProBook-440-G5]
18 secondes for "Changement de la structure de la base de données - glpi_slalevels_tickets" @ 2023-12-12 18:25:35 [2@verone-HP-ProBook-440-G5]
14 secondes for "Changement de la structure de la base de données - glpi_tickettemplatehiddenfields" @ 2023-12-12 18:28:11 [2@verone-HP-ProBook-440-G5]
2 minutes 36 secondes for "Changement de la structure de la base de données - glpi_tickettemplatemandatoryfields" @ 2023-12-12 18:28:31 [2@verone-HP-ProBook-440-G5]
20 secondes for "Changement de la structure de la base de données - glpi_notepads" @ 2023-12-12 18:28:46 [2@verone-HP-ProBook-440-G5]
15 secondes for "Changement de la structure de la base de données - glpi_projecttasks" @ 2023-12-12 18:29:06 [2@verone-HP-ProBook-440-G5]
20 secondes for "Changement de la structure de la base de données - glpi_objectlocks" @ 2023-12-12 18:29:16 [2@verone-HP-ProBook-440-G5]
10 secondes for "Changement de la structure de la base de données - glpi_knowbaseitems_revisions" @ 2023-12-12 18:29:26 [2@verone-HP-ProBook-440-G5]
10 secondes for "Changement de la structure de la base de données - glpi_groups_knowbaseitems" @ 2023-12-12 18:30:00 [2@verone-HP-ProBook-440-G5]
34 secondes for "Changement de la structure de la base de données - glpi_groups_knowbaseitems" @ 2023-12-12 18:30:03 [2@verone-HP-ProBook-440-G5]
3 secondes for "Changement de la structure de la base de données - glpi_groups_reminders" @ 2023-12-12 18:30:39 [2@verone-HP-ProBook-440-G5]
36 secondes for "Changement de la structure de la base de données - glpi_groups_reminders" @ 2023-12-12 18:30:46 [2@verone-HP-ProBook-440-G5]
7 secondes for "Changement de la structure de la base de données - glpi_groups_rssfeeds" @ 2023-12-12 18:31:23 [2@verone-HP-ProBook-440-G5]
37 secondes for "Changement de la structure de la base de données - glpi_groups_rssfeeds" @ 2023-12-12 18:31:41 [2@verone-HP-ProBook-440-G5]
18 secondes for "Changement de la structure de la base de données - glpi_knowbaseitems_profiles" @ 2023-12-12 18:32:09 [2@verone-HP-ProBook-440-G5]
28 secondes for "Changement de la structure de la base de données - glpi_knowbaseitems_profiles" @ 2023-12-12 18:32:24 [2@verone-HP-ProBook-440-G5]
15 secondes for "Changement de la structure de la base de données - glpi_profiles_reminders" @ 2023-12-12 18:33:05 [2@verone-HP-ProBook-440-G5]
41 secondes for "Changement de la structure de la base de données - glpi_profiles_reminders" @ 2023-12-12 18:33:14 [2@verone-HP-ProBook-440-G5]
9 secondes for "Changement de la structure de la base de données - glpi_profiles_rssfeeds" @ 2023-12-12 18:35:31 [2@verone-HP-ProBook-440-G5]
2 minutes 17 secondes for "Changement de la structure de la base de données - glpi_profiles_rssfeeds" @ 2023-12-12 18:37:04 [2@verone-HP-ProBook-440-G5]
1 minutes 33 secondes for "Changement de la structure de la base de données - glpi_entities" @ 2023-12-12 18:37:31 [2@verone-HP-ProBook-440-G5]
27 secondes for "Changement de la structure de la base de données - glpi_transfers" @ 2023-12-12 18:41:16 [2@verone-HP-ProBook-440-G5]
3 minutes 45 secondes for "Changement de la structure de la base de données - glpi_transfers" @ 2023-12-12 18:42:06 [2@verone-HP-ProBook-440-G5]
50 secondes for "Changement de la structure de la base de données - glpi_states" @ 2023-12-12 18:42:17 [2@verone-HP-ProBook-440-G5]
11 secondes for "Changement de la structure de la base de données - glpi_networkportethernets" @ 2023-12-12 18:42:51 [2@verone-HP-ProBook-440-G5]
34 secondes for "Changement de la structure de la base de données - glpi_networkportfiberchannels" @ 2023-12-12 18:44:13 [2@verone-HP-ProBook-440-G5]
1 minutes 22 secondes for "Changement de la structure de la base de données - glpi_users" @ 2023-12-12 18:44:40 [2@verone-HP-ProBook-440-G5]
27 secondes for "Changement de la structure de la base de données - glpi_contacts" @ 2023-12-12 18:44:57 [2@verone-HP-ProBook-440-G5]
17 secondes for "Changement de la structure de la base de données - glpi_contracts" @ 2023-12-12 18:45:17 [2@verone-HP-ProBook-440-G5]
20 secondes for "Changement de la structure de la base de données - glpi_dashboards_dashboards" @ 2023-12-12 18:45:42 [2@verone-HP-ProBook-440-G5]
25 secondes for "Changement de la structure de la base de données - glpi_domainrecordtypes" @ 2023-12-12 18:46:01 [2@verone-HP-ProBook-440-G5]
19 secondes for "Changement de la structure de la base de données - glpi_domainrecords" @ 2023-12-12 18:46:33 [2@verone-HP-ProBook-440-G5]
32 secondes for "Changement de la structure de la base de données - glpi_domains" @ 2023-12-12 18:46:57 [2@verone-HP-ProBook-440-G5]
24 secondes for "Changement de la structure de la base de données - glpi_impactcontexts" @ 2023-12-12 18:47:03 [2@verone-HP-ProBook-440-G5]
6 secondes for "Changement de la structure de la base de données - glpi_phonemodels" @ 2023-12-12 18:47:05 [2@verone-HP-ProBook-440-G5]
2 secondes for "Changement de la structure de la base de données - glpi_printermodels" @ 2023-12-12 18:47:30 [2@verone-HP-ProBook-440-G5]
25 secondes for "Changement de la structure de la base de données - glpi_softwares" @ 2023-12-12 18:47:59 [2@verone-HP-ProBook-440-G5]
29 secondes for "Changement de la structure de la base de données - glpi_cartridgeitems" @ 2023-12-12 18:48:20 [2@verone-HP-ProBook-440-G5]
21 secondes for "Changement de la structure de la base de données - glpi_consumableitems" @ 2023-12-12 18:48:50 [2@verone-HP-ProBook-440-G5]
30 secondes for "Changement de la structure de la base de données - glpi_rackmodels" @ 2023-12-12 18:49:33 [2@verone-HP-ProBook-440-G5]
43 secondes for "Changement de la structure de la base de données - glpi_softwarelicenses" @ 2023-12-12 18:49:58 [2@verone-HP-ProBook-440-G5]
25 secondes for "Changement de la structure de la base de données - glpi_datacenters" @ 2023-12-12 18:50:27 [2@verone-HP-ProBook-440-G5]
29 secondes for "Changement de la structure de la base de données - glpi_suppliers" @ 2023-12-12 18:51:08 [2@verone-HP-ProBook-440-G5]
41 secondes for "Changement de la structure de la base de données - glpi_appliances" @ 2023-12-12 18:51:17 [2@verone-HP-ProBook-440-G5]
9 secondes for "Changement de la structure de la base de données - glpi_computermodels" @ 2023-12-12 18:51:27 [2@verone-HP-ProBook-440-G5]
10 secondes for "Changement de la structure de la base de données - glpi_enclosuremodels" @ 2023-12-12 18:51:44 [2@verone-HP-ProBook-440-G5]
17 secondes for "Changement de la structure de la base de données - glpi_monitormodels" @ 2023-12-12 18:51:58 [2@verone-HP-ProBook-440-G5]
14 secondes for "Changement de la structure de la base de données - glpi_networkequipmentmodels" @ 2023-12-12 18:52:08 [2@verone-HP-ProBook-440-G5]
10 secondes for "Changement de la structure de la base de données - glpi_passivedcequipmentmodels" @ 2023-12-12 18:52:25 [2@verone-HP-ProBook-440-G5]
17 secondes for "Changement de la structure de la base de données - glpi_pdumodels" @ 2023-12-12 18:52:46 [2@verone-HP-ProBook-440-G5]
21 secondes for "Changement de la structure de la base de données - glpi_peripheralmodels" @ 2023-12-12 18:53:08 [2@verone-HP-ProBook-440-G5]
22 secondes for "Changement de la structure de la base de données - glpi_authldaps" @ 2023-12-12 18:53:22 [2@verone-HP-ProBook-440-G5]
14 secondes for "Changement de la structure de la base de données - glpi_authldapreplicates" @ 2023-12-12 18:53:59 [2@verone-HP-ProBook-440-G5]
37 secondes for "Changement de la structure de la base de données - glpi_networkequipments" @ 2023-12-12 18:54:25 [2@verone-HP-ProBook-440-G5]
26 secondes for "Changement de la structure de la base de données - glpi_printers" @ 2023-12-12 18:54:36 [2@verone-HP-ProBook-440-G5]
11 secondes for "Changement de la structure de la base de données - glpi_computers" @ 2023-12-12 18:55:08 [2@verone-HP-ProBook-440-G5]
32 secondes for "Changement de la structure de la base de données - glpi_phones" @ 2023-12-12 18:55:56 [2@verone-HP-ProBook-440-G5]
48 secondes for "Changement de la structure de la base de données - glpi_databaseinstances" @ 2023-12-12 18:56:42 [2@verone-HP-ProBook-440-G5]
46 secondes for "Changement de la structure de la base de données - glpi_monitors" @ 2023-12-12 18:57:42 [2@verone-HP-ProBook-440-G5]
1 minutes 0 secondes for "Changement de la structure de la base de données - glpi_peripherals" @ 2023-12-12 18:57:57 [2@verone-HP-ProBook-440-G5]
15 secondes for "Changement de la structure de la base de données - glpi_reservationitems" @ 2023-12-12 18:58:50 [2@verone-HP-ProBook-440-G5]
53 secondes for "Ajout des index d'unicité - glpi_reservationitems" @ 2023-12-12 18:59:04 [2@verone-HP-ProBook-440-G5]
14 secondes for "Changement de la structure de la base de données - glpi_savedsearches_alerts" @ 2023-12-12 19:01:05 [2@verone-HP-ProBook-440-G5]
2 minutes 1 secondes for "Changement de la structure de la base de données - glpi_savedsearches" @ 2023-12-12 19:01:49 [2@verone-HP-ProBook-440-G5]
44 secondes for "Changement de la structure de la base de données - glpi_apiclients" @ 2023-12-12 19:02:02 [2@verone-HP-ProBook-440-G5]
13 secondes for "Changement de la structure de la base de données - glpi_applianceenvironments" @ 2023-12-12 19:02:36 [2@verone-HP-ProBook-440-G5]
34 secondes for "Changement de la structure de la base de données - glpi_appliancetypes" @ 2023-12-12 19:02:47 [2@verone-HP-ProBook-440-G5]
11 secondes for "Changement de la structure de la base de données - glpi_devicesimcards" @ 2023-12-12 19:03:23 [2@verone-HP-ProBook-440-G5]
36 secondes for "Changement de la structure de la base de données - glpi_knowbaseitems_comments" @ 2023-12-12 19:04:46 [2@verone-HP-ProBook-440-G5]
1 minutes 23 secondes for "Changement de la structure de la base de données - glpi_lines" @ 2023-12-12 19:05:11 [2@verone-HP-ProBook-440-G5]
25 secondes for "Changement de la structure de la base de données - glpi_rulerightparameters" @ 2023-12-12 19:05:38 [2@verone-HP-ProBook-440-G5]
27 secondes for "Changement de la structure de la base de données - glpi_ssovariables" @ 2023-12-12 19:06:02 [2@verone-HP-ProBook-440-G5]
24 secondes for "Changement de la structure de la base de données - glpi_virtualmachinestates" @ 2023-12-12 19:07:24 [2@verone-HP-ProBook-440-G5]
1 minutes 22 secondes for "Changement de la structure de la base de données - glpi_virtualmachinesystems" @ 2023-12-12 19:07:51 [2@verone-HP-ProBook-440-G5]
27 secondes for "Changement de la structure de la base de données - glpi_virtualmachinetypes" @ 2023-12-12 19:08:54 [2@verone-HP-ProBook-440-G5]
1 minutes 3 secondes for "Changement de la structure de la base de données - glpi_alerts" @ 2023-12-12 19:28:01 [2@verone-HP-ProBook-440-G5]
19 minutes 7 secondes for "Changement de la structure de la base de données - glpi_crontasklogs" @ 2023-12-12 19:29:06 [2@verone-HP-ProBook-440-G5]
1 minutes 5 secondes for "Changement de la structure de la base de données - glpi_notimportedemails" @ 2023-12-12 19:29:22 [2@verone-HP-ProBook-440-G5]
16 secondes for "Changement de la structure de la base de données - glpi_authmails" @ 2023-12-12 19:29:31 [2@verone-HP-ProBook-440-G5]
9 secondes for "Changement de la structure de la base de données - glpi_blacklistedmailcontents" @ 2023-12-12 19:29:42 [2@verone-HP-ProBook-440-G5]
11 secondes for "Changement de la structure de la base de données - glpi_businesscriticities" @ 2023-12-12 19:29:55 [2@verone-HP-ProBook-440-G5]
13 secondes for "Changement de la structure de la base de données - glpi_calendarsegments" @ 2023-12-12 19:30:05 [2@verone-HP-ProBook-440-G5]
10 secondes for "Changement de la structure de la base de données - glpi_certificates" @ 2023-12-12 19:30:21 [2@verone-HP-ProBook-440-G5]
16 secondes for "Changement de la structure de la base de données - glpi_clusters" @ 2023-12-12 19:30:29 [2@verone-HP-ProBook-440-G5]
8 secondes for "Changement de la structure de la base de données - glpi_computerantiviruses" @ 2023-12-12 19:30:37 [2@verone-HP-ProBook-440-G5]
8 secondes for "Changement de la structure de la base de données - glpi_computervirtualmachines" @ 2023-12-12 19:30:46 [2@verone-HP-ProBook-440-G5]
9 secondes for "Changement de la structure de la base de données - glpi_configs" @ 2023-12-12 19:31:01 [2@verone-HP-ProBook-440-G5]
15 secondes for "Changement de la structure de la base de données - glpi_crontasks" @ 2023-12-12 19:31:10 [2@verone-HP-ProBook-440-G5]
9 secondes for "Changement de la structure de la base de données - glpi_dashboards_rights" @ 2023-12-12 19:31:21 [2@verone-HP-ProBook-440-G5]
11 secondes for "Changement de la structure de la base de données - glpi_dcrooms" @ 2023-12-12 19:31:31 [2@verone-HP-ProBook-440-G5]
10 secondes for "Changement de la structure de la base de données - glpi_devicesensors" @ 2023-12-12 19:31:47 [2@verone-HP-ProBook-440-G5]
16 secondes for "Changement de la structure de la base de données - glpi_documents" @ 2023-12-12 19:32:08 [2@verone-HP-ProBook-440-G5]
21 secondes for "Changement de la structure de la base de données - glpi_documents_items" @ 2023-12-12 19:32:19 [2@verone-HP-ProBook-440-G5]
11 secondes for "Changement de la structure de la base de données - glpi_domainrelations" @ 2023-12-12 19:32:34 [2@verone-HP-ProBook-440-G5]
15 secondes for "Changement de la structure de la base de données - glpi_domaintypes" @ 2023-12-12 19:32:51 [2@verone-HP-ProBook-440-G5]
17 secondes for "Changement de la structure de la base de données - glpi_enclosures" @ 2023-12-12 19:32:59 [2@verone-HP-ProBook-440-G5]
8 secondes for "Changement de la structure de la base de données - glpi_fieldblacklists" @ 2023-12-12 19:33:35 [2@verone-HP-ProBook-440-G5]
36 secondes for "Changement de la structure de la base de données - glpi_fieldunicities" @ 2023-12-12 19:33:49 [2@verone-HP-ProBook-440-G5]
14 secondes for "Changement de la structure de la base de données - glpi_groups" @ 2023-12-12 19:33:58 [2@verone-HP-ProBook-440-G5]
9 secondes for "Changement de la structure de la base de données - glpi_groups_users" @ 2023-12-12 19:34:08 [2@verone-HP-ProBook-440-G5]
10 secondes for "Changement de la structure de la base de données - glpi_holidays" @ 2023-12-12 19:34:19 [2@verone-HP-ProBook-440-G5]
11 secondes for "Changement de la structure de la base de données - glpi_impactcompounds" @ 2023-12-12 19:34:26 [2@verone-HP-ProBook-440-G5]
7 secondes for "Changement de la structure de la base de données - glpi_ipaddresses" @ 2023-12-12 19:34:40 [2@verone-HP-ProBook-440-G5]
14 secondes for "Changement de la structure de la base de données - glpi_ipnetworks" @ 2023-12-12 19:34:47 [2@verone-HP-ProBook-440-G5]
7 secondes for "Changement de la structure de la base de données - glpi_ipnetworks_vlans" @ 2023-12-12 19:35:01 [2@verone-HP-ProBook-440-G5]
14 secondes for "Changement de la structure de la base de données - glpi_items_devicebatteries" @ 2023-12-12 19:35:09 [2@verone-HP-ProBook-440-G5]
8 secondes for "Changement de la structure de la base de données - glpi_items_devicefirmwares" @ 2023-12-12 19:35:18 [2@verone-HP-ProBook-440-G5]
9 secondes for "Changement de la structure de la base de données - glpi_items_devicegenerics" @ 2023-12-12 19:35:27 [2@verone-HP-ProBook-440-G5]
9 secondes for "Changement de la structure de la base de données - glpi_items_devicesensors" @ 2023-12-12 19:35:43 [2@verone-HP-ProBook-440-G5]
16 secondes for "Changement de la structure de la base de données - glpi_items_kanbans" @ 2023-12-12 19:35:52 [2@verone-HP-ProBook-440-G5]
9 secondes for "Changement de la structure de la base de données - glpi_items_operatingsystems" @ 2023-12-12 19:36:04 [2@verone-HP-ProBook-440-G5]
12 secondes for "Changement de la structure de la base de données - glpi_items_softwareversions" @ 2023-12-12 19:36:14 [2@verone-HP-ProBook-440-G5]
10 secondes for "Changement de la structure de la base de données - glpi_itilsolutions" @ 2023-12-12 19:36:21 [2@verone-HP-ProBook-440-G5]
7 secondes for "Changement de la structure de la base de données - glpi_knowbaseitemcategories" @ 2023-12-12 19:36:33 [2@verone-HP-ProBook-440-G5]
12 secondes for "Changement de la structure de la base de données - glpi_knowbaseitems_items" @ 2023-12-12 19:36:42 [2@verone-HP-ProBook-440-G5]
9 secondes for "Changement de la structure de la base de données - glpi_knowbaseitemtranslations" @ 2023-12-12 19:36:52 [2@verone-HP-ProBook-440-G5]
10 secondes for "Changement de la structure de la base de données - glpi_links" @ 2023-12-12 19:37:01 [2@verone-HP-ProBook-440-G5]
9 secondes for "Changement de la structure de la base de données - glpi_mailcollectors" @ 2023-12-12 19:37:13 [2@verone-HP-ProBook-440-G5]
12 secondes for "Changement de la structure de la base de données - glpi_manuallinks" @ 2023-12-12 19:37:21 [2@verone-HP-ProBook-440-G5]
8 secondes for "Changement de la structure de la base de données - glpi_networkaliases" @ 2023-12-12 19:37:28 [2@verone-HP-ProBook-440-G5]
7 secondes for "Changement de la structure de la base de données - glpi_networkports" @ 2023-12-12 19:37:35 [2@verone-HP-ProBook-440-G5]
7 secondes for "Changement de la structure de la base de données - glpi_networkportwifis" @ 2023-12-12 19:37:48 [2@verone-HP-ProBook-440-G5]
13 secondes for "Changement de la structure de la base de données - glpi_olalevels" @ 2023-12-12 19:38:08 [2@verone-HP-ProBook-440-G5]
20 secondes for "Changement de la structure de la base de données - glpi_olas" @ 2023-12-12 19:38:17 [2@verone-HP-ProBook-440-G5]
9 secondes for "Changement de la structure de la base de données - glpi_operatingsystemeditions" @ 2023-12-12 19:38:25 [2@verone-HP-ProBook-440-G5]
8 secondes for "Changement de la structure de la base de données - glpi_operatingsystemkernels" @ 2023-12-12 19:38:35 [2@verone-HP-ProBook-440-G5]
10 secondes for "Changement de la structure de la base de données - glpi_operatingsystemkernelversions" @ 2023-12-12 19:38:45 [2@verone-HP-ProBook-440-G5]
10 secondes for "Changement de la structure de la base de données - glpi_passivedcequipments" @ 2023-12-12 19:38:55 [2@verone-HP-ProBook-440-G5]
10 secondes for "Changement de la structure de la base de données - glpi_pdus" @ 2023-12-12 19:39:05 [2@verone-HP-ProBook-440-G5]
10 secondes for "Changement de la structure de la base de données - glpi_pdus_plugs" @ 2023-12-12 19:39:14 [2@verone-HP-ProBook-440-G5]
9 secondes for "Changement de la structure de la base de données - glpi_pdus_racks" @ 2023-12-12 19:39:24 [2@verone-HP-ProBook-440-G5]
10 secondes for "Changement de la structure de la base de données - glpi_planningexternalevents" @ 2023-12-12 19:39:32 [2@verone-HP-ProBook-440-G5]
8 secondes for "Changement de la structure de la base de données - glpi_planningexternaleventtemplates" @ 2023-12-12 19:39:41 [2@verone-HP-ProBook-440-G5]
9 secondes for "Changement de la structure de la base de données - glpi_plugins" @ 2023-12-12 19:39:51 [2@verone-HP-ProBook-440-G5]
10 secondes for "Changement de la structure de la base de données - glpi_profilerights" @ 2023-12-12 19:39:57 [2@verone-HP-ProBook-440-G5]
6 secondes for "Changement de la structure de la base de données - glpi_profiles" @ 2023-12-12 19:40:03 [2@verone-HP-ProBook-440-G5]
6 secondes for "Changement de la structure de la base de données - glpi_projects" @ 2023-12-12 19:40:36 [2@verone-HP-ProBook-440-G5]
33 secondes for "Changement de la structure de la base de données - glpi_queuednotifications" @ 2023-12-12 19:40:50 [2@verone-HP-ProBook-440-G5]
14 secondes for "Changement de la structure de la base de données - glpi_racks" @ 2023-12-12 19:41:00 [2@verone-HP-ProBook-440-G5]
10 secondes for "Changement de la structure de la base de données - glpi_recurrentchanges" @ 2023-12-12 19:41:07 [2@verone-HP-ProBook-440-G5]
7 secondes for "Changement de la structure de la base de données - glpi_refusedequipments" @ 2023-12-12 19:41:14 [2@verone-HP-ProBook-440-G5]
7 secondes for "Changement de la structure de la base de données - glpi_registeredids" @ 2023-12-12 19:41:23 [2@verone-HP-ProBook-440-G5]
9 secondes for "Changement de la structure de la base de données - glpi_remindertranslations" @ 2023-12-12 19:41:35 [2@verone-HP-ProBook-440-G5]
12 secondes for "Changement de la structure de la base de données - glpi_reminders" @ 2023-12-12 19:41:44 [2@verone-HP-ProBook-440-G5]
9 secondes for "Changement de la structure de la base de données - glpi_rules" @ 2023-12-12 19:41:52 [2@verone-HP-ProBook-440-G5]
8 secondes for "Changement de la structure de la base de données - glpi_softwarecategories" @ 2023-12-12 19:42:01 [2@verone-HP-ProBook-440-G5]
9 secondes for "Changement de la structure de la base de données - glpi_softwarelicensetypes" @ 2023-12-12 19:42:11 [2@verone-HP-ProBook-440-G5]
10 secondes for "Changement de la structure de la base de données - glpi_slalevels" @ 2023-12-12 19:42:30 [2@verone-HP-ProBook-440-G5]
19 secondes for "Changement de la structure de la base de données - glpi_slas" @ 2023-12-12 19:42:40 [2@verone-HP-ProBook-440-G5]
10 secondes for "Changement de la structure de la base de données - glpi_ticketrecurrents" @ 2023-12-12 19:42:59 [2@verone-HP-ProBook-440-G5]
19 secondes for "Changement de la structure de la base de données - glpi_tickets_tickets" @ 2023-12-12 19:43:05 [2@verone-HP-ProBook-440-G5]
6 secondes for "Changement de la structure de la base de données - glpi_vlans" @ 2023-12-12 19:43:11 [2@verone-HP-ProBook-440-G5]
6 secondes for "Changement de la structure de la base de données - glpi_wifinetworks" @ 2023-12-12 19:43:27 [2@verone-HP-ProBook-440-G5]
16 secondes for "Changement de la structure de la base de données - glpi_lockedfields" @ 2023-12-12 19:43:52 [2@verone-HP-ProBook-440-G5]
25 secondes for "Changement de la structure de la base de données - glpi_notepads" @ 2023-12-12 19:44:34 [2@verone-HP-ProBook-440-G5]
42 secondes for "Changement de la structure de la base de données - glpi_projecttasks" @ 2023-12-12 19:44:40 [2@verone-HP-ProBook-440-G5]
6 secondes for "Changement de la structure de la base de données - glpi_objectlocks" @ 2023-12-12 19:45:04 [2@verone-HP-ProBook-440-G5]
24 secondes for "Changement de la structure de la base de données - glpi_knowbaseitems_revisions" @ 2023-12-12 19:45:11 [2@verone-HP-ProBook-440-G5]
7 secondes for "Changement de la structure de la base de données - glpi_slms" @ 2023-12-12 19:45:31 [2@verone-HP-ProBook-440-G5]
20 secondes for "Changement de la structure de la base de données - glpi_softwareversions" @ 2023-12-12 19:45:39 [2@verone-HP-ProBook-440-G5]
8 secondes for "Changement de la structure de la base de données - glpi_entities" @ 2023-12-12 19:47:57 [2@verone-HP-ProBook-440-G5]
2 minutes 18 secondes for "Changement de la structure de la base de données - glpi_tickettasks" @ 2023-12-12 19:49:41 [2@verone-HP-ProBook-440-G5]
1 minutes 44 secondes for "Valeur de configuration ajoutée pour default_central_tab, page_layout, fold_menu, fold_search, savedsearches_pinned, richtext_layout, user_restored_ldap, timeline_order, itil_layout, noreply_email, noreply_email_name, replyto_email, replyto_email_name, support_legacy_data, document_max_size, purge_refusedequipment, 0, planning_work_days (core)." @ 2023-12-12 19:49:41 [2@verone-HP-ProBook-440-G5]
0 seconde for "Valeur de configuration ajoutée pour enabled_inventory, import_software, import_volume, import_antivirus, import_registry, import_process, import_vm, import_monitor_on_partial_sn, component_processor, component_memory, component_harddrive, component_networkcard, component_graphiccard, component_soundcard, component_drive, component_networkdrive, component_networkcardvirtual, component_control, component_battery, component_simcard, states_id_default, location, group, vm_type, vm_components, vm_as_computer, component_removablemedia, component_powersupply, inventory_frequency, import_monitor, import_printer, import_peripheral, stale_agents_delay, stale_agents_action, stale_agents_status (inventory)." @ 2023-12-12 19:49:42 [2@verone-HP-ProBook-440-G5]
1 seconde for "Traitement terminé." @ 2023-12-14 09:40:10 [2@verone-HP-ProBook-440-G5]
2 minutes 41 secondes for "Traitement en cours..." @ 2023-12-14 09:40:10 [2@verone-HP-ProBook-440-G5]
0 seconde for "Add new configurations / user preferences" @ 2023-12-14 09:40:17 [2@verone-HP-ProBook-440-G5]
7 secondes for "Drop old configurations / user preferences" @ 2023-12-14 09:41:39 [2@verone-HP-ProBook-440-G5]
1 minutes 22 secondes for "Changement de la structure de la base de données - glpi_contracts" @ 2023-12-14 09:41:39 [2@verone-HP-ProBook-440-G5]
0 seconde for "Renommage du type élément "DeviceMotherBoardModel" par "DeviceMotherboardModel"...  " @ 2023-12-14 09:41:40 [2@verone-HP-ProBook-440-G5]
1 seconde for "Renommage du type élément "DeviceMotherBoardModel" par "DeviceMotherboardModel" dans toutes les tables..." @ 2023-12-14 09:42:09 [2@verone-HP-ProBook-440-G5]
29 secondes for "Changement de la structure de la base de données - glpi_domains" @ 2023-12-14 09:42:50 [2@verone-HP-ProBook-440-G5]
41 secondes for "Changement de la structure de la base de données - glpi_entities" @ 2023-12-14 09:42:56 [2@verone-HP-ProBook-440-G5]
6 secondes for "Changement de la structure de la base de données - glpi_entities" @ 2023-12-14 09:43:35 [2@verone-HP-ProBook-440-G5]
39 secondes for "Changement de la structure de la base de données - glpi_entities" @ 2023-12-14 09:43:41 [2@verone-HP-ProBook-440-G5]
6 secondes for "Changement de la structure de la base de données - glpi_entities" @ 2023-12-14 09:44:10 [2@verone-HP-ProBook-440-G5]
29 secondes for "Changement de la structure de la base de données - glpi_entities" @ 2023-12-14 09:44:23 [2@verone-HP-ProBook-440-G5]
13 secondes for "Changement de la structure de la base de données - glpi_entities" @ 2023-12-14 09:44:55 [2@verone-HP-ProBook-440-G5]
32 secondes for "Changement de la structure de la base de données - glpi_entities" @ 2023-12-14 09:45:25 [2@verone-HP-ProBook-440-G5]
30 secondes for "Changement de la structure de la base de données - glpi_entities" @ 2023-12-14 09:45:56 [2@verone-HP-ProBook-440-G5]
31 secondes for "Changement de la structure de la base de données - glpi_entities" @ 2023-12-14 09:52:34 [2@verone-HP-ProBook-440-G5]
6 minutes 38 secondes for "Changement de la structure de la base de données - glpi_entities" @ 2023-12-14 10:03:04 [2@verone-HP-ProBook-440-G5]
10 minutes 30 secondes for "Changement de la structure de la base de données - glpi_entities" @ 2023-12-14 10:03:26 [2@verone-HP-ProBook-440-G5]
22 secondes for "Adding recurrent changes" @ 2023-12-14 10:03:45 [2@verone-HP-ProBook-440-G5]
19 secondes for "Adding unicity key to reservationitem" @ 2023-12-14 10:03:47 [2@verone-HP-ProBook-440-G5]
2 secondes for "Changement de la structure de la base de données - glpi_ipaddresses" @ 2023-12-14 10:03:50 [2@verone-HP-ProBook-440-G5]
3 secondes for "Changement de la structure de la base de données - glpi_items_softwareversions" @ 2023-12-14 10:03:54 [2@verone-HP-ProBook-440-G5]
4 secondes for "Changement de la structure de la base de données - glpi_items_softwareversions" @ 2023-12-14 10:03:58 [2@verone-HP-ProBook-440-G5]
4 secondes for "Changement de la structure de la base de données - glpi_registeredids" @ 2023-12-14 10:04:02 [2@verone-HP-ProBook-440-G5]
4 secondes for "Changement de la structure de la base de données - glpi_appliances_items" @ 2023-12-14 10:04:05 [2@verone-HP-ProBook-440-G5]
3 secondes for "Changement de la structure de la base de données - glpi_appliances_items_relations" @ 2023-12-14 10:04:07 [2@verone-HP-ProBook-440-G5]
2 secondes for "Changement de la structure de la base de données - glpi_appliances_items_relations" @ 2023-12-14 10:04:12 [2@verone-HP-ProBook-440-G5]
5 secondes for "Changement de la structure de la base de données - glpi_certificates_items" @ 2023-12-14 10:04:14 [2@verone-HP-ProBook-440-G5]
2 secondes for "Changement de la structure de la base de données - glpi_changetemplatehiddenfields" @ 2023-12-14 10:04:17 [2@verone-HP-ProBook-440-G5]
3 secondes for "Changement de la structure de la base de données - glpi_changetemplatemandatoryfields" @ 2023-12-14 10:04:20 [2@verone-HP-ProBook-440-G5]
3 secondes for "Changement de la structure de la base de données - glpi_contracts_items" @ 2023-12-14 10:04:26 [2@verone-HP-ProBook-440-G5]
6 secondes for "Changement de la structure de la base de données - glpi_dashboards_rights" @ 2023-12-14 10:04:29 [2@verone-HP-ProBook-440-G5]
3 secondes for "Changement de la structure de la base de données - glpi_domains_items" @ 2023-12-14 10:04:33 [2@verone-HP-ProBook-440-G5]
4 secondes for "Changement de la structure de la base de données - glpi_domains_items" @ 2023-12-14 10:04:37 [2@verone-HP-ProBook-440-G5]
4 secondes for "Changement de la structure de la base de données - glpi_dropdowntranslations" @ 2023-12-14 10:04:52 [2@verone-HP-ProBook-440-G5]
15 secondes for "Changement de la structure de la base de données - glpi_entities" @ 2023-12-14 10:04:54 [2@verone-HP-ProBook-440-G5]
2 secondes for "Changement de la structure de la base de données - glpi_impactrelations" @ 2023-12-14 10:04:58 [2@verone-HP-ProBook-440-G5]
4 secondes for "Changement de la structure de la base de données - glpi_ipaddresses_ipnetworks" @ 2023-12-14 10:05:03 [2@verone-HP-ProBook-440-G5]
5 secondes for "Changement de la structure de la base de données - glpi_items_devicebatteries" @ 2023-12-14 10:05:07 [2@verone-HP-ProBook-440-G5]
4 secondes for "Changement de la structure de la base de données - glpi_items_devicecases" @ 2023-12-14 10:05:12 [2@verone-HP-ProBook-440-G5]
5 secondes for "Changement de la structure de la base de données - glpi_items_devicecontrols" @ 2023-12-14 10:05:14 [2@verone-HP-ProBook-440-G5]
2 secondes for "Changement de la structure de la base de données - glpi_items_devicedrives" @ 2023-12-14 10:05:18 [2@verone-HP-ProBook-440-G5]
4 secondes for "Changement de la structure de la base de données - glpi_items_devicefirmwares" @ 2023-12-14 10:05:26 [2@verone-HP-ProBook-440-G5]
8 secondes for "Changement de la structure de la base de données - glpi_items_devicegenerics" @ 2023-12-14 10:05:33 [2@verone-HP-ProBook-440-G5]
7 secondes for "Changement de la structure de la base de données - glpi_items_devicegraphiccards" @ 2023-12-14 10:05:36 [2@verone-HP-ProBook-440-G5]
3 secondes for "Changement de la structure de la base de données - glpi_items_deviceharddrives" @ 2023-12-14 10:05:39 [2@verone-HP-ProBook-440-G5]
3 secondes for "Changement de la structure de la base de données - glpi_items_devicememories" @ 2023-12-14 10:05:43 [2@verone-HP-ProBook-440-G5]
4 secondes for "Changement de la structure de la base de données - glpi_items_devicemotherboards" @ 2023-12-14 10:05:47 [2@verone-HP-ProBook-440-G5]
4 secondes for "Changement de la structure de la base de données - glpi_items_devicenetworkcards" @ 2023-12-14 10:05:50 [2@verone-HP-ProBook-440-G5]
3 secondes for "Changement de la structure de la base de données - glpi_items_devicepcis" @ 2023-12-14 10:05:54 [2@verone-HP-ProBook-440-G5]
4 secondes for "Changement de la structure de la base de données - glpi_items_devicepowersupplies" @ 2023-12-14 10:05:57 [2@verone-HP-ProBook-440-G5]
3 secondes for "Changement de la structure de la base de données - glpi_items_deviceprocessors" @ 2023-12-14 10:06:01 [2@verone-HP-ProBook-440-G5]
4 secondes for "Changement de la structure de la base de données - glpi_items_devicesensors" @ 2023-12-14 10:06:04 [2@verone-HP-ProBook-440-G5]
3 secondes for "Changement de la structure de la base de données - glpi_items_devicesoundcards" @ 2023-12-14 10:06:07 [2@verone-HP-ProBook-440-G5]
3 secondes for "Changement de la structure de la base de données - glpi_items_disks" @ 2023-12-14 10:06:12 [2@verone-HP-ProBook-440-G5]
5 secondes for "Changement de la structure de la base de données - glpi_items_disks" @ 2023-12-14 10:06:18 [2@verone-HP-ProBook-440-G5]
6 secondes for "Changement de la structure de la base de données - glpi_items_operatingsystems" @ 2023-12-14 10:06:23 [2@verone-HP-ProBook-440-G5]
5 secondes for "Changement de la structure de la base de données - glpi_items_softwarelicenses" @ 2023-12-14 10:06:26 [2@verone-HP-ProBook-440-G5]
3 secondes for "Changement de la structure de la base de données - glpi_items_softwarelicenses" @ 2023-12-14 10:06:29 [2@verone-HP-ProBook-440-G5]
3 secondes for "Changement de la structure de la base de données - glpi_items_softwareversions" @ 2023-12-14 10:06:32 [2@verone-HP-ProBook-440-G5]
3 secondes for "Changement de la structure de la base de données - glpi_items_softwareversions" @ 2023-12-14 10:06:37 [2@verone-HP-ProBook-440-G5]
5 secondes for "Changement de la structure de la base de données - glpi_items_softwareversions" @ 2023-12-14 10:06:39 [2@verone-HP-ProBook-440-G5]
2 secondes for "Changement de la structure de la base de données - glpi_itilfollowups" @ 2023-12-14 10:06:43 [2@verone-HP-ProBook-440-G5]
4 secondes for "Changement de la structure de la base de données - glpi_itilfollowups" @ 2023-12-14 10:06:46 [2@verone-HP-ProBook-440-G5]
3 secondes for "Changement de la structure de la base de données - glpi_itilsolutions" @ 2023-12-14 10:06:50 [2@verone-HP-ProBook-440-G5]
4 secondes for "Changement de la structure de la base de données - glpi_itilsolutions" @ 2023-12-14 10:06:55 [2@verone-HP-ProBook-440-G5]
5 secondes for "Changement de la structure de la base de données - glpi_knowbaseitemcategories" @ 2023-12-14 10:06:59 [2@verone-HP-ProBook-440-G5]
4 secondes for "Changement de la structure de la base de données - glpi_knowbaseitems_items" @ 2023-12-14 10:07:02 [2@verone-HP-ProBook-440-G5]
3 secondes for "Changement de la structure de la base de données - glpi_knowbaseitems_items" @ 2023-12-14 10:07:07 [2@verone-HP-ProBook-440-G5]
5 secondes for "Changement de la structure de la base de données - glpi_knowbaseitems_items" @ 2023-12-14 10:07:34 [2@verone-HP-ProBook-440-G5]
27 secondes for "Changement de la structure de la base de données - glpi_networknames" @ 2023-12-14 10:07:36 [2@verone-HP-ProBook-440-G5]
2 secondes for "Changement de la structure de la base de données - glpi_networkports" @ 2023-12-14 10:07:38 [2@verone-HP-ProBook-440-G5]
2 secondes for "Changement de la structure de la base de données - glpi_notifications_notificationtemplates" @ 2023-12-14 10:07:44 [2@verone-HP-ProBook-440-G5]
6 secondes for "Changement de la structure de la base de données - glpi_olalevels_tickets" @ 2023-12-14 10:07:47 [2@verone-HP-ProBook-440-G5]
3 secondes for "Changement de la structure de la base de données - glpi_problemtemplatehiddenfields" @ 2023-12-14 10:07:51 [2@verone-HP-ProBook-440-G5]
4 secondes for "Changement de la structure de la base de données - glpi_problemtemplatemandatoryfields" @ 2023-12-14 10:07:54 [2@verone-HP-ProBook-440-G5]
3 secondes for "Changement de la structure de la base de données - glpi_reservations" @ 2023-12-14 10:07:58 [2@verone-HP-ProBook-440-G5]
4 secondes for "Changement de la structure de la base de données - glpi_slalevels_tickets" @ 2023-12-14 10:08:03 [2@verone-HP-ProBook-440-G5]
5 secondes for "Changement de la structure de la base de données - glpi_tickettemplatehiddenfields" @ 2023-12-14 10:08:08 [2@verone-HP-ProBook-440-G5]
5 secondes for "Changement de la structure de la base de données - glpi_tickettemplatemandatoryfields" @ 2023-12-14 10:08:11 [2@verone-HP-ProBook-440-G5]
3 secondes for "Changement de la structure de la base de données - glpi_notepads" @ 2023-12-14 10:08:15 [2@verone-HP-ProBook-440-G5]
4 secondes for "Changement de la structure de la base de données - glpi_projecttasks" @ 2023-12-14 10:08:20 [2@verone-HP-ProBook-440-G5]
5 secondes for "Changement de la structure de la base de données - glpi_objectlocks" @ 2023-12-14 10:08:26 [2@verone-HP-ProBook-440-G5]
6 secondes for "Changement de la structure de la base de données - glpi_knowbaseitems_revisions" @ 2023-12-14 10:08:27 [2@verone-HP-ProBook-440-G5]
1 seconde for "Changement de la structure de la base de données - glpi_groups_knowbaseitems" @ 2023-12-14 10:08:56 [2@verone-HP-ProBook-440-G5]
29 secondes for "Changement de la structure de la base de données - glpi_groups_knowbaseitems" @ 2023-12-14 10:08:58 [2@verone-HP-ProBook-440-G5]
2 secondes for "Changement de la structure de la base de données - glpi_groups_reminders" @ 2023-12-14 10:09:23 [2@verone-HP-ProBook-440-G5]
25 secondes for "Changement de la structure de la base de données - glpi_groups_reminders" @ 2023-12-14 10:09:26 [2@verone-HP-ProBook-440-G5]
3 secondes for "Changement de la structure de la base de données - glpi_groups_rssfeeds" @ 2023-12-14 10:09:54 [2@verone-HP-ProBook-440-G5]
28 secondes for "Changement de la structure de la base de données - glpi_groups_rssfeeds" @ 2023-12-14 10:09:56 [2@verone-HP-ProBook-440-G5]
2 secondes for "Changement de la structure de la base de données - glpi_knowbaseitems_profiles" @ 2023-12-14 10:10:15 [2@verone-HP-ProBook-440-G5]
19 secondes for "Changement de la structure de la base de données - glpi_knowbaseitems_profiles" @ 2023-12-14 10:10:17 [2@verone-HP-ProBook-440-G5]
2 secondes for "Changement de la structure de la base de données - glpi_profiles_reminders" @ 2023-12-14 10:10:38 [2@verone-HP-ProBook-440-G5]
21 secondes for "Changement de la structure de la base de données - glpi_profiles_reminders" @ 2023-12-14 10:10:41 [2@verone-HP-ProBook-440-G5]
3 secondes for "Changement de la structure de la base de données - glpi_profiles_rssfeeds" @ 2023-12-14 10:11:10 [2@verone-HP-ProBook-440-G5]
29 secondes for "Changement de la structure de la base de données - glpi_profiles_rssfeeds" @ 2023-12-14 10:11:39 [2@verone-HP-ProBook-440-G5]
29 secondes for "Changement de la structure de la base de données - glpi_entities" @ 2023-12-14 10:11:56 [2@verone-HP-ProBook-440-G5]
17 secondes for "Changement de la structure de la base de données - glpi_transfers" @ 2023-12-14 10:13:21 [2@verone-HP-ProBook-440-G5]
1 minutes 25 secondes for "Changement de la structure de la base de données - glpi_transfers" @ 2023-12-14 10:14:12 [2@verone-HP-ProBook-440-G5]
51 secondes for "Changement de la structure de la base de données - glpi_states" @ 2023-12-14 10:14:17 [2@verone-HP-ProBook-440-G5]
5 secondes for "Changement de la structure de la base de données - glpi_networkportethernets" @ 2023-12-14 10:14:37 [2@verone-HP-ProBook-440-G5]
20 secondes for "Changement de la structure de la base de données - glpi_networkportfiberchannels" @ 2023-12-14 10:15:33 [2@verone-HP-ProBook-440-G5]
56 secondes for "Changement de la structure de la base de données - glpi_users" @ 2023-12-14 10:15:59 [2@verone-HP-ProBook-440-G5]
26 secondes for "Changement de la structure de la base de données - glpi_contacts" @ 2023-12-14 10:16:12 [2@verone-HP-ProBook-440-G5]
13 secondes for "Changement de la structure de la base de données - glpi_contracts" @ 2023-12-14 10:16:29 [2@verone-HP-ProBook-440-G5]
17 secondes for "Changement de la structure de la base de données - glpi_dashboards_dashboards" @ 2023-12-14 10:16:45 [2@verone-HP-ProBook-440-G5]
16 secondes for "Changement de la structure de la base de données - glpi_domainrecordtypes" @ 2023-12-14 10:17:07 [2@verone-HP-ProBook-440-G5]
22 secondes for "Changement de la structure de la base de données - glpi_domainrecords" @ 2023-12-14 10:17:36 [2@verone-HP-ProBook-440-G5]
29 secondes for "Changement de la structure de la base de données - glpi_domains" @ 2023-12-14 10:17:57 [2@verone-HP-ProBook-440-G5]
21 secondes for "Changement de la structure de la base de données - glpi_impactcontexts" @ 2023-12-14 10:17:59 [2@verone-HP-ProBook-440-G5]
2 secondes for "Changement de la structure de la base de données - glpi_phonemodels" @ 2023-12-14 10:18:03 [2@verone-HP-ProBook-440-G5]
4 secondes for "Changement de la structure de la base de données - glpi_printermodels" @ 2023-12-14 10:18:33 [2@verone-HP-ProBook-440-G5]
30 secondes for "Changement de la structure de la base de données - glpi_softwares" @ 2023-12-14 10:18:54 [2@verone-HP-ProBook-440-G5]
21 secondes for "Changement de la structure de la base de données - glpi_cartridgeitems" @ 2023-12-14 10:19:16 [2@verone-HP-ProBook-440-G5]
22 secondes for "Changement de la structure de la base de données - glpi_consumableitems" @ 2023-12-14 10:19:38 [2@verone-HP-ProBook-440-G5]
22 secondes for "Changement de la structure de la base de données - glpi_rackmodels" @ 2023-12-14 10:20:10 [2@verone-HP-ProBook-440-G5]
32 secondes for "Changement de la structure de la base de données - glpi_softwarelicenses" @ 2023-12-14 10:20:27 [2@verone-HP-ProBook-440-G5]
17 secondes for "Changement de la structure de la base de données - glpi_datacenters" @ 2023-12-14 10:20:47 [2@verone-HP-ProBook-440-G5]
20 secondes for "Changement de la structure de la base de données - glpi_suppliers" @ 2023-12-14 10:21:15 [2@verone-HP-ProBook-440-G5]
28 secondes for "Changement de la structure de la base de données - glpi_appliances" @ 2023-12-14 10:21:16 [2@verone-HP-ProBook-440-G5]
1 seconde for "Changement de la structure de la base de données - glpi_computermodels" @ 2023-12-14 10:21:21 [2@verone-HP-ProBook-440-G5]
5 secondes for "Changement de la structure de la base de données - glpi_enclosuremodels" @ 2023-12-14 10:21:24 [2@verone-HP-ProBook-440-G5]
3 secondes for "Changement de la structure de la base de données - glpi_monitormodels" @ 2023-12-14 10:21:26 [2@verone-HP-ProBook-440-G5]
2 secondes for "Changement de la structure de la base de données - glpi_networkequipmentmodels" @ 2023-12-14 10:21:29 [2@verone-HP-ProBook-440-G5]
3 secondes for "Changement de la structure de la base de données - glpi_passivedcequipmentmodels" @ 2023-12-14 10:21:46 [2@verone-HP-ProBook-440-G5]
17 secondes for "Changement de la structure de la base de données - glpi_pdumodels" @ 2023-12-14 10:21:49 [2@verone-HP-ProBook-440-G5]
3 secondes for "Changement de la structure de la base de données - glpi_peripheralmodels" @ 2023-12-14 10:22:09 [2@verone-HP-ProBook-440-G5]
20 secondes for "Changement de la structure de la base de données - glpi_authldaps" @ 2023-12-14 10:22:26 [2@verone-HP-ProBook-440-G5]
17 secondes for "Changement de la structure de la base de données - glpi_authldapreplicates" @ 2023-12-14 10:23:02 [2@verone-HP-ProBook-440-G5]
36 secondes for "Changement de la structure de la base de données - glpi_networkequipments" @ 2023-12-14 10:23:57 [2@verone-HP-ProBook-440-G5]
55 secondes for "Changement de la structure de la base de données - glpi_printers" @ 2023-12-14 10:23:59 [2@verone-HP-ProBook-440-G5]
2 secondes for "Changement de la structure de la base de données - glpi_computers" @ 2023-12-14 10:24:36 [2@verone-HP-ProBook-440-G5]
37 secondes for "Changement de la structure de la base de données - glpi_phones" @ 2023-12-14 10:25:00 [2@verone-HP-ProBook-440-G5]
24 secondes for "Changement de la structure de la base de données - glpi_databaseinstances" @ 2023-12-14 10:25:40 [2@verone-HP-ProBook-440-G5]
40 secondes for "Changement de la structure de la base de données - glpi_monitors" @ 2023-12-14 10:26:09 [2@verone-HP-ProBook-440-G5]
29 secondes for "Changement de la structure de la base de données - glpi_peripherals" @ 2023-12-14 10:26:15 [2@verone-HP-ProBook-440-G5]
6 secondes for "Changement de la structure de la base de données - glpi_reservationitems" @ 2023-12-14 10:26:22 [2@verone-HP-ProBook-440-G5]
7 secondes for "Ajout des index d'unicité - glpi_reservationitems" @ 2023-12-14 10:26:26 [2@verone-HP-ProBook-440-G5]
4 secondes for "Changement de la structure de la base de données - glpi_savedsearches_alerts" @ 2023-12-14 10:26:53 [2@verone-HP-ProBook-440-G5]
27 secondes for "Changement de la structure de la base de données - glpi_savedsearches" @ 2023-12-14 10:27:09 [2@verone-HP-ProBook-440-G5]
16 secondes for "Changement de la structure de la base de données - glpi_apiclients" @ 2023-12-14 10:27:11 [2@verone-HP-ProBook-440-G5]
2 secondes for "Changement de la structure de la base de données - glpi_applianceenvironments" @ 2023-12-14 10:27:15 [2@verone-HP-ProBook-440-G5]
4 secondes for "Changement de la structure de la base de données - glpi_appliancetypes" @ 2023-12-14 10:27:18 [2@verone-HP-ProBook-440-G5]
3 secondes for "Changement de la structure de la base de données - glpi_devicesimcards" @ 2023-12-14 10:27:32 [2@verone-HP-ProBook-440-G5]
14 secondes for "Changement de la structure de la base de données - glpi_knowbaseitems_comments" @ 2023-12-14 10:28:03 [2@verone-HP-ProBook-440-G5]
31 secondes for "Changement de la structure de la base de données - glpi_lines" @ 2023-12-14 10:28:17 [2@verone-HP-ProBook-440-G5]
14 secondes for "Changement de la structure de la base de données - glpi_rulerightparameters" @ 2023-12-14 10:28:30 [2@verone-HP-ProBook-440-G5]
13 secondes for "Changement de la structure de la base de données - glpi_ssovariables" @ 2023-12-14 10:28:43 [2@verone-HP-ProBook-440-G5]
13 secondes for "Changement de la structure de la base de données - glpi_virtualmachinestates" @ 2023-12-14 10:28:57 [2@verone-HP-ProBook-440-G5]
14 secondes for "Changement de la structure de la base de données - glpi_virtualmachinesystems" @ 2023-12-14 10:29:12 [2@verone-HP-ProBook-440-G5]
15 secondes for "Changement de la structure de la base de données - glpi_virtualmachinetypes" @ 2023-12-14 10:29:37 [2@verone-HP-ProBook-440-G5]
25 secondes for "Changement de la structure de la base de données - glpi_alerts" @ 2023-12-14 10:36:25 [2@verone-HP-ProBook-440-G5]
6 minutes 48 secondes for "Changement de la structure de la base de données - glpi_crontasklogs" @ 2023-12-14 10:36:26 [2@verone-HP-ProBook-440-G5]
1 seconde for "Changement de la structure de la base de données - glpi_notimportedemails" @ 2023-12-14 10:36:26 [2@verone-HP-ProBook-440-G5]
0 seconde for "Changement de la structure de la base de données - glpi_authmails" @ 2023-12-14 10:36:27 [2@verone-HP-ProBook-440-G5]
1 seconde for "Changement de la structure de la base de données - glpi_blacklistedmailcontents" @ 2023-12-14 10:36:27 [2@verone-HP-ProBook-440-G5]
0 seconde for "Changement de la structure de la base de données - glpi_businesscriticities" @ 2023-12-14 10:36:27 [2@verone-HP-ProBook-440-G5]
0 seconde for "Changement de la structure de la base de données - glpi_calendarsegments" @ 2023-12-14 10:36:27 [2@verone-HP-ProBook-440-G5]
0 seconde for "Changement de la structure de la base de données - glpi_certificates" @ 2023-12-14 10:36:28 [2@verone-HP-ProBook-440-G5]
1 seconde for "Changement de la structure de la base de données - glpi_clusters" @ 2023-12-14 10:36:28 [2@verone-HP-ProBook-440-G5]
0 seconde for "Changement de la structure de la base de données - glpi_computerantiviruses" @ 2023-12-14 10:36:28 [2@verone-HP-ProBook-440-G5]
0 seconde for "Changement de la structure de la base de données - glpi_computervirtualmachines" @ 2023-12-14 10:36:29 [2@verone-HP-ProBook-440-G5]
1 seconde for "Changement de la structure de la base de données - glpi_configs" @ 2023-12-14 10:36:29 [2@verone-HP-ProBook-440-G5]
0 seconde for "Changement de la structure de la base de données - glpi_crontasks" @ 2023-12-14 10:36:29 [2@verone-HP-ProBook-440-G5]
0 seconde for "Changement de la structure de la base de données - glpi_dashboards_rights" @ 2023-12-14 10:36:30 [2@verone-HP-ProBook-440-G5]
1 seconde for "Changement de la structure de la base de données - glpi_dcrooms" @ 2023-12-14 10:36:30 [2@verone-HP-ProBook-440-G5]
0 seconde for "Changement de la structure de la base de données - glpi_devicesensors" @ 2023-12-14 10:36:30 [2@verone-HP-ProBook-440-G5]
0 seconde for "Changement de la structure de la base de données - glpi_documents" @ 2023-12-14 10:36:31 [2@verone-HP-ProBook-440-G5]
1 seconde for "Changement de la structure de la base de données - glpi_documents_items" @ 2023-12-14 10:36:32 [2@verone-HP-ProBook-440-G5]
1 seconde for "Changement de la structure de la base de données - glpi_domainrelations" @ 2023-12-14 10:36:48 [2@verone-HP-ProBook-440-G5]
16 secondes for "Changement de la structure de la base de données - glpi_domaintypes" @ 2023-12-14 10:37:06 [2@verone-HP-ProBook-440-G5]
18 secondes for "Changement de la structure de la base de données - glpi_enclosures" @ 2023-12-14 10:37:20 [2@verone-HP-ProBook-440-G5]
14 secondes for "Changement de la structure de la base de données - glpi_fieldblacklists" @ 2023-12-14 10:37:53 [2@verone-HP-ProBook-440-G5]
33 secondes for "Changement de la structure de la base de données - glpi_fieldunicities" @ 2023-12-14 10:37:57 [2@verone-HP-ProBook-440-G5]
4 secondes for "Changement de la structure de la base de données - glpi_groups" @ 2023-12-14 10:38:07 [2@verone-HP-ProBook-440-G5]
10 secondes for "Changement de la structure de la base de données - glpi_groups_users" @ 2023-12-14 10:38:19 [2@verone-HP-ProBook-440-G5]
12 secondes for "Changement de la structure de la base de données - glpi_holidays" @ 2023-12-14 10:38:26 [2@verone-HP-ProBook-440-G5]
7 secondes for "Changement de la structure de la base de données - glpi_impactcompounds" @ 2023-12-14 10:38:30 [2@verone-HP-ProBook-440-G5]
4 secondes for "Changement de la structure de la base de données - glpi_ipaddresses" @ 2023-12-14 10:38:37 [2@verone-HP-ProBook-440-G5]
7 secondes for "Changement de la structure de la base de données - glpi_ipnetworks" @ 2023-12-14 10:38:43 [2@verone-HP-ProBook-440-G5]
6 secondes for "Changement de la structure de la base de données - glpi_ipnetworks_vlans" @ 2023-12-14 10:38:52 [2@verone-HP-ProBook-440-G5]
9 secondes for "Changement de la structure de la base de données - glpi_items_devicebatteries" @ 2023-12-14 10:39:00 [2@verone-HP-ProBook-440-G5]
8 secondes for "Changement de la structure de la base de données - glpi_items_devicefirmwares" @ 2023-12-14 10:39:10 [2@verone-HP-ProBook-440-G5]
10 secondes for "Changement de la structure de la base de données - glpi_items_devicegenerics" @ 2023-12-14 10:39:18 [2@verone-HP-ProBook-440-G5]
8 secondes for "Changement de la structure de la base de données - glpi_items_devicesensors" @ 2023-12-14 10:39:30 [2@verone-HP-ProBook-440-G5]
12 secondes for "Changement de la structure de la base de données - glpi_items_kanbans" @ 2023-12-14 10:39:40 [2@verone-HP-ProBook-440-G5]
10 secondes for "Changement de la structure de la base de données - glpi_items_operatingsystems" @ 2023-12-14 10:39:50 [2@verone-HP-ProBook-440-G5]
10 secondes for "Changement de la structure de la base de données - glpi_items_softwareversions" @ 2023-12-14 10:39:59 [2@verone-HP-ProBook-440-G5]
9 secondes for "Changement de la structure de la base de données - glpi_itilsolutions" @ 2023-12-14 10:40:03 [2@verone-HP-ProBook-440-G5]
4 secondes for "Changement de la structure de la base de données - glpi_knowbaseitemcategories" @ 2023-12-14 10:40:11 [2@verone-HP-ProBook-440-G5]
8 secondes for "Changement de la structure de la base de données - glpi_knowbaseitems_items" @ 2023-12-14 10:40:20 [2@verone-HP-ProBook-440-G5]
9 secondes for "Changement de la structure de la base de données - glpi_knowbaseitemtranslations" @ 2023-12-14 10:40:27 [2@verone-HP-ProBook-440-G5]
7 secondes for "Changement de la structure de la base de données - glpi_links" @ 2023-12-14 10:40:32 [2@verone-HP-ProBook-440-G5]
5 secondes for "Changement de la structure de la base de données - glpi_mailcollectors" @ 2023-12-14 10:40:39 [2@verone-HP-ProBook-440-G5]
7 secondes for "Changement de la structure de la base de données - glpi_manuallinks" @ 2023-12-14 10:40:42 [2@verone-HP-ProBook-440-G5]
3 secondes for "Changement de la structure de la base de données - glpi_networkaliases" @ 2023-12-14 10:40:47 [2@verone-HP-ProBook-440-G5]
5 secondes for "Changement de la structure de la base de données - glpi_networkports" @ 2023-12-14 10:40:52 [2@verone-HP-ProBook-440-G5]
5 secondes for "Changement de la structure de la base de données - glpi_networkportwifis" @ 2023-12-14 10:41:02 [2@verone-HP-ProBook-440-G5]
10 secondes for "Changement de la structure de la base de données - glpi_olalevels" @ 2023-12-14 10:41:25 [2@verone-HP-ProBook-440-G5]
23 secondes for "Changement de la structure de la base de données - glpi_olas" @ 2023-12-14 10:41:36 [2@verone-HP-ProBook-440-G5]
11 secondes for "Changement de la structure de la base de données - glpi_operatingsystemeditions" @ 2023-12-14 10:41:47 [2@verone-HP-ProBook-440-G5]
11 secondes for "Changement de la structure de la base de données - glpi_operatingsystemkernels" @ 2023-12-14 10:41:56 [2@verone-HP-ProBook-440-G5]
9 secondes for "Changement de la structure de la base de données - glpi_operatingsystemkernelversions" @ 2023-12-14 10:42:07 [2@verone-HP-ProBook-440-G5]
11 secondes for "Changement de la structure de la base de données - glpi_passivedcequipments" @ 2023-12-14 10:42:19 [2@verone-HP-ProBook-440-G5]
12 secondes for "Changement de la structure de la base de données - glpi_pdus" @ 2023-12-14 10:42:28 [2@verone-HP-ProBook-440-G5]
9 secondes for "Changement de la structure de la base de données - glpi_pdus_plugs" @ 2023-12-14 10:42:37 [2@verone-HP-ProBook-440-G5]
9 secondes for "Changement de la structure de la base de données - glpi_pdus_racks" @ 2023-12-14 10:42:42 [2@verone-HP-ProBook-440-G5]
5 secondes for "Changement de la structure de la base de données - glpi_planningexternalevents" @ 2023-12-14 10:42:45 [2@verone-HP-ProBook-440-G5]
3 secondes for "Changement de la structure de la base de données - glpi_planningexternaleventtemplates" @ 2023-12-14 10:42:53 [2@verone-HP-ProBook-440-G5]
8 secondes for "Changement de la structure de la base de données - glpi_plugins" @ 2023-12-14 10:43:00 [2@verone-HP-ProBook-440-G5]
7 secondes for "Changement de la structure de la base de données - glpi_profilerights" @ 2023-12-14 10:43:05 [2@verone-HP-ProBook-440-G5]
5 secondes for "Changement de la structure de la base de données - glpi_profiles" @ 2023-12-14 10:43:10 [2@verone-HP-ProBook-440-G5]
5 secondes for "Changement de la structure de la base de données - glpi_projects" @ 2023-12-14 10:43:16 [2@verone-HP-ProBook-440-G5]
6 secondes for "Changement de la structure de la base de données - glpi_queuednotifications" @ 2023-12-14 10:43:27 [2@verone-HP-ProBook-440-G5]
11 secondes for "Changement de la structure de la base de données - glpi_racks" @ 2023-12-14 10:43:33 [2@verone-HP-ProBook-440-G5]
6 secondes for "Changement de la structure de la base de données - glpi_recurrentchanges" @ 2023-12-14 10:43:39 [2@verone-HP-ProBook-440-G5]
6 secondes for "Changement de la structure de la base de données - glpi_refusedequipments" @ 2023-12-14 10:43:44 [2@verone-HP-ProBook-440-G5]
5 secondes for "Changement de la structure de la base de données - glpi_registeredids" @ 2023-12-14 10:43:55 [2@verone-HP-ProBook-440-G5]
11 secondes for "Changement de la structure de la base de données - glpi_remindertranslations" @ 2023-12-14 10:44:01 [2@verone-HP-ProBook-440-G5]
6 secondes for "Changement de la structure de la base de données - glpi_reminders" @ 2023-12-14 10:44:05 [2@verone-HP-ProBook-440-G5]
4 secondes for "Changement de la structure de la base de données - glpi_rules" @ 2023-12-14 10:44:10 [2@verone-HP-ProBook-440-G5]
5 secondes for "Changement de la structure de la base de données - glpi_softwarecategories" @ 2023-12-14 10:44:22 [2@verone-HP-ProBook-440-G5]
12 secondes for "Changement de la structure de la base de données - glpi_softwarelicensetypes" @ 2023-12-14 10:44:30 [2@verone-HP-ProBook-440-G5]
8 secondes for "Changement de la structure de la base de données - glpi_slalevels" @ 2023-12-14 10:44:53 [2@verone-HP-ProBook-440-G5]
23 secondes for "Changement de la structure de la base de données - glpi_slas" @ 2023-12-14 10:45:02 [2@verone-HP-ProBook-440-G5]
9 secondes for "Changement de la structure de la base de données - glpi_ticketrecurrents" @ 2023-12-14 10:45:08 [2@verone-HP-ProBook-440-G5]
6 secondes for "Changement de la structure de la base de données - glpi_tickets_tickets" @ 2023-12-14 10:45:13 [2@verone-HP-ProBook-440-G5]
5 secondes for "Changement de la structure de la base de données - glpi_vlans" @ 2023-12-14 10:45:18 [2@verone-HP-ProBook-440-G5]
5 secondes for "Changement de la structure de la base de données - glpi_wifinetworks" @ 2023-12-14 10:45:34 [2@verone-HP-ProBook-440-G5]
16 secondes for "Changement de la structure de la base de données - glpi_lockedfields" @ 2023-12-14 10:45:52 [2@verone-HP-ProBook-440-G5]
18 secondes for "Changement de la structure de la base de données - glpi_notepads" @ 2023-12-14 10:46:27 [2@verone-HP-ProBook-440-G5]
35 secondes for "Changement de la structure de la base de données - glpi_projecttasks" @ 2023-12-14 10:46:33 [2@verone-HP-ProBook-440-G5]
6 secondes for "Changement de la structure de la base de données - glpi_objectlocks" @ 2023-12-14 10:46:51 [2@verone-HP-ProBook-440-G5]
18 secondes for "Changement de la structure de la base de données - glpi_knowbaseitems_revisions" @ 2023-12-14 10:46:53 [2@verone-HP-ProBook-440-G5]
2 secondes for "Changement de la structure de la base de données - glpi_slms" @ 2023-12-14 10:47:15 [2@verone-HP-ProBook-440-G5]
22 secondes for "Changement de la structure de la base de données - glpi_softwareversions" @ 2023-12-14 10:47:21 [2@verone-HP-ProBook-440-G5]
6 secondes for "Changement de la structure de la base de données - glpi_entities" @ 2023-12-14 10:49:03 [2@verone-HP-ProBook-440-G5]
1 minutes 42 secondes for "Changement de la structure de la base de données - glpi_tickettasks" @ 2023-12-14 10:50:18 [2@verone-HP-ProBook-440-G5]
1 minutes 15 secondes for "Valeur de configuration ajoutée pour default_central_tab, page_layout, fold_menu, fold_search, savedsearches_pinned, richtext_layout, user_restored_ldap, timeline_order, itil_layout, noreply_email, noreply_email_name, replyto_email, replyto_email_name, support_legacy_data, document_max_size, purge_refusedequipment, 0, planning_work_days (core)." @ 2023-12-14 10:50:19 [2@verone-HP-ProBook-440-G5]
1 seconde for "Valeur de configuration ajoutée pour enabled_inventory, import_software, import_volume, import_antivirus, import_registry, import_process, import_vm, import_monitor_on_partial_sn, component_processor, component_memory, component_harddrive, component_networkcard, component_graphiccard, component_soundcard, component_drive, component_networkdrive, component_networkcardvirtual, component_control, component_battery, component_simcard, states_id_default, location, group, vm_type, vm_components, vm_as_computer, component_removablemedia, component_powersupply, inventory_frequency, import_monitor, import_printer, import_peripheral, stale_agents_delay, stale_agents_action, stale_agents_status (inventory)." @ 2023-12-14 10:50:19 [2@verone-HP-ProBook-440-G5]
0 seconde for "Traitement terminé." @ 2024-02-28 17:22:17 [@verone-HP-ProBook-440-G5]
37 seconds for "Work in progress..." @ 2024-02-28 17:22:17 [@verone-HP-ProBook-440-G5]
0 seconds for "Add new configurations / user preferences" @ 2024-02-28 17:22:18 [@verone-HP-ProBook-440-G5]
1 seconds for "Drop old configurations / user preferences" @ 2024-02-28 17:22:21 [@verone-HP-ProBook-440-G5]
3 seconds for "Change of the database layout - glpi_contracts" @ 2024-02-28 17:22:21 [@verone-HP-ProBook-440-G5]
0 seconds for "Renaming "DeviceMotherBoardModel" itemtype to "DeviceMotherboardModel"..." @ 2024-02-28 17:22:22 [@verone-HP-ProBook-440-G5]
1 seconds for "Renaming "DeviceMotherBoardModel" itemtype to "DeviceMotherboardModel" in all tables..." @ 2024-02-28 17:22:24 [@verone-HP-ProBook-440-G5]
2 seconds for "Change of the database layout - glpi_domains" @ 2024-02-28 17:22:26 [@verone-HP-ProBook-440-G5]
2 seconds for "Change of the database layout - glpi_entities" @ 2024-02-28 17:22:26 [@verone-HP-ProBook-440-G5]
0 seconds for "Change of the database layout - glpi_entities" @ 2024-02-28 17:22:28 [@verone-HP-ProBook-440-G5]
2 seconds for "Change of the database layout - glpi_entities" @ 2024-02-28 17:22:28 [@verone-HP-ProBook-440-G5]
0 seconds for "Change of the database layout - glpi_entities" @ 2024-02-28 17:23:11 [@verone-HP-ProBook-440-G5]
43 seconds for "Change of the database layout - glpi_entities" @ 2024-02-28 17:23:22 [@verone-HP-ProBook-440-G5]
11 seconds for "Change of the database layout - glpi_entities" @ 2024-02-28 17:23:59 [@verone-HP-ProBook-440-G5]
37 seconds for "Change of the database layout - glpi_entities" @ 2024-02-28 17:24:42 [@verone-HP-ProBook-440-G5]
43 seconds for "Change of the database layout - glpi_entities" @ 2024-02-28 17:25:16 [@verone-HP-ProBook-440-G5]
34 seconds for "Change of the database layout - glpi_entities" @ 2024-02-28 17:30:39 [@verone-HP-ProBook-440-G5]
5 minutes 23 seconds for "Change of the database layout - glpi_entities" @ 2024-02-28 17:37:54 [@verone-HP-ProBook-440-G5]
7 minutes 15 seconds for "Change of the database layout - glpi_entities" @ 2024-02-28 17:38:16 [@verone-HP-ProBook-440-G5]
22 seconds for "Adding recurrent changes" @ 2024-02-28 17:38:36 [@verone-HP-ProBook-440-G5]
20 seconds for "Adding unicity key to reservationitem" @ 2024-02-28 17:38:38 [@verone-HP-ProBook-440-G5]
2 seconds for "Change of the database layout - glpi_ipaddresses" @ 2024-02-28 17:38:41 [@verone-HP-ProBook-440-G5]
3 seconds for "Change of the database layout - glpi_items_softwareversions" @ 2024-02-28 17:38:45 [@verone-HP-ProBook-440-G5]
4 seconds for "Change of the database layout - glpi_items_softwareversions" @ 2024-02-28 17:38:49 [@verone-HP-ProBook-440-G5]
4 seconds for "Change of the database layout - glpi_registeredids" @ 2024-02-28 17:38:53 [@verone-HP-ProBook-440-G5]
4 seconds for "Change of the database layout - glpi_appliances_items" @ 2024-02-28 17:38:59 [@verone-HP-ProBook-440-G5]
6 seconds for "Change of the database layout - glpi_appliances_items_relations" @ 2024-02-28 17:39:03 [@verone-HP-ProBook-440-G5]
4 seconds for "Change of the database layout - glpi_appliances_items_relations" @ 2024-02-28 17:39:09 [@verone-HP-ProBook-440-G5]
6 seconds for "Change of the database layout - glpi_certificates_items" @ 2024-02-28 17:39:15 [@verone-HP-ProBook-440-G5]
6 seconds for "Change of the database layout - glpi_changetemplatehiddenfields" @ 2024-02-28 17:39:21 [@verone-HP-ProBook-440-G5]
6 seconds for "Change of the database layout - glpi_changetemplatemandatoryfields" @ 2024-02-28 17:39:29 [@verone-HP-ProBook-440-G5]
8 seconds for "Change of the database layout - glpi_contracts_items" @ 2024-02-28 17:39:36 [@verone-HP-ProBook-440-G5]
7 seconds for "Change of the database layout - glpi_dashboards_rights" @ 2024-02-28 17:39:42 [@verone-HP-ProBook-440-G5]
6 seconds for "Change of the database layout - glpi_domains_items" @ 2024-02-28 17:39:45 [@verone-HP-ProBook-440-G5]
3 seconds for "Change of the database layout - glpi_domains_items" @ 2024-02-28 17:39:48 [@verone-HP-ProBook-440-G5]
3 seconds for "Change of the database layout - glpi_dropdowntranslations" @ 2024-02-28 17:40:10 [@verone-HP-ProBook-440-G5]
22 seconds for "Change of the database layout - glpi_entities" @ 2024-02-28 17:40:17 [@verone-HP-ProBook-440-G5]
7 seconds for "Change of the database layout - glpi_impactrelations" @ 2024-02-28 17:40:20 [@verone-HP-ProBook-440-G5]
3 seconds for "Change of the database layout - glpi_ipaddresses_ipnetworks" @ 2024-02-28 17:40:27 [@verone-HP-ProBook-440-G5]
7 seconds for "Change of the database layout - glpi_items_devicebatteries" @ 2024-02-28 17:40:30 [@verone-HP-ProBook-440-G5]
3 seconds for "Change of the database layout - glpi_items_devicecases" @ 2024-02-28 17:40:35 [@verone-HP-ProBook-440-G5]
5 seconds for "Change of the database layout - glpi_items_devicecontrols" @ 2024-02-28 17:40:38 [@verone-HP-ProBook-440-G5]
3 seconds for "Change of the database layout - glpi_items_devicedrives" @ 2024-02-28 17:40:41 [@verone-HP-ProBook-440-G5]
3 seconds for "Change of the database layout - glpi_items_devicefirmwares" @ 2024-02-28 17:40:47 [@verone-HP-ProBook-440-G5]
6 seconds for "Change of the database layout - glpi_items_devicegenerics" @ 2024-02-28 17:40:51 [@verone-HP-ProBook-440-G5]
4 seconds for "Change of the database layout - glpi_items_devicegraphiccards" @ 2024-02-28 17:40:57 [@verone-HP-ProBook-440-G5]
6 seconds for "Change of the database layout - glpi_items_deviceharddrives" @ 2024-02-28 17:41:01 [@verone-HP-ProBook-440-G5]
4 seconds for "Change of the database layout - glpi_items_devicememories" @ 2024-02-28 17:41:04 [@verone-HP-ProBook-440-G5]
3 seconds for "Change of the database layout - glpi_items_devicemotherboards" @ 2024-02-28 17:41:09 [@verone-HP-ProBook-440-G5]
5 seconds for "Change of the database layout - glpi_items_devicenetworkcards" @ 2024-02-28 17:41:12 [@verone-HP-ProBook-440-G5]
3 seconds for "Change of the database layout - glpi_items_devicepcis" @ 2024-02-28 17:41:17 [@verone-HP-ProBook-440-G5]
5 seconds for "Change of the database layout - glpi_items_devicepowersupplies" @ 2024-02-28 17:41:25 [@verone-HP-ProBook-440-G5]
8 seconds for "Change of the database layout - glpi_items_deviceprocessors" @ 2024-02-28 17:41:29 [@verone-HP-ProBook-440-G5]
4 seconds for "Change of the database layout - glpi_items_devicesensors" @ 2024-02-28 17:41:32 [@verone-HP-ProBook-440-G5]
3 seconds for "Change of the database layout - glpi_items_devicesoundcards" @ 2024-02-28 17:41:36 [@verone-HP-ProBook-440-G5]
4 seconds for "Change of the database layout - glpi_items_disks" @ 2024-02-28 17:41:42 [@verone-HP-ProBook-440-G5]
6 seconds for "Change of the database layout - glpi_items_disks" @ 2024-02-28 17:41:45 [@verone-HP-ProBook-440-G5]
3 seconds for "Change of the database layout - glpi_items_operatingsystems" @ 2024-02-28 17:41:49 [@verone-HP-ProBook-440-G5]
4 seconds for "Change of the database layout - glpi_items_softwarelicenses" @ 2024-02-28 17:41:52 [@verone-HP-ProBook-440-G5]
3 seconds for "Change of the database layout - glpi_items_softwarelicenses" @ 2024-02-28 17:41:57 [@verone-HP-ProBook-440-G5]
5 seconds for "Change of the database layout - glpi_items_softwareversions" @ 2024-02-28 17:42:01 [@verone-HP-ProBook-440-G5]
4 seconds for "Change of the database layout - glpi_items_softwareversions" @ 2024-02-28 17:42:06 [@verone-HP-ProBook-440-G5]
5 seconds for "Change of the database layout - glpi_items_softwareversions" @ 2024-02-28 17:42:10 [@verone-HP-ProBook-440-G5]
4 seconds for "Change of the database layout - glpi_itilfollowups" @ 2024-02-28 17:42:16 [@verone-HP-ProBook-440-G5]
6 seconds for "Change of the database layout - glpi_itilfollowups" @ 2024-02-28 17:42:19 [@verone-HP-ProBook-440-G5]
3 seconds for "Change of the database layout - glpi_itilsolutions" @ 2024-02-28 17:42:23 [@verone-HP-ProBook-440-G5]
4 seconds for "Change of the database layout - glpi_itilsolutions" @ 2024-02-28 17:42:30 [@verone-HP-ProBook-440-G5]
7 seconds for "Change of the database layout - glpi_knowbaseitemcategories" @ 2024-02-28 17:42:35 [@verone-HP-ProBook-440-G5]
5 seconds for "Change of the database layout - glpi_knowbaseitems_items" @ 2024-02-28 17:42:39 [@verone-HP-ProBook-440-G5]
4 seconds for "Change of the database layout - glpi_knowbaseitems_items" @ 2024-02-28 17:42:42 [@verone-HP-ProBook-440-G5]
3 seconds for "Change of the database layout - glpi_knowbaseitems_items" @ 2024-02-28 17:43:07 [@verone-HP-ProBook-440-G5]
25 seconds for "Change of the database layout - glpi_networknames" @ 2024-02-28 17:43:12 [@verone-HP-ProBook-440-G5]
5 seconds for "Change of the database layout - glpi_networkports" @ 2024-02-28 17:43:16 [@verone-HP-ProBook-440-G5]
4 seconds for "Change of the database layout - glpi_notifications_notificationtemplates" @ 2024-02-28 17:43:20 [@verone-HP-ProBook-440-G5]
4 seconds for "Change of the database layout - glpi_olalevels_tickets" @ 2024-02-28 17:43:24 [@verone-HP-ProBook-440-G5]
4 seconds for "Change of the database layout - glpi_problemtemplatehiddenfields" @ 2024-02-28 17:43:28 [@verone-HP-ProBook-440-G5]
4 seconds for "Change of the database layout - glpi_problemtemplatemandatoryfields" @ 2024-02-28 17:43:33 [@verone-HP-ProBook-440-G5]
5 seconds for "Change of the database layout - glpi_reservations" @ 2024-02-28 17:43:39 [@verone-HP-ProBook-440-G5]
6 seconds for "Change of the database layout - glpi_slalevels_tickets" @ 2024-02-28 17:43:43 [@verone-HP-ProBook-440-G5]
4 seconds for "Change of the database layout - glpi_tickettemplatehiddenfields" @ 2024-02-28 17:43:53 [@verone-HP-ProBook-440-G5]
10 seconds for "Change of the database layout - glpi_tickettemplatemandatoryfields" @ 2024-02-28 17:43:58 [@verone-HP-ProBook-440-G5]
5 seconds for "Change of the database layout - glpi_notepads" @ 2024-02-28 17:44:02 [@verone-HP-ProBook-440-G5]
4 seconds for "Change of the database layout - glpi_projecttasks" @ 2024-02-28 17:44:09 [@verone-HP-ProBook-440-G5]
7 seconds for "Change of the database layout - glpi_objectlocks" @ 2024-02-28 17:44:15 [@verone-HP-ProBook-440-G5]
6 seconds for "Change of the database layout - glpi_knowbaseitems_revisions" @ 2024-02-28 17:44:19 [@verone-HP-ProBook-440-G5]
4 seconds for "Change of the database layout - glpi_groups_knowbaseitems" @ 2024-02-28 17:44:43 [@verone-HP-ProBook-440-G5]
24 seconds for "Change of the database layout - glpi_groups_knowbaseitems" @ 2024-02-28 17:44:46 [@verone-HP-ProBook-440-G5]
3 seconds for "Change of the database layout - glpi_groups_reminders" @ 2024-02-28 17:45:10 [@verone-HP-ProBook-440-G5]
24 seconds for "Change of the database layout - glpi_groups_reminders" @ 2024-02-28 17:45:12 [@verone-HP-ProBook-440-G5]
2 seconds for "Change of the database layout - glpi_groups_rssfeeds" @ 2024-02-28 17:45:36 [@verone-HP-ProBook-440-G5]
24 seconds for "Change of the database layout - glpi_groups_rssfeeds" @ 2024-02-28 17:45:38 [@verone-HP-ProBook-440-G5]
2 seconds for "Change of the database layout - glpi_knowbaseitems_profiles" @ 2024-02-28 17:46:04 [@verone-HP-ProBook-440-G5]
26 seconds for "Change of the database layout - glpi_knowbaseitems_profiles" @ 2024-02-28 17:46:06 [@verone-HP-ProBook-440-G5]
2 seconds for "Change of the database layout - glpi_profiles_reminders" @ 2024-02-28 17:46:28 [@verone-HP-ProBook-440-G5]
22 seconds for "Change of the database layout - glpi_profiles_reminders" @ 2024-02-28 17:46:31 [@verone-HP-ProBook-440-G5]
3 seconds for "Change of the database layout - glpi_profiles_rssfeeds" @ 2024-02-28 17:47:12 [@verone-HP-ProBook-440-G5]
41 seconds for "Change of the database layout - glpi_profiles_rssfeeds" @ 2024-02-28 17:47:42 [@verone-HP-ProBook-440-G5]
30 seconds for "Change of the database layout - glpi_entities" @ 2024-02-28 17:48:02 [@verone-HP-ProBook-440-G5]
20 seconds for "Change of the database layout - glpi_transfers" @ 2024-02-28 17:49:32 [@verone-HP-ProBook-440-G5]
1 minutes 30 seconds for "Change of the database layout - glpi_transfers" @ 2024-02-28 17:50:15 [@verone-HP-ProBook-440-G5]
43 seconds for "Change of the database layout - glpi_states" @ 2024-02-28 17:50:19 [@verone-HP-ProBook-440-G5]
4 seconds for "Change of the database layout - glpi_networkportethernets" @ 2024-02-28 17:50:35 [@verone-HP-ProBook-440-G5]
16 seconds for "Change of the database layout - glpi_networkportfiberchannels" @ 2024-02-28 17:51:40 [@verone-HP-ProBook-440-G5]
1 minutes 5 seconds for "Change of the database layout - glpi_users" @ 2024-02-28 17:52:05 [@verone-HP-ProBook-440-G5]
25 seconds for "Change of the database layout - glpi_contacts" @ 2024-02-28 17:52:15 [@verone-HP-ProBook-440-G5]
10 seconds for "Change of the database layout - glpi_contracts" @ 2024-02-28 17:52:31 [@verone-HP-ProBook-440-G5]
16 seconds for "Change of the database layout - glpi_dashboards_dashboards" @ 2024-02-28 17:52:49 [@verone-HP-ProBook-440-G5]
18 seconds for "Change of the database layout - glpi_domainrecordtypes" @ 2024-02-28 17:53:09 [@verone-HP-ProBook-440-G5]
20 seconds for "Change of the database layout - glpi_domainrecords" @ 2024-02-28 17:53:34 [@verone-HP-ProBook-440-G5]
25 seconds for "Change of the database layout - glpi_domains" @ 2024-02-28 17:53:53 [@verone-HP-ProBook-440-G5]
19 seconds for "Change of the database layout - glpi_impactcontexts" @ 2024-02-28 17:53:56 [@verone-HP-ProBook-440-G5]
3 seconds for "Change of the database layout - glpi_phonemodels" @ 2024-02-28 17:53:59 [@verone-HP-ProBook-440-G5]
3 seconds for "Change of the database layout - glpi_printermodels" @ 2024-02-28 17:54:28 [@verone-HP-ProBook-440-G5]
29 seconds for "Change of the database layout - glpi_softwares" @ 2024-02-28 17:55:01 [@verone-HP-ProBook-440-G5]
33 seconds for "Change of the database layout - glpi_cartridgeitems" @ 2024-02-28 17:55:30 [@verone-HP-ProBook-440-G5]
29 seconds for "Change of the database layout - glpi_consumableitems" @ 2024-02-28 17:55:47 [@verone-HP-ProBook-440-G5]
17 seconds for "Change of the database layout - glpi_rackmodels" @ 2024-02-28 17:56:40 [@verone-HP-ProBook-440-G5]
53 seconds for "Change of the database layout - glpi_softwarelicenses" @ 2024-02-28 17:57:03 [@verone-HP-ProBook-440-G5]
23 seconds for "Change of the database layout - glpi_datacenters" @ 2024-02-28 17:57:22 [@verone-HP-ProBook-440-G5]
19 seconds for "Change of the database layout - glpi_suppliers" @ 2024-02-28 17:58:04 [@verone-HP-ProBook-440-G5]
42 seconds for "Change of the database layout - glpi_appliances" @ 2024-02-28 17:58:06 [@verone-HP-ProBook-440-G5]
2 seconds for "Change of the database layout - glpi_computermodels" @ 2024-02-28 17:58:08 [@verone-HP-ProBook-440-G5]
2 seconds for "Change of the database layout - glpi_enclosuremodels" @ 2024-02-28 17:58:11 [@verone-HP-ProBook-440-G5]
3 seconds for "Change of the database layout - glpi_monitormodels" @ 2024-02-28 17:58:14 [@verone-HP-ProBook-440-G5]
3 seconds for "Change of the database layout - glpi_networkequipmentmodels" @ 2024-02-28 17:58:17 [@verone-HP-ProBook-440-G5]
3 seconds for "Change of the database layout - glpi_passivedcequipmentmodels" @ 2024-02-28 17:58:38 [@verone-HP-ProBook-440-G5]
21 seconds for "Change of the database layout - glpi_pdumodels" @ 2024-02-28 17:58:41 [@verone-HP-ProBook-440-G5]
3 seconds for "Change of the database layout - glpi_peripheralmodels" @ 2024-02-28 17:59:00 [@verone-HP-ProBook-440-G5]
19 seconds for "Change of the database layout - glpi_authldaps" @ 2024-02-28 17:59:15 [@verone-HP-ProBook-440-G5]
15 seconds for "Change of the database layout - glpi_authldapreplicates" @ 2024-02-28 17:59:44 [@verone-HP-ProBook-440-G5]
29 seconds for "Change of the database layout - glpi_networkequipments" @ 2024-02-28 18:00:22 [@verone-HP-ProBook-440-G5]
38 seconds for "Change of the database layout - glpi_printers" @ 2024-02-28 18:00:26 [@verone-HP-ProBook-440-G5]
4 seconds for "Change of the database layout - glpi_computers" @ 2024-02-28 18:01:09 [@verone-HP-ProBook-440-G5]
43 seconds for "Change of the database layout - glpi_phones" @ 2024-02-28 18:01:43 [@verone-HP-ProBook-440-G5]
34 seconds for "Change of the database layout - glpi_databaseinstances" @ 2024-02-28 18:02:22 [@verone-HP-ProBook-440-G5]
39 seconds for "Change of the database layout - glpi_monitors" @ 2024-02-28 18:03:08 [@verone-HP-ProBook-440-G5]
46 seconds for "Change of the database layout - glpi_peripherals" @ 2024-02-28 18:03:13 [@verone-HP-ProBook-440-G5]
5 seconds for "Change of the database layout - glpi_reservationitems" @ 2024-02-28 18:03:17 [@verone-HP-ProBook-440-G5]
4 seconds for "Adding unicity indices - glpi_reservationitems" @ 2024-02-28 18:03:20 [@verone-HP-ProBook-440-G5]
3 seconds for "Change of the database layout - glpi_savedsearches_alerts" @ 2024-02-28 18:03:53 [@verone-HP-ProBook-440-G5]
33 seconds for "Change of the database layout - glpi_savedsearches" @ 2024-02-28 18:04:10 [@verone-HP-ProBook-440-G5]
17 seconds for "Change of the database layout - glpi_apiclients" @ 2024-02-28 18:04:12 [@verone-HP-ProBook-440-G5]
2 seconds for "Change of the database layout - glpi_applianceenvironments" @ 2024-02-28 18:04:18 [@verone-HP-ProBook-440-G5]
6 seconds for "Change of the database layout - glpi_appliancetypes" @ 2024-02-28 18:04:21 [@verone-HP-ProBook-440-G5]
3 seconds for "Change of the database layout - glpi_devicesimcards" @ 2024-02-28 18:04:40 [@verone-HP-ProBook-440-G5]
19 seconds for "Change of the database layout - glpi_knowbaseitems_comments" @ 2024-02-28 18:05:09 [@verone-HP-ProBook-440-G5]
29 seconds for "Change of the database layout - glpi_lines" @ 2024-02-28 18:05:24 [@verone-HP-ProBook-440-G5]
15 seconds for "Change of the database layout - glpi_rulerightparameters" @ 2024-02-28 18:05:43 [@verone-HP-ProBook-440-G5]
19 seconds for "Change of the database layout - glpi_ssovariables" @ 2024-02-28 18:05:57 [@verone-HP-ProBook-440-G5]
14 seconds for "Change of the database layout - glpi_virtualmachinestates" @ 2024-02-28 18:06:09 [@verone-HP-ProBook-440-G5]
12 seconds for "Change of the database layout - glpi_virtualmachinesystems" @ 2024-02-28 18:06:21 [@verone-HP-ProBook-440-G5]
12 seconds for "Change of the database layout - glpi_virtualmachinetypes" @ 2024-02-28 18:06:41 [@verone-HP-ProBook-440-G5]
20 seconds for "Change of the database layout - glpi_alerts" @ 2024-02-28 18:15:08 [@verone-HP-ProBook-440-G5]
8 minutes 27 seconds for "Change of the database layout - glpi_crontasklogs" @ 2024-02-28 18:15:37 [@verone-HP-ProBook-440-G5]
28 seconds for "Change of the database layout - glpi_notimportedemails" @ 2024-02-28 18:15:56 [@verone-HP-ProBook-440-G5]
19 seconds for "Change of the database layout - glpi_authmails" @ 2024-02-28 18:16:03 [@verone-HP-ProBook-440-G5]
7 seconds for "Change of the database layout - glpi_blacklistedmailcontents" @ 2024-02-28 18:16:11 [@verone-HP-ProBook-440-G5]
8 seconds for "Change of the database layout - glpi_businesscriticities" @ 2024-02-28 18:16:22 [@verone-HP-ProBook-440-G5]
11 seconds for "Change of the database layout - glpi_calendarsegments" @ 2024-02-28 18:16:27 [@verone-HP-ProBook-440-G5]
5 seconds for "Change of the database layout - glpi_certificates" @ 2024-02-28 18:16:42 [@verone-HP-ProBook-440-G5]
15 seconds for "Change of the database layout - glpi_clusters" @ 2024-02-28 18:16:48 [@verone-HP-ProBook-440-G5]
6 seconds for "Change of the database layout - glpi_computerantiviruses" @ 2024-02-28 18:16:54 [@verone-HP-ProBook-440-G5]
6 seconds for "Change of the database layout - glpi_computervirtualmachines" @ 2024-02-28 18:17:01 [@verone-HP-ProBook-440-G5]
7 seconds for "Change of the database layout - glpi_configs" @ 2024-02-28 18:17:09 [@verone-HP-ProBook-440-G5]
8 seconds for "Change of the database layout - glpi_crontasks" @ 2024-02-28 18:17:13 [@verone-HP-ProBook-440-G5]
4 seconds for "Change of the database layout - glpi_dashboards_rights" @ 2024-02-28 18:17:26 [@verone-HP-ProBook-440-G5]
13 seconds for "Change of the database layout - glpi_dcrooms" @ 2024-02-28 18:17:31 [@verone-HP-ProBook-440-G5]
5 seconds for "Change of the database layout - glpi_devicesensors" @ 2024-02-28 18:17:36 [@verone-HP-ProBook-440-G5]
5 seconds for "Change of the database layout - glpi_documents" @ 2024-02-28 18:17:52 [@verone-HP-ProBook-440-G5]
16 seconds for "Change of the database layout - glpi_documents_items" @ 2024-02-28 18:18:02 [@verone-HP-ProBook-440-G5]
10 seconds for "Change of the database layout - glpi_domainrelations" @ 2024-02-28 18:18:12 [@verone-HP-ProBook-440-G5]
10 seconds for "Change of the database layout - glpi_domaintypes" @ 2024-02-28 18:18:23 [@verone-HP-ProBook-440-G5]
11 seconds for "Change of the database layout - glpi_enclosures" @ 2024-02-28 18:18:31 [@verone-HP-ProBook-440-G5]
8 seconds for "Change of the database layout - glpi_fieldblacklists" @ 2024-02-28 18:18:54 [@verone-HP-ProBook-440-G5]
23 seconds for "Change of the database layout - glpi_fieldunicities" @ 2024-02-28 18:18:59 [@verone-HP-ProBook-440-G5]
5 seconds for "Change of the database layout - glpi_groups" @ 2024-02-28 18:19:07 [@verone-HP-ProBook-440-G5]
8 seconds for "Change of the database layout - glpi_groups_users" @ 2024-02-28 18:19:18 [@verone-HP-ProBook-440-G5]
11 seconds for "Change of the database layout - glpi_holidays" @ 2024-02-28 18:19:25 [@verone-HP-ProBook-440-G5]
7 seconds for "Change of the database layout - glpi_impactcompounds" @ 2024-02-28 18:19:28 [@verone-HP-ProBook-440-G5]
3 seconds for "Change of the database layout - glpi_ipaddresses" @ 2024-02-28 18:19:37 [@verone-HP-ProBook-440-G5]
9 seconds for "Change of the database layout - glpi_ipnetworks" @ 2024-02-28 18:19:43 [@verone-HP-ProBook-440-G5]
6 seconds for "Change of the database layout - glpi_ipnetworks_vlans" @ 2024-02-28 18:19:52 [@verone-HP-ProBook-440-G5]
9 seconds for "Change of the database layout - glpi_items_devicebatteries" @ 2024-02-28 18:20:01 [@verone-HP-ProBook-440-G5]
9 seconds for "Change of the database layout - glpi_items_devicefirmwares" @ 2024-02-28 18:20:09 [@verone-HP-ProBook-440-G5]
8 seconds for "Change of the database layout - glpi_items_devicegenerics" @ 2024-02-28 18:20:17 [@verone-HP-ProBook-440-G5]
8 seconds for "Change of the database layout - glpi_items_devicesensors" @ 2024-02-28 18:20:29 [@verone-HP-ProBook-440-G5]
12 seconds for "Change of the database layout - glpi_items_kanbans" @ 2024-02-28 18:20:38 [@verone-HP-ProBook-440-G5]
9 seconds for "Change of the database layout - glpi_items_operatingsystems" @ 2024-02-28 18:20:48 [@verone-HP-ProBook-440-G5]
10 seconds for "Change of the database layout - glpi_items_softwareversions" @ 2024-02-28 18:20:56 [@verone-HP-ProBook-440-G5]
8 seconds for "Change of the database layout - glpi_itilsolutions" @ 2024-02-28 18:20:59 [@verone-HP-ProBook-440-G5]
3 seconds for "Change of the database layout - glpi_knowbaseitemcategories" @ 2024-02-28 18:21:07 [@verone-HP-ProBook-440-G5]
8 seconds for "Change of the database layout - glpi_knowbaseitems_items" @ 2024-02-28 18:21:17 [@verone-HP-ProBook-440-G5]
10 seconds for "Change of the database layout - glpi_knowbaseitemtranslations" @ 2024-02-28 18:21:25 [@verone-HP-ProBook-440-G5]
8 seconds for "Change of the database layout - glpi_links" @ 2024-02-28 18:21:31 [@verone-HP-ProBook-440-G5]
6 seconds for "Change of the database layout - glpi_mailcollectors" @ 2024-02-28 18:21:37 [@verone-HP-ProBook-440-G5]
6 seconds for "Change of the database layout - glpi_manuallinks" @ 2024-02-28 18:21:42 [@verone-HP-ProBook-440-G5]
5 seconds for "Change of the database layout - glpi_networkaliases" @ 2024-02-28 18:21:47 [@verone-HP-ProBook-440-G5]
5 seconds for "Change of the database layout - glpi_networkports" @ 2024-02-28 18:21:55 [@verone-HP-ProBook-440-G5]
8 seconds for "Change of the database layout - glpi_networkportwifis" @ 2024-02-28 18:22:07 [@verone-HP-ProBook-440-G5]
12 seconds for "Change of the database layout - glpi_olalevels" @ 2024-02-28 18:22:27 [@verone-HP-ProBook-440-G5]
20 seconds for "Change of the database layout - glpi_olas" @ 2024-02-28 18:22:35 [@verone-HP-ProBook-440-G5]
8 seconds for "Change of the database layout - glpi_operatingsystemeditions" @ 2024-02-28 18:22:42 [@verone-HP-ProBook-440-G5]
7 seconds for "Change of the database layout - glpi_operatingsystemkernels" @ 2024-02-28 18:22:50 [@verone-HP-ProBook-440-G5]
8 seconds for "Change of the database layout - glpi_operatingsystemkernelversions" @ 2024-02-28 18:23:01 [@verone-HP-ProBook-440-G5]
11 seconds for "Change of the database layout - glpi_passivedcequipments" @ 2024-02-28 18:23:14 [@verone-HP-ProBook-440-G5]
13 seconds for "Change of the database layout - glpi_pdus" @ 2024-02-28 18:23:22 [@verone-HP-ProBook-440-G5]
8 seconds for "Change of the database layout - glpi_pdus_plugs" @ 2024-02-28 18:23:35 [@verone-HP-ProBook-440-G5]
13 seconds for "Change of the database layout - glpi_pdus_racks" @ 2024-02-28 18:23:42 [@verone-HP-ProBook-440-G5]
7 seconds for "Change of the database layout - glpi_planningexternalevents" @ 2024-02-28 18:23:46 [@verone-HP-ProBook-440-G5]
4 seconds for "Change of the database layout - glpi_planningexternaleventtemplates" @ 2024-02-28 18:23:51 [@verone-HP-ProBook-440-G5]
5 seconds for "Change of the database layout - glpi_plugins" @ 2024-02-28 18:23:58 [@verone-HP-ProBook-440-G5]
7 seconds for "Change of the database layout - glpi_profilerights" @ 2024-02-28 18:24:02 [@verone-HP-ProBook-440-G5]
4 seconds for "Change of the database layout - glpi_profiles" @ 2024-02-28 18:24:06 [@verone-HP-ProBook-440-G5]
4 seconds for "Change of the database layout - glpi_projects" @ 2024-02-28 18:24:14 [@verone-HP-ProBook-440-G5]
8 seconds for "Change of the database layout - glpi_queuednotifications" @ 2024-02-28 18:24:28 [@verone-HP-ProBook-440-G5]
14 seconds for "Change of the database layout - glpi_racks" @ 2024-02-28 18:24:37 [@verone-HP-ProBook-440-G5]
9 seconds for "Change of the database layout - glpi_recurrentchanges" @ 2024-02-28 18:24:42 [@verone-HP-ProBook-440-G5]
5 seconds for "Change of the database layout - glpi_refusedequipments" @ 2024-02-28 18:24:46 [@verone-HP-ProBook-440-G5]
4 seconds for "Change of the database layout - glpi_registeredids" @ 2024-02-28 18:24:58 [@verone-HP-ProBook-440-G5]
12 seconds for "Change of the database layout - glpi_remindertranslations" @ 2024-02-28 18:25:03 [@verone-HP-ProBook-440-G5]
5 seconds for "Change of the database layout - glpi_reminders" @ 2024-02-28 18:25:10 [@verone-HP-ProBook-440-G5]
7 seconds for "Change of the database layout - glpi_rules" @ 2024-02-28 18:25:17 [@verone-HP-ProBook-440-G5]
7 seconds for "Change of the database layout - glpi_softwarecategories" @ 2024-02-28 18:25:26 [@verone-HP-ProBook-440-G5]
9 seconds for "Change of the database layout - glpi_softwarelicensetypes" @ 2024-02-28 18:25:36 [@verone-HP-ProBook-440-G5]
10 seconds for "Change of the database layout - glpi_slalevels" @ 2024-02-28 18:25:56 [@verone-HP-ProBook-440-G5]
20 seconds for "Change of the database layout - glpi_slas" @ 2024-02-28 18:26:05 [@verone-HP-ProBook-440-G5]
9 seconds for "Change of the database layout - glpi_ticketrecurrents" @ 2024-02-28 18:26:11 [@verone-HP-ProBook-440-G5]
6 seconds for "Change of the database layout - glpi_tickets_tickets" @ 2024-02-28 18:26:17 [@verone-HP-ProBook-440-G5]
6 seconds for "Change of the database layout - glpi_vlans" @ 2024-02-28 18:26:25 [@verone-HP-ProBook-440-G5]
8 seconds for "Change of the database layout - glpi_wifinetworks" @ 2024-02-28 18:26:40 [@verone-HP-ProBook-440-G5]
15 seconds for "Change of the database layout - glpi_lockedfields" @ 2024-02-28 18:27:02 [@verone-HP-ProBook-440-G5]
22 seconds for "Change of the database layout - glpi_notepads" @ 2024-02-28 18:27:36 [@verone-HP-ProBook-440-G5]
34 seconds for "Change of the database layout - glpi_projecttasks" @ 2024-02-28 18:27:42 [@verone-HP-ProBook-440-G5]
6 seconds for "Change of the database layout - glpi_objectlocks" @ 2024-02-28 18:28:04 [@verone-HP-ProBook-440-G5]
22 seconds for "Change of the database layout - glpi_knowbaseitems_revisions" @ 2024-02-28 18:28:06 [@verone-HP-ProBook-440-G5]
2 seconds for "Change of the database layout - glpi_slms" @ 2024-02-28 18:28:31 [@verone-HP-ProBook-440-G5]
25 seconds for "Change of the database layout - glpi_softwareversions" @ 2024-02-28 18:28:38 [@verone-HP-ProBook-440-G5]
7 seconds for "Change of the database layout - glpi_entities" @ 2024-02-28 18:30:09 [@verone-HP-ProBook-440-G5]
1 minutes 31 seconds for "Change of the database layout - glpi_tickettasks" @ 2024-02-28 18:31:22 [@verone-HP-ProBook-440-G5]
1 minutes 13 seconds for "Configuration values added for default_central_tab, page_layout, fold_menu, fold_search, savedsearches_pinned, richtext_layout, user_restored_ldap, timeline_order, itil_layout, noreply_email, noreply_email_name, replyto_email, replyto_email_name, support_legacy_data, document_max_size, purge_refusedequipment, 0, planning_work_days (core)." @ 2024-02-28 18:31:24 [@verone-HP-ProBook-440-G5]
2 seconds for "Configuration values added for enabled_inventory, import_software, import_volume, import_antivirus, import_registry, import_process, import_vm, import_monitor_on_partial_sn, component_processor, component_memory, component_harddrive, component_networkcard, component_graphiccard, component_soundcard, component_drive, component_networkdrive, component_networkcardvirtual, component_control, component_battery, component_simcard, states_id_default, location, group, vm_type, vm_components, vm_as_computer, component_removablemedia, component_powersupply, inventory_frequency, import_monitor, import_printer, import_peripheral, stale_agents_delay, stale_agents_action, stale_agents_status (inventory)." @ 2024-02-28 18:31:24 [@verone-HP-ProBook-440-G5]
0 seconds for "Task Completed." @ 