2023-12-12 19:54:29 [2@verone-HP-ProBook-440-G5]
50 secondes for "Traitement en cours..." @ 2023-12-12 19:58:13 [2@verone-HP-ProBook-440-G5]
3 minutes 44 secondes for "Changement de la structure de la base de données - glpi_tickets" @ 2023-12-12 19:58:15 [2@verone-HP-ProBook-440-G5]
2 secondes for "Changement de la structure de la base de données - glpi_computers" @ 2023-12-12 19:58:17 [2@verone-HP-ProBook-440-G5]
2 secondes for "Changement de la structure de la base de données - glpi_dashboards_items" @ 2023-12-12 19:58:35 [2@verone-HP-ProBook-440-G5]
18 secondes for "Changement de la structure de la base de données - glpi_items_remotemanagements" @ 2023-12-12 19:58:55 [2@verone-HP-ProBook-440-G5]
20 secondes for "Changement de la structure de la base de données - glpi_items_devicecameras_imageresolutions" @ 2023-12-12 19:59:12 [2@verone-HP-ProBook-440-G5]
17 secondes for "Changement de la structure de la base de données - glpi_items_devicecameras_imageformats" @ 2023-12-12 19:59:17 [2@verone-HP-ProBook-440-G5]
5 secondes for "Changement de la structure de la base de données - glpi_items_operatingsystems" @ 2023-12-12 19:59:20 [2@verone-HP-ProBook-440-G5]
3 secondes for "Changement de la structure de la base de données - glpi_agents" @ 2023-12-12 19:59:20 [2@verone-HP-ProBook-440-G5]
0 seconde for "Traitement terminé." @ 2023-12-14 10:51:50 [2@verone-HP-ProBook-440-G5]
30 secondes for "Traitement en cours..." @ 2023-12-14 10:54:38 [2@verone-HP-ProBook-440-G5]
2 minutes 48 secondes for "Changement de la structure de la base de données - glpi_tickets" @ 2023-12-14 10:54:43 [2@verone-HP-ProBook-440-G5]
5 secondes for "Changement de la structure de la base de données - glpi_computers" @ 2023-12-14 10:54:45 [2@verone-HP-ProBook-440-G5]
2 secondes for "Changement de la structure de la base de données - glpi_dashboards_items" @ 2023-12-14 10:54:59 [2@verone-HP-ProBook-440-G5]
14 secondes for "Changement de la structure de la base de données - glpi_items_remotemanagements" @ 2023-12-14 10:55:13 [2@verone-HP-ProBook-440-G5]
14 secondes for "Changement de la structure de la base de données - glpi_items_devicecameras_imageresolutions" @ 2023-12-14 10:55:28 [2@verone-HP-ProBook-440-G5]
15 secondes for "Changement de la structure de la base de données - glpi_items_devicecameras_imageformats" @ 2023-12-14 10:55:29 [2@verone-HP-ProBook-440-G5]
1 seconde for "Changement de la structure de la base de données - glpi_items_operatingsystems" @ 2023-12-14 10:55:31 [2@verone-HP-ProBook-440-G5]
2 secondes for "Changement de la structure de la base de données - glpi_agents" @ 2023-12-14 10:55:31 [2@verone-HP-ProBook-440-G5]
0 seconde for "Traitement terminé." @ 2024-02-28 18:33:05 [@verone-HP-ProBook-440-G5]
31 seconds for "Work in progress..." @ 2024-02-28 18:36:03 [@verone-HP-ProBook-440-G5]
2 minutes 58 seconds for "Change of the database layout - glpi_tickets" @ 2024-02-28 18:36:07 [@verone-HP-ProBook-440-G5]
4 seconds for "Change of the database layout - glpi_computers" @ 2024-02-28 18:36:11 [@verone-HP-ProBook-440-G5]
4 seconds for "Change of the database layout - glpi_dashboards_items" @ 2024-02-28 18:36:24 [@verone-HP-ProBook-440-G5]
13 seconds for "Change of the database layout - glpi_items_remotemanagements" @ 2024-02-28 18:36:39 [@verone-HP-ProBook-440-G5]
15 seconds for "Change of the database layout - glpi_items_devicecameras_imageresolutions" @ 2024-02-28 18:36:54 [@verone-HP-ProBook-440-G5]
15 seconds for "Change of the database layout - glpi_items_devicecameras_imageformats" @ 2024-02-28 18:36:56 [@verone-HP-ProBook-440-G5]
2 seconds for "Change of the database layout - glpi_items_operatingsystems" @ 2024-02-28 18:36:58 [@verone-HP-ProBook-440-G5]
2 seconds for "Change of the database layout - glpi_agents" @ 2024-02-28 18:36:59 [@verone-HP-ProBook-440-G5]
1 seconds for "Task Completed." @ 