2024-06-06 15:48:24 [@DESKTOP-Q1751HI]
[login] 3: Connexion échouée de  depuis l'IP ::1
2024-06-06 15:48:34 [@DESKTOP-Q1751HI]
[login] 3: glpi se connecte depuis l'IP ::1
2024-06-10 16:23:44 [2@DESKTOP-Q1751HI]
[setup] [Plugin 321061] 3: Tous les plugins ont été désactivés.
2024-06-13 14:19:07 [@DESKTOP-Q1751HI]
[login] 3: Connexion échouée de  depuis l'IP ::1
2024-06-13 14:19:30 [2@DESKTOP-Q1751HI]
[login] 3: glpi se connecte depuis l'IP ::1
2024-06-18 09:15:16 [@DESKTOP-Q1751HI]
[login] 3: glpi se connecte depuis l'IP ::1
2024-06-18 10:36:38 [2@DESKTOP-Q1751HI]
[login] 3: glpi se connecte depuis l'IP ::1
2024-06-19 09:31:34 [2@DESKTOP-Q1751HI]
[login] 3: glpi se connecte depuis l'IP ::1
2024-06-19 12:41:01 [@DESKTOP-Q1751HI]
[login] 3: Connexion échouée de  depuis l'IP ::1
2024-06-20 16:57:06 [@DESKTOP-Q1751HI]
[login] 3: glpi se connecte depuis l'IP ::1
2024-06-20 17:51:16 [2@DESKTOP-Q1751HI]
[login] 3: glpi se connecte depuis l'IP ::1
2024-06-21 09:39:42 [@DESKTOP-Q1751HI]
[login] 3: glpi se connecte depuis l'IP ::1
