2024-06-10 16:23:49 [2@DESKTOP-Q1751HI]
0 seconde for "Traitement en cours..."
2024-06-10 16:23:50 [2@DESKTOP-Q1751HI]
1 seconde for "Add new configurations / user preferences"
2024-06-10 16:23:50 [2@DESKTOP-Q1751HI]
0 seconde for "Changement de la structure de la base de données - glpi_computervirtualmachines"
2024-06-10 16:23:50 [2@DESKTOP-Q1751HI]
0 seconde for "Changement de la structure de la base de données - glpi_networkequipments"
2024-06-10 16:23:50 [2@DESKTOP-Q1751HI]
0 seconde for "Migration de données - glpi_displaypreferences"
2024-06-10 16:23:50 [2@DESKTOP-Q1751HI]
0 seconde for "Changement de la structure de la base de données - glpi_changes"
2024-06-10 16:23:50 [2@DESKTOP-Q1751HI]
0 seconde for "Changement de la structure de la base de données - glpi_users"
2024-06-10 16:23:50 [2@DESKTOP-Q1751HI]
0 seconde for "Changement de la structure de la base de données - glpi_networkportfiberchannels"
2024-06-10 16:23:50 [2@DESKTOP-Q1751HI]
0 seconde for "Changement de la structure de la base de données - glpi_problems"
2024-06-10 16:23:50 [2@DESKTOP-Q1751HI]
0 seconde for "Changement de la structure de la base de données - glpi_queuednotifications"
2024-06-10 16:23:51 [2@DESKTOP-Q1751HI]
1 seconde for "Changement de la structure de la base de données - glpi_computervirtualmachines"
2024-06-10 16:23:52 [2@DESKTOP-Q1751HI]
1 seconde for "Changement de la structure de la base de données - glpi_networkequipments"
2024-06-10 16:23:52 [2@DESKTOP-Q1751HI]
0 seconde for "Valeur de configuration ajoutée pour use_flat_dropdowntree_on_search_result (core)."
2024-06-10 16:23:52 [2@DESKTOP-Q1751HI]
0 seconde for "Traitement terminé."
