2024-06-10 15:42:25 [2@DESKTOP-Q1751HI]
0 seconde for "Traitement en cours..."
2024-06-10 15:42:26 [2@DESKTOP-Q1751HI]
1 seconde for "Add new configurations / user preferences"
2024-06-10 15:42:26 [2@DESKTOP-Q1751HI]
0 seconde for "Migration de données - glpi_displaypreferences"
2024-06-10 15:42:26 [2@DESKTOP-Q1751HI]
0 seconde for "Changement de la structure de la base de données - glpi_appliances"
2024-06-10 15:42:26 [2@DESKTOP-Q1751HI]
0 seconde for "Changement de la structure de la base de données - glpi_cables"
2024-06-10 15:43:00 [2@DESKTOP-Q1751HI]
0 seconde for "Traitement en cours..."
2024-06-10 15:43:00 [2@DESKTOP-Q1751HI]
0 seconde for "Add new configurations / user preferences"
2024-06-10 15:43:00 [2@DESKTOP-Q1751HI]
0 seconde for "Migration de données - glpi_displaypreferences"
2024-06-10 15:49:51 [2@DESKTOP-Q1751HI]
0 seconde for "Traitement en cours..."
2024-06-10 15:49:51 [2@DESKTOP-Q1751HI]
0 seconde for "Add new configurations / user preferences"
2024-06-10 15:49:51 [2@DESKTOP-Q1751HI]
0 seconde for "Migration de données - glpi_displaypreferences"
2024-06-10 16:23:44 [2@DESKTOP-Q1751HI]
0 seconde for "Traitement en cours..."
2024-06-10 16:23:45 [2@DESKTOP-Q1751HI]
1 seconde for "Add new configurations / user preferences"
2024-06-10 16:23:45 [2@DESKTOP-Q1751HI]
0 seconde for "Migration de données - glpi_displaypreferences"
2024-06-10 16:23:45 [2@DESKTOP-Q1751HI]
0 seconde for "Changement de la structure de la base de données - glpi_appliances"
2024-06-10 16:23:45 [2@DESKTOP-Q1751HI]
0 seconde for "Changement de la structure de la base de données - glpi_cables"
2024-06-10 16:23:45 [2@DESKTOP-Q1751HI]
0 seconde for "Changement de la structure de la base de données - glpi_users"
2024-06-10 16:23:45 [2@DESKTOP-Q1751HI]
0 seconde for "Changement de la structure de la base de données - glpi_items_devicesimcards"
2024-06-10 16:23:45 [2@DESKTOP-Q1751HI]
0 seconde for "Changement de la structure de la base de données - glpi_transfers"
2024-06-10 16:23:46 [2@DESKTOP-Q1751HI]
1 seconde for "Changement de la structure de la base de données - glpi_unmanageds"
2024-06-10 16:23:46 [2@DESKTOP-Q1751HI]
0 seconde for "Valeur de configuration ajoutée pour timeline_action_btn_layout, timeline_date_format, initialized_rules_collections (core)."
2024-06-10 16:23:46 [2@DESKTOP-Q1751HI]
0 seconde for "Valeur de configuration ajoutée pour entities_id_default, import_unmanaged (inventory)."
2024-06-10 16:23:46 [2@DESKTOP-Q1751HI]
0 seconde for "Traitement terminé."
